<?xml version="1.0" encoding="UTF-8"?>
<!-- Generated by org.testng.reporters.JUnitXMLReporter -->
<testsuite hostname="DmitryFRAMEWORK" ignored="0" name="Default test" tests="31" failures="0" timestamp="23 Feb 2017 21:48:15 GMT" time="154.047" errors="0">
  <testcase name="Dynamic text (quote)" time="2.658" classname="core.ElementsValidationTest"/>
  <testcase name="Page title (Sing Up)" time="2.16" classname="core.ElementsValidationTest"/>
  <testcase name="text (current location)" time="1.987" classname="core.ElementsValidationTest"/>
  <testcase name="Image (weather icon)" time="1.94" classname="core.ElementsValidationTest"/>
  <testcase name="Dynamic text (temperature)" time="1.973" classname="core.ElementsValidationTest"/>
  <testcase name="Label (first name)" time="2.055" classname="core.ElementsValidationTest"/>
  <testcase name="Field (first name)" time="2.019" classname="core.ElementsValidationTest"/>
  <testcase name="Label (last name)" time="2.319" classname="core.ElementsValidationTest"/>
  <testcase name="Field (last name)" time="2.318" classname="core.ElementsValidationTest"/>
  <testcase name="Label (email address)" time="2.042" classname="core.ElementsValidationTest"/>
  <testcase name="Field (email address)" time="1.945" classname="core.ElementsValidationTest"/>
  <testcase name="Label (phone number)" time="1.934" classname="core.ElementsValidationTest"/>
  <testcase name="Field (phone number)" time="2.039" classname="core.ElementsValidationTest"/>
  <testcase name="Label (radio male)" time="1.903" classname="core.ElementsValidationTest"/>
  <testcase name="Radio Button (male)" time="1.986" classname="core.ElementsValidationTest"/>
  <testcase name="Label (radio female)" time="2.248" classname="core.ElementsValidationTest"/>
  <testcase name="Radio Button (female)" time="1.918" classname="core.ElementsValidationTest"/>
  <testcase name="Label (state)" time="1.919" classname="core.ElementsValidationTest"/>
  <testcase name="Drop-down List (state)" time="1.868" classname="core.ElementsValidationTest"/>
  <testcase name="Label (I agree to the Terms)" time="1.884" classname="core.ElementsValidationTest"/>
  <testcase name="Checkbox (terms)" time="1.958" classname="core.ElementsValidationTest"/>
  <testcase name="Image (facebook)" time="2.234" classname="core.ElementsValidationTest"/>
  <testcase name="Image (twitter)" time="2.203" classname="core.ElementsValidationTest"/>
  <testcase name="Image (flickr)" time="2.019" classname="core.ElementsValidationTest"/>
  <testcase name="Image (youtube)" time="2.04" classname="core.ElementsValidationTest"/>
  <testcase name="Button (Reset)" time="2.002" classname="core.ElementsValidationTest"/>
  <testcase name="Button (Submit)" time="2.019" classname="core.ElementsValidationTest"/>
  <testcase name="Dynamic text (todayâ€™s date)" time="1.971" classname="core.ElementsValidationTest"/>
  <testcase name="Dynamic text (copyright)" time="1.975" classname="core.ElementsValidationTest"/>
  <testcase name="Dynamic text (os &amp; browser)" time="1.987" classname="core.ElementsValidationTest"/>
  <testcase name="Page title (Confirmation)" time="2.507" classname="core.ElementsValidationTest"/>
</testsuite> <!-- Default test -->
