<?xml version="1.0" encoding="UTF-8"?>
<!-- Generated by org.testng.reporters.JUnitXMLReporter -->
<testsuite hostname="DmitryFRAMEWORK" ignored="0" name="Default test" tests="30" failures="0" timestamp="25 Feb 2017 04:03:28 GMT" time="16.015" errors="0">
  <testcase name="Dynamic text (quote)" time="11.297" classname="core.ElementsValidationTest2"/>
  <testcase name="Page title (Sing Up)" time="0.11" classname="core.ElementsValidationTest2"/>
  <testcase name="text (current location)" time="0.127" classname="core.ElementsValidationTest2"/>
  <testcase name="Image (weather icon)" time="0.084" classname="core.ElementsValidationTest2"/>
  <testcase name="Dynamic text (temperature)" time="0.098" classname="core.ElementsValidationTest2"/>
  <testcase name="Label (first name)" time="0.072" classname="core.ElementsValidationTest2"/>
  <testcase name="Field (first name)" time="0.086" classname="core.ElementsValidationTest2"/>
  <testcase name="Label (last name)" time="0.07" classname="core.ElementsValidationTest2"/>
  <testcase name="Field (last name)" time="0.074" classname="core.ElementsValidationTest2"/>
  <testcase name="Label (email address)" time="0.065" classname="core.ElementsValidationTest2"/>
  <testcase name="Field (email address)" time="0.206" classname="core.ElementsValidationTest2"/>
  <testcase name="Label (phone number)" time="0.063" classname="core.ElementsValidationTest2"/>
  <testcase name="Field (phone number)" time="0.086" classname="core.ElementsValidationTest2"/>
  <testcase name="Label (radio male)" time="0.104" classname="core.ElementsValidationTest2"/>
  <testcase name="Radio Button (male)" time="0.064" classname="core.ElementsValidationTest2"/>
  <testcase name="Label (radio female)" time="0.17" classname="core.ElementsValidationTest2"/>
  <testcase name="Radio Button (female)" time="0.083" classname="core.ElementsValidationTest2"/>
  <testcase name="Label (state)" time="0.073" classname="core.ElementsValidationTest2"/>
  <testcase name="Drop-down List (state)" time="0.124" classname="core.ElementsValidationTest2"/>
  <testcase name="Label (I agree to the Terms)" time="0.062" classname="core.ElementsValidationTest2"/>
  <testcase name="Checkbox (terms)" time="0.057" classname="core.ElementsValidationTest2"/>
  <testcase name="Image (facebook)" time="0.061" classname="core.ElementsValidationTest2"/>
  <testcase name="Image (twitter)" time="0.067" classname="core.ElementsValidationTest2"/>
  <testcase name="Image (flickr)" time="0.114" classname="core.ElementsValidationTest2"/>
  <testcase name="Image (youtube)" time="0.117" classname="core.ElementsValidationTest2"/>
  <testcase name="Button (Reset)" time="0.065" classname="core.ElementsValidationTest2"/>
  <testcase name="Button (Submit)" time="0.138" classname="core.ElementsValidationTest2"/>
  <testcase name="Dynamic text (today\u2019s date)" time="0.102" classname="core.ElementsValidationTest2"/>
  <testcase name="Dynamic text (copyright)" time="0.061" classname="core.ElementsValidationTest2"/>
  <testcase name="Dynamic text (os &amp; browser)" time="0.054" classname="core.ElementsValidationTest2"/>
</testsuite> <!-- Default test -->
