<?xml version="1.0" encoding="UTF-8"?>
<testng-results skipped="0" failed="43" ignored="0" total="46" passed="3">
  <reporter-output>
  </reporter-output>
  <suite name="Default suite" duration-ms="248678" started-at="2017-02-21T21:41:43Z" finished-at="2017-02-21T21:45:51Z">
    <groups>
    </groups>
    <test name="Default test" duration-ms="248678" started-at="2017-02-21T21:41:43Z" finished-at="2017-02-21T21:45:51Z">
      <class name="core.ElementsValidationTest">
        <test-method status="PASS" signature="bm(java.lang.reflect.Method, [Ljava.lang.Object;)[pri:0, instance:core.ElementsValidationTest@d8355a8]" test-instance-name="Confirmation Button (Back)" name="bm" is-config="true" duration-ms="10" started-at="2017-02-21T13:41:43Z" finished-at="2017-02-21T13:41:43Z">
          <params>
            <param index="0">
              <value>
                <![CDATA[public void core.ElementsValidationTest.test(java.lang.String,java.lang.String,java.lang.String,java.lang.String,java.lang.String) throws java.io.IOException]]>
              </value>
            </param>
            <param index="1">
              <value>
                <![CDATA[[Ljava.lang.Object;@1a5b6f42]]>
              </value>
            </param>
          </params>
          <reporter-output>
          </reporter-output>
        </test-method> <!-- bm -->
        <test-method status="PASS" signature="test(java.lang.String, java.lang.String, java.lang.String, java.lang.String, java.lang.String)[pri:0, instance:core.ElementsValidationTest@d8355a8]" test-instance-name="Confirmation Button (Back)" name="test" duration-ms="3682" started-at="2017-02-21T13:41:43Z" data-provider="dp" finished-at="2017-02-21T13:41:46Z">
          <params>
            <param index="0">
              <value>
                <![CDATA[Dynamic text (quote)]]>
              </value>
            </param>
            <param index="1">
              <value>
                <![CDATA[index.php]]>
              </value>
            </param>
            <param index="2">
              <value>
                <![CDATA[id_quotes]]>
              </value>
            </param>
            <param index="3">
              <value>
                <![CDATA[(1904, 20)]]>
              </value>
            </param>
            <param index="4">
              <value>
                <![CDATA[(8, 48)]]>
              </value>
            </param>
          </params>
          <reporter-output>
          </reporter-output>
        </test-method> <!-- test -->
        <test-method status="PASS" signature="am()[pri:0, instance:core.ElementsValidationTest@d8355a8]" test-instance-name="Confirmation Button (Back)" name="am" is-config="true" duration-ms="3473" started-at="2017-02-21T13:41:46Z" finished-at="2017-02-21T13:41:50Z">
          <reporter-output>
          </reporter-output>
        </test-method> <!-- am -->
        <test-method status="PASS" signature="bm(java.lang.reflect.Method, [Ljava.lang.Object;)[pri:0, instance:core.ElementsValidationTest@d8355a8]" test-instance-name="Confirmation Button (Back)" name="bm" is-config="true" duration-ms="0" started-at="2017-02-21T13:41:50Z" finished-at="2017-02-21T13:41:50Z">
          <params>
            <param index="0">
              <value>
                <![CDATA[public void core.ElementsValidationTest.test(java.lang.String,java.lang.String,java.lang.String,java.lang.String,java.lang.String) throws java.io.IOException]]>
              </value>
            </param>
            <param index="1">
              <value>
                <![CDATA[[Ljava.lang.Object;@5038d0b5]]>
              </value>
            </param>
          </params>
          <reporter-output>
          </reporter-output>
        </test-method> <!-- bm -->
        <test-method status="PASS" signature="test(java.lang.String, java.lang.String, java.lang.String, java.lang.String, java.lang.String)[pri:0, instance:core.ElementsValidationTest@d8355a8]" test-instance-name="Confirmation Button (Back)" name="test" duration-ms="2315" started-at="2017-02-21T13:41:50Z" data-provider="dp" finished-at="2017-02-21T13:41:52Z">
          <params>
            <param index="0">
              <value>
                <![CDATA[Page title (Sing Up)]]>
              </value>
            </param>
            <param index="1">
              <value>
                <![CDATA[index.php]]>
              </value>
            </param>
            <param index="2">
              <value>
                <![CDATA[id_f_title]]>
              </value>
            </param>
            <param index="3">
              <value>
                <![CDATA[(151, 46)]]>
              </value>
            </param>
            <param index="4">
              <value>
                <![CDATA[(560, 86)]]>
              </value>
            </param>
          </params>
          <reporter-output>
          </reporter-output>
        </test-method> <!-- test -->
        <test-method status="PASS" signature="am()[pri:0, instance:core.ElementsValidationTest@d8355a8]" test-instance-name="Confirmation Button (Back)" name="am" is-config="true" duration-ms="2970" started-at="2017-02-21T13:41:52Z" finished-at="2017-02-21T13:41:55Z">
          <reporter-output>
          </reporter-output>
        </test-method> <!-- am -->
        <test-method status="PASS" signature="bm(java.lang.reflect.Method, [Ljava.lang.Object;)[pri:0, instance:core.ElementsValidationTest@d8355a8]" test-instance-name="Confirmation Button (Back)" name="bm" is-config="true" duration-ms="1" started-at="2017-02-21T13:41:55Z" finished-at="2017-02-21T13:41:55Z">
          <params>
            <param index="0">
              <value>
                <![CDATA[public void core.ElementsValidationTest.test(java.lang.String,java.lang.String,java.lang.String,java.lang.String,java.lang.String) throws java.io.IOException]]>
              </value>
            </param>
            <param index="1">
              <value>
                <![CDATA[[Ljava.lang.Object;@32115b28]]>
              </value>
            </param>
          </params>
          <reporter-output>
          </reporter-output>
        </test-method> <!-- bm -->
        <test-method status="PASS" signature="test(java.lang.String, java.lang.String, java.lang.String, java.lang.String, java.lang.String)[pri:0, instance:core.ElementsValidationTest@d8355a8]" test-instance-name="Confirmation Button (Back)" name="test" duration-ms="2250" started-at="2017-02-21T13:41:55Z" data-provider="dp" finished-at="2017-02-21T13:41:57Z">
          <params>
            <param index="0">
              <value>
                <![CDATA[text (current location)]]>
              </value>
            </param>
            <param index="1">
              <value>
                <![CDATA[index.php]]>
              </value>
            </param>
            <param index="2">
              <value>
                <![CDATA[id_current_location]]>
              </value>
            </param>
            <param index="3">
              <value>
                <![CDATA[(178, 25)]]>
              </value>
            </param>
            <param index="4">
              <value>
                <![CDATA[(1156, 70)]]>
              </value>
            </param>
          </params>
          <reporter-output>
          </reporter-output>
        </test-method> <!-- test -->
        <test-method status="PASS" signature="am()[pri:0, instance:core.ElementsValidationTest@d8355a8]" test-instance-name="Confirmation Button (Back)" name="am" is-config="true" duration-ms="2979" started-at="2017-02-21T13:41:57Z" finished-at="2017-02-21T13:42:00Z">
          <reporter-output>
          </reporter-output>
        </test-method> <!-- am -->
        <test-method status="FAIL" signature="test(java.lang.String, java.lang.String, java.lang.String, java.lang.String, java.lang.String)[pri:0, instance:core.ElementsValidationTest@d8355a8]" test-instance-name="Confirmation Button (Back)" name="test" duration-ms="2431" started-at="2017-02-21T13:42:00Z" data-provider="dp" finished-at="2017-02-21T13:42:03Z">
          <params>
            <param index="0">
              <value>
                <![CDATA[Image (weather icon)]]>
              </value>
            </param>
            <param index="1">
              <value>
                <![CDATA[index.php]]>
              </value>
            </param>
            <param index="2">
              <value>
                <![CDATA[id_weather_icon]]>
              </value>
            </param>
            <param index="3">
              <value>
                <![CDATA[(50, 50)]]>
              </value>
            </param>
            <param index="4">
              <value>
                <![CDATA[(1203, 98)		]]>
              </value>
            </param>
          </params>
          <exception class="java.lang.AssertionError">
            <message>
              <![CDATA[
Expected: "(1203, 98)\t\t"
     but: was "(1203, 98)"]]>
            </message>
            <full-stacktrace>
              <![CDATA[java.lang.AssertionError: 
Expected: "(1203, 98)\t\t"
     but: was "(1203, 98)"
	at org.hamcrest.MatcherAssert.assertThat(MatcherAssert.java:20)
	at org.hamcrest.MatcherAssert.assertThat(MatcherAssert.java:8)
	at core.ElementsValidationTest.test(ElementsValidationTest.java:60)
	at sun.reflect.NativeMethodAccessorImpl.invoke0(Native Method)
	at sun.reflect.NativeMethodAccessorImpl.invoke(NativeMethodAccessorImpl.java:62)
	at sun.reflect.DelegatingMethodAccessorImpl.invoke(DelegatingMethodAccessorImpl.java:43)
	at java.lang.reflect.Method.invoke(Method.java:498)
	at org.testng.internal.MethodInvocationHelper.invokeMethod(MethodInvocationHelper.java:104)
	at org.testng.internal.Invoker.invokeMethod(Invoker.java:645)
	at org.testng.internal.Invoker.invokeTestMethod(Invoker.java:851)
	at org.testng.internal.Invoker.invokeTestMethods(Invoker.java:1177)
	at org.testng.internal.TestMethodWorker.invokeTestMethods(TestMethodWorker.java:129)
	at org.testng.internal.TestMethodWorker.run(TestMethodWorker.java:112)
	at org.testng.TestRunner.privateRun(TestRunner.java:756)
	at org.testng.TestRunner.run(TestRunner.java:610)
	at org.testng.SuiteRunner.runTest(SuiteRunner.java:387)
	at org.testng.SuiteRunner.runSequentially(SuiteRunner.java:382)
	at org.testng.SuiteRunner.privateRun(SuiteRunner.java:340)
	at org.testng.SuiteRunner.run(SuiteRunner.java:289)
	at org.testng.SuiteRunnerWorker.runSuite(SuiteRunnerWorker.java:52)
	at org.testng.SuiteRunnerWorker.run(SuiteRunnerWorker.java:86)
	at org.testng.TestNG.runSuitesSequentially(TestNG.java:1293)
	at org.testng.TestNG.runSuitesLocally(TestNG.java:1218)
	at org.testng.TestNG.runSuites(TestNG.java:1133)
	at org.testng.TestNG.run(TestNG.java:1104)
	at org.testng.remote.AbstractRemoteTestNG.run(AbstractRemoteTestNG.java:132)
	at org.testng.remote.RemoteTestNG.initAndRun(RemoteTestNG.java:236)
	at org.testng.remote.RemoteTestNG.main(RemoteTestNG.java:81)
]]>
            </full-stacktrace>
          </exception> <!-- java.lang.AssertionError -->
          <reporter-output>
          </reporter-output>
        </test-method> <!-- test -->
        <test-method status="PASS" signature="bm(java.lang.reflect.Method, [Ljava.lang.Object;)[pri:0, instance:core.ElementsValidationTest@d8355a8]" test-instance-name="Confirmation Button (Back)" name="bm" is-config="true" duration-ms="0" started-at="2017-02-21T13:42:00Z" finished-at="2017-02-21T13:42:00Z">
          <params>
            <param index="0">
              <value>
                <![CDATA[public void core.ElementsValidationTest.test(java.lang.String,java.lang.String,java.lang.String,java.lang.String,java.lang.String) throws java.io.IOException]]>
              </value>
            </param>
            <param index="1">
              <value>
                <![CDATA[[Ljava.lang.Object;@2ad48653]]>
              </value>
            </param>
          </params>
          <reporter-output>
          </reporter-output>
        </test-method> <!-- bm -->
        <test-method status="PASS" signature="am()[pri:0, instance:core.ElementsValidationTest@d8355a8]" test-instance-name="Confirmation Button (Back)" name="am" is-config="true" duration-ms="2996" started-at="2017-02-21T13:42:03Z" finished-at="2017-02-21T13:42:06Z">
          <reporter-output>
          </reporter-output>
        </test-method> <!-- am -->
        <test-method status="PASS" signature="bm(java.lang.reflect.Method, [Ljava.lang.Object;)[pri:0, instance:core.ElementsValidationTest@d8355a8]" test-instance-name="Confirmation Button (Back)" name="bm" is-config="true" duration-ms="1" started-at="2017-02-21T13:42:06Z" finished-at="2017-02-21T13:42:06Z">
          <params>
            <param index="0">
              <value>
                <![CDATA[public void core.ElementsValidationTest.test(java.lang.String,java.lang.String,java.lang.String,java.lang.String,java.lang.String) throws java.io.IOException]]>
              </value>
            </param>
            <param index="1">
              <value>
                <![CDATA[[Ljava.lang.Object;@6bb4dd34]]>
              </value>
            </param>
          </params>
          <reporter-output>
          </reporter-output>
        </test-method> <!-- bm -->
        <test-method status="FAIL" signature="test(java.lang.String, java.lang.String, java.lang.String, java.lang.String, java.lang.String)[pri:0, instance:core.ElementsValidationTest@d8355a8]" test-instance-name="Confirmation Button (Back)" name="test" duration-ms="2263" started-at="2017-02-21T13:42:06Z" data-provider="dp" finished-at="2017-02-21T13:42:08Z">
          <params>
            <param index="0">
              <value>
                <![CDATA[Dynamic text (temperature)]]>
              </value>
            </param>
            <param index="1">
              <value>
                <![CDATA[index.php]]>
              </value>
            </param>
            <param index="2">
              <value>
                <![CDATA[id_temperature]]>
              </value>
            </param>
            <param index="3">
              <value>
                <![CDATA[(70, 42)]]>
              </value>
            </param>
            <param index="4">
              <value>
                <![CDATA[(1264, 92)		]]>
              </value>
            </param>
          </params>
          <exception class="java.lang.AssertionError">
            <message>
              <![CDATA[
Expected: "(1264, 92)\t\t"
     but: was "(1264, 92)"]]>
            </message>
            <full-stacktrace>
              <![CDATA[java.lang.AssertionError: 
Expected: "(1264, 92)\t\t"
     but: was "(1264, 92)"
	at org.hamcrest.MatcherAssert.assertThat(MatcherAssert.java:20)
	at org.hamcrest.MatcherAssert.assertThat(MatcherAssert.java:8)
	at core.ElementsValidationTest.test(ElementsValidationTest.java:60)
	at sun.reflect.NativeMethodAccessorImpl.invoke0(Native Method)
	at sun.reflect.NativeMethodAccessorImpl.invoke(NativeMethodAccessorImpl.java:62)
	at sun.reflect.DelegatingMethodAccessorImpl.invoke(DelegatingMethodAccessorImpl.java:43)
	at java.lang.reflect.Method.invoke(Method.java:498)
	at org.testng.internal.MethodInvocationHelper.invokeMethod(MethodInvocationHelper.java:104)
	at org.testng.internal.Invoker.invokeMethod(Invoker.java:645)
	at org.testng.internal.Invoker.invokeTestMethod(Invoker.java:851)
	at org.testng.internal.Invoker.invokeTestMethods(Invoker.java:1177)
	at org.testng.internal.TestMethodWorker.invokeTestMethods(TestMethodWorker.java:129)
	at org.testng.internal.TestMethodWorker.run(TestMethodWorker.java:112)
	at org.testng.TestRunner.privateRun(TestRunner.java:756)
	at org.testng.TestRunner.run(TestRunner.java:610)
	at org.testng.SuiteRunner.runTest(SuiteRunner.java:387)
	at org.testng.SuiteRunner.runSequentially(SuiteRunner.java:382)
	at org.testng.SuiteRunner.privateRun(SuiteRunner.java:340)
	at org.testng.SuiteRunner.run(SuiteRunner.java:289)
	at org.testng.SuiteRunnerWorker.runSuite(SuiteRunnerWorker.java:52)
	at org.testng.SuiteRunnerWorker.run(SuiteRunnerWorker.java:86)
	at org.testng.TestNG.runSuitesSequentially(TestNG.java:1293)
	at org.testng.TestNG.runSuitesLocally(TestNG.java:1218)
	at org.testng.TestNG.runSuites(TestNG.java:1133)
	at org.testng.TestNG.run(TestNG.java:1104)
	at org.testng.remote.AbstractRemoteTestNG.run(AbstractRemoteTestNG.java:132)
	at org.testng.remote.RemoteTestNG.initAndRun(RemoteTestNG.java:236)
	at org.testng.remote.RemoteTestNG.main(RemoteTestNG.java:81)
]]>
            </full-stacktrace>
          </exception> <!-- java.lang.AssertionError -->
          <reporter-output>
          </reporter-output>
        </test-method> <!-- test -->
        <test-method status="PASS" signature="am()[pri:0, instance:core.ElementsValidationTest@d8355a8]" test-instance-name="Confirmation Button (Back)" name="am" is-config="true" duration-ms="2987" started-at="2017-02-21T13:42:08Z" finished-at="2017-02-21T13:42:11Z">
          <reporter-output>
          </reporter-output>
        </test-method> <!-- am -->
        <test-method status="PASS" signature="bm(java.lang.reflect.Method, [Ljava.lang.Object;)[pri:0, instance:core.ElementsValidationTest@d8355a8]" test-instance-name="Confirmation Button (Back)" name="bm" is-config="true" duration-ms="1" started-at="2017-02-21T13:42:11Z" finished-at="2017-02-21T13:42:11Z">
          <params>
            <param index="0">
              <value>
                <![CDATA[public void core.ElementsValidationTest.test(java.lang.String,java.lang.String,java.lang.String,java.lang.String,java.lang.String) throws java.io.IOException]]>
              </value>
            </param>
            <param index="1">
              <value>
                <![CDATA[[Ljava.lang.Object;@7d9f158f]]>
              </value>
            </param>
          </params>
          <reporter-output>
          </reporter-output>
        </test-method> <!-- bm -->
        <test-method status="FAIL" signature="test(java.lang.String, java.lang.String, java.lang.String, java.lang.String, java.lang.String)[pri:0, instance:core.ElementsValidationTest@d8355a8]" test-instance-name="Confirmation Button (Back)" name="test" duration-ms="2256" started-at="2017-02-21T13:42:11Z" data-provider="dp" finished-at="2017-02-21T13:42:13Z">
          <params>
            <param index="0">
              <value>
                <![CDATA[Label (first name)]]>
              </value>
            </param>
            <param index="1">
              <value>
                <![CDATA[index.php]]>
              </value>
            </param>
            <param index="2">
              <value>
                <![CDATA[id_f_label_fn]]>
              </value>
            </param>
            <param index="3">
              <value>
                <![CDATA[(104, 25)]]>
              </value>
            </param>
            <param index="4">
              <value>
                <![CDATA[(560, 153)		]]>
              </value>
            </param>
          </params>
          <exception class="java.lang.AssertionError">
            <message>
              <![CDATA[
Expected: "(560, 153)\t\t"
     but: was "(560, 153)"]]>
            </message>
            <full-stacktrace>
              <![CDATA[java.lang.AssertionError: 
Expected: "(560, 153)\t\t"
     but: was "(560, 153)"
	at org.hamcrest.MatcherAssert.assertThat(MatcherAssert.java:20)
	at org.hamcrest.MatcherAssert.assertThat(MatcherAssert.java:8)
	at core.ElementsValidationTest.test(ElementsValidationTest.java:60)
	at sun.reflect.NativeMethodAccessorImpl.invoke0(Native Method)
	at sun.reflect.NativeMethodAccessorImpl.invoke(NativeMethodAccessorImpl.java:62)
	at sun.reflect.DelegatingMethodAccessorImpl.invoke(DelegatingMethodAccessorImpl.java:43)
	at java.lang.reflect.Method.invoke(Method.java:498)
	at org.testng.internal.MethodInvocationHelper.invokeMethod(MethodInvocationHelper.java:104)
	at org.testng.internal.Invoker.invokeMethod(Invoker.java:645)
	at org.testng.internal.Invoker.invokeTestMethod(Invoker.java:851)
	at org.testng.internal.Invoker.invokeTestMethods(Invoker.java:1177)
	at org.testng.internal.TestMethodWorker.invokeTestMethods(TestMethodWorker.java:129)
	at org.testng.internal.TestMethodWorker.run(TestMethodWorker.java:112)
	at org.testng.TestRunner.privateRun(TestRunner.java:756)
	at org.testng.TestRunner.run(TestRunner.java:610)
	at org.testng.SuiteRunner.runTest(SuiteRunner.java:387)
	at org.testng.SuiteRunner.runSequentially(SuiteRunner.java:382)
	at org.testng.SuiteRunner.privateRun(SuiteRunner.java:340)
	at org.testng.SuiteRunner.run(SuiteRunner.java:289)
	at org.testng.SuiteRunnerWorker.runSuite(SuiteRunnerWorker.java:52)
	at org.testng.SuiteRunnerWorker.run(SuiteRunnerWorker.java:86)
	at org.testng.TestNG.runSuitesSequentially(TestNG.java:1293)
	at org.testng.TestNG.runSuitesLocally(TestNG.java:1218)
	at org.testng.TestNG.runSuites(TestNG.java:1133)
	at org.testng.TestNG.run(TestNG.java:1104)
	at org.testng.remote.AbstractRemoteTestNG.run(AbstractRemoteTestNG.java:132)
	at org.testng.remote.RemoteTestNG.initAndRun(RemoteTestNG.java:236)
	at org.testng.remote.RemoteTestNG.main(RemoteTestNG.java:81)
]]>
            </full-stacktrace>
          </exception> <!-- java.lang.AssertionError -->
          <reporter-output>
          </reporter-output>
        </test-method> <!-- test -->
        <test-method status="PASS" signature="am()[pri:0, instance:core.ElementsValidationTest@d8355a8]" test-instance-name="Confirmation Button (Back)" name="am" is-config="true" duration-ms="2989" started-at="2017-02-21T13:42:13Z" finished-at="2017-02-21T13:42:16Z">
          <reporter-output>
          </reporter-output>
        </test-method> <!-- am -->
        <test-method status="FAIL" signature="test(java.lang.String, java.lang.String, java.lang.String, java.lang.String, java.lang.String)[pri:0, instance:core.ElementsValidationTest@d8355a8]" test-instance-name="Confirmation Button (Back)" name="test" duration-ms="2204" started-at="2017-02-21T13:42:16Z" data-provider="dp" finished-at="2017-02-21T13:42:19Z">
          <params>
            <param index="0">
              <value>
                <![CDATA[Field (first name)]]>
              </value>
            </param>
            <param index="1">
              <value>
                <![CDATA[index.php]]>
              </value>
            </param>
            <param index="2">
              <value>
                <![CDATA[id_fname]]>
              </value>
            </param>
            <param index="3">
              <value>
                <![CDATA[(368, 42)]]>
              </value>
            </param>
            <param index="4">
              <value>
                <![CDATA[(560, 183)		]]>
              </value>
            </param>
          </params>
          <exception class="java.lang.AssertionError">
            <message>
              <![CDATA[
Expected: "(560, 183)\t\t"
     but: was "(560, 183)"]]>
            </message>
            <full-stacktrace>
              <![CDATA[java.lang.AssertionError: 
Expected: "(560, 183)\t\t"
     but: was "(560, 183)"
	at org.hamcrest.MatcherAssert.assertThat(MatcherAssert.java:20)
	at org.hamcrest.MatcherAssert.assertThat(MatcherAssert.java:8)
	at core.ElementsValidationTest.test(ElementsValidationTest.java:60)
	at sun.reflect.NativeMethodAccessorImpl.invoke0(Native Method)
	at sun.reflect.NativeMethodAccessorImpl.invoke(NativeMethodAccessorImpl.java:62)
	at sun.reflect.DelegatingMethodAccessorImpl.invoke(DelegatingMethodAccessorImpl.java:43)
	at java.lang.reflect.Method.invoke(Method.java:498)
	at org.testng.internal.MethodInvocationHelper.invokeMethod(MethodInvocationHelper.java:104)
	at org.testng.internal.Invoker.invokeMethod(Invoker.java:645)
	at org.testng.internal.Invoker.invokeTestMethod(Invoker.java:851)
	at org.testng.internal.Invoker.invokeTestMethods(Invoker.java:1177)
	at org.testng.internal.TestMethodWorker.invokeTestMethods(TestMethodWorker.java:129)
	at org.testng.internal.TestMethodWorker.run(TestMethodWorker.java:112)
	at org.testng.TestRunner.privateRun(TestRunner.java:756)
	at org.testng.TestRunner.run(TestRunner.java:610)
	at org.testng.SuiteRunner.runTest(SuiteRunner.java:387)
	at org.testng.SuiteRunner.runSequentially(SuiteRunner.java:382)
	at org.testng.SuiteRunner.privateRun(SuiteRunner.java:340)
	at org.testng.SuiteRunner.run(SuiteRunner.java:289)
	at org.testng.SuiteRunnerWorker.runSuite(SuiteRunnerWorker.java:52)
	at org.testng.SuiteRunnerWorker.run(SuiteRunnerWorker.java:86)
	at org.testng.TestNG.runSuitesSequentially(TestNG.java:1293)
	at org.testng.TestNG.runSuitesLocally(TestNG.java:1218)
	at org.testng.TestNG.runSuites(TestNG.java:1133)
	at org.testng.TestNG.run(TestNG.java:1104)
	at org.testng.remote.AbstractRemoteTestNG.run(AbstractRemoteTestNG.java:132)
	at org.testng.remote.RemoteTestNG.initAndRun(RemoteTestNG.java:236)
	at org.testng.remote.RemoteTestNG.main(RemoteTestNG.java:81)
]]>
            </full-stacktrace>
          </exception> <!-- java.lang.AssertionError -->
          <reporter-output>
          </reporter-output>
        </test-method> <!-- test -->
        <test-method status="PASS" signature="bm(java.lang.reflect.Method, [Ljava.lang.Object;)[pri:0, instance:core.ElementsValidationTest@d8355a8]" test-instance-name="Confirmation Button (Back)" name="bm" is-config="true" duration-ms="0" started-at="2017-02-21T13:42:16Z" finished-at="2017-02-21T13:42:16Z">
          <params>
            <param index="0">
              <value>
                <![CDATA[public void core.ElementsValidationTest.test(java.lang.String,java.lang.String,java.lang.String,java.lang.String,java.lang.String) throws java.io.IOException]]>
              </value>
            </param>
            <param index="1">
              <value>
                <![CDATA[[Ljava.lang.Object;@45efd90f]]>
              </value>
            </param>
          </params>
          <reporter-output>
          </reporter-output>
        </test-method> <!-- bm -->
        <test-method status="PASS" signature="am()[pri:0, instance:core.ElementsValidationTest@d8355a8]" test-instance-name="Confirmation Button (Back)" name="am" is-config="true" duration-ms="2993" started-at="2017-02-21T13:42:19Z" finished-at="2017-02-21T13:42:22Z">
          <reporter-output>
          </reporter-output>
        </test-method> <!-- am -->
        <test-method status="FAIL" signature="test(java.lang.String, java.lang.String, java.lang.String, java.lang.String, java.lang.String)[pri:0, instance:core.ElementsValidationTest@d8355a8]" test-instance-name="Confirmation Button (Back)" name="test" duration-ms="2198" started-at="2017-02-21T13:42:22Z" data-provider="dp" finished-at="2017-02-21T13:42:24Z">
          <params>
            <param index="0">
              <value>
                <![CDATA[Label (last name)]]>
              </value>
            </param>
            <param index="1">
              <value>
                <![CDATA[index.php]]>
              </value>
            </param>
            <param index="2">
              <value>
                <![CDATA[id_f_label_ln]]>
              </value>
            </param>
            <param index="3">
              <value>
                <![CDATA[(103, 25)]]>
              </value>
            </param>
            <param index="4">
              <value>
                <![CDATA[(985, 153)		]]>
              </value>
            </param>
          </params>
          <exception class="java.lang.AssertionError">
            <message>
              <![CDATA[
Expected: "(985, 153)\t\t"
     but: was "(985, 153)"]]>
            </message>
            <full-stacktrace>
              <![CDATA[java.lang.AssertionError: 
Expected: "(985, 153)\t\t"
     but: was "(985, 153)"
	at org.hamcrest.MatcherAssert.assertThat(MatcherAssert.java:20)
	at org.hamcrest.MatcherAssert.assertThat(MatcherAssert.java:8)
	at core.ElementsValidationTest.test(ElementsValidationTest.java:60)
	at sun.reflect.NativeMethodAccessorImpl.invoke0(Native Method)
	at sun.reflect.NativeMethodAccessorImpl.invoke(NativeMethodAccessorImpl.java:62)
	at sun.reflect.DelegatingMethodAccessorImpl.invoke(DelegatingMethodAccessorImpl.java:43)
	at java.lang.reflect.Method.invoke(Method.java:498)
	at org.testng.internal.MethodInvocationHelper.invokeMethod(MethodInvocationHelper.java:104)
	at org.testng.internal.Invoker.invokeMethod(Invoker.java:645)
	at org.testng.internal.Invoker.invokeTestMethod(Invoker.java:851)
	at org.testng.internal.Invoker.invokeTestMethods(Invoker.java:1177)
	at org.testng.internal.TestMethodWorker.invokeTestMethods(TestMethodWorker.java:129)
	at org.testng.internal.TestMethodWorker.run(TestMethodWorker.java:112)
	at org.testng.TestRunner.privateRun(TestRunner.java:756)
	at org.testng.TestRunner.run(TestRunner.java:610)
	at org.testng.SuiteRunner.runTest(SuiteRunner.java:387)
	at org.testng.SuiteRunner.runSequentially(SuiteRunner.java:382)
	at org.testng.SuiteRunner.privateRun(SuiteRunner.java:340)
	at org.testng.SuiteRunner.run(SuiteRunner.java:289)
	at org.testng.SuiteRunnerWorker.runSuite(SuiteRunnerWorker.java:52)
	at org.testng.SuiteRunnerWorker.run(SuiteRunnerWorker.java:86)
	at org.testng.TestNG.runSuitesSequentially(TestNG.java:1293)
	at org.testng.TestNG.runSuitesLocally(TestNG.java:1218)
	at org.testng.TestNG.runSuites(TestNG.java:1133)
	at org.testng.TestNG.run(TestNG.java:1104)
	at org.testng.remote.AbstractRemoteTestNG.run(AbstractRemoteTestNG.java:132)
	at org.testng.remote.RemoteTestNG.initAndRun(RemoteTestNG.java:236)
	at org.testng.remote.RemoteTestNG.main(RemoteTestNG.java:81)
]]>
            </full-stacktrace>
          </exception> <!-- java.lang.AssertionError -->
          <reporter-output>
          </reporter-output>
        </test-method> <!-- test -->
        <test-method status="PASS" signature="bm(java.lang.reflect.Method, [Ljava.lang.Object;)[pri:0, instance:core.ElementsValidationTest@d8355a8]" test-instance-name="Confirmation Button (Back)" name="bm" is-config="true" duration-ms="0" started-at="2017-02-21T13:42:22Z" finished-at="2017-02-21T13:42:22Z">
          <params>
            <param index="0">
              <value>
                <![CDATA[public void core.ElementsValidationTest.test(java.lang.String,java.lang.String,java.lang.String,java.lang.String,java.lang.String) throws java.io.IOException]]>
              </value>
            </param>
            <param index="1">
              <value>
                <![CDATA[[Ljava.lang.Object;@4b8729ff]]>
              </value>
            </param>
          </params>
          <reporter-output>
          </reporter-output>
        </test-method> <!-- bm -->
        <test-method status="PASS" signature="am()[pri:0, instance:core.ElementsValidationTest@d8355a8]" test-instance-name="Confirmation Button (Back)" name="am" is-config="true" duration-ms="2966" started-at="2017-02-21T13:42:24Z" finished-at="2017-02-21T13:42:27Z">
          <reporter-output>
          </reporter-output>
        </test-method> <!-- am -->
        <test-method status="FAIL" signature="test(java.lang.String, java.lang.String, java.lang.String, java.lang.String, java.lang.String)[pri:0, instance:core.ElementsValidationTest@d8355a8]" test-instance-name="Confirmation Button (Back)" name="test" duration-ms="2239" started-at="2017-02-21T13:42:27Z" data-provider="dp" finished-at="2017-02-21T13:42:29Z">
          <params>
            <param index="0">
              <value>
                <![CDATA[Field (last name)]]>
              </value>
            </param>
            <param index="1">
              <value>
                <![CDATA[index.php]]>
              </value>
            </param>
            <param index="2">
              <value>
                <![CDATA[id_lname]]>
              </value>
            </param>
            <param index="3">
              <value>
                <![CDATA[(368, 42)]]>
              </value>
            </param>
            <param index="4">
              <value>
                <![CDATA[(985, 183)	]]>
              </value>
            </param>
          </params>
          <exception class="java.lang.AssertionError">
            <message>
              <![CDATA[
Expected: "(985, 183)\t"
     but: was "(985, 183)"]]>
            </message>
            <full-stacktrace>
              <![CDATA[java.lang.AssertionError: 
Expected: "(985, 183)\t"
     but: was "(985, 183)"
	at org.hamcrest.MatcherAssert.assertThat(MatcherAssert.java:20)
	at org.hamcrest.MatcherAssert.assertThat(MatcherAssert.java:8)
	at core.ElementsValidationTest.test(ElementsValidationTest.java:60)
	at sun.reflect.NativeMethodAccessorImpl.invoke0(Native Method)
	at sun.reflect.NativeMethodAccessorImpl.invoke(NativeMethodAccessorImpl.java:62)
	at sun.reflect.DelegatingMethodAccessorImpl.invoke(DelegatingMethodAccessorImpl.java:43)
	at java.lang.reflect.Method.invoke(Method.java:498)
	at org.testng.internal.MethodInvocationHelper.invokeMethod(MethodInvocationHelper.java:104)
	at org.testng.internal.Invoker.invokeMethod(Invoker.java:645)
	at org.testng.internal.Invoker.invokeTestMethod(Invoker.java:851)
	at org.testng.internal.Invoker.invokeTestMethods(Invoker.java:1177)
	at org.testng.internal.TestMethodWorker.invokeTestMethods(TestMethodWorker.java:129)
	at org.testng.internal.TestMethodWorker.run(TestMethodWorker.java:112)
	at org.testng.TestRunner.privateRun(TestRunner.java:756)
	at org.testng.TestRunner.run(TestRunner.java:610)
	at org.testng.SuiteRunner.runTest(SuiteRunner.java:387)
	at org.testng.SuiteRunner.runSequentially(SuiteRunner.java:382)
	at org.testng.SuiteRunner.privateRun(SuiteRunner.java:340)
	at org.testng.SuiteRunner.run(SuiteRunner.java:289)
	at org.testng.SuiteRunnerWorker.runSuite(SuiteRunnerWorker.java:52)
	at org.testng.SuiteRunnerWorker.run(SuiteRunnerWorker.java:86)
	at org.testng.TestNG.runSuitesSequentially(TestNG.java:1293)
	at org.testng.TestNG.runSuitesLocally(TestNG.java:1218)
	at org.testng.TestNG.runSuites(TestNG.java:1133)
	at org.testng.TestNG.run(TestNG.java:1104)
	at org.testng.remote.AbstractRemoteTestNG.run(AbstractRemoteTestNG.java:132)
	at org.testng.remote.RemoteTestNG.initAndRun(RemoteTestNG.java:236)
	at org.testng.remote.RemoteTestNG.main(RemoteTestNG.java:81)
]]>
            </full-stacktrace>
          </exception> <!-- java.lang.AssertionError -->
          <reporter-output>
          </reporter-output>
        </test-method> <!-- test -->
        <test-method status="PASS" signature="bm(java.lang.reflect.Method, [Ljava.lang.Object;)[pri:0, instance:core.ElementsValidationTest@d8355a8]" test-instance-name="Confirmation Button (Back)" name="bm" is-config="true" duration-ms="0" started-at="2017-02-21T13:42:27Z" finished-at="2017-02-21T13:42:27Z">
          <params>
            <param index="0">
              <value>
                <![CDATA[public void core.ElementsValidationTest.test(java.lang.String,java.lang.String,java.lang.String,java.lang.String,java.lang.String) throws java.io.IOException]]>
              </value>
            </param>
            <param index="1">
              <value>
                <![CDATA[[Ljava.lang.Object;@61710c6]]>
              </value>
            </param>
          </params>
          <reporter-output>
          </reporter-output>
        </test-method> <!-- bm -->
        <test-method status="PASS" signature="am()[pri:0, instance:core.ElementsValidationTest@d8355a8]" test-instance-name="Confirmation Button (Back)" name="am" is-config="true" duration-ms="3001" started-at="2017-02-21T13:42:29Z" finished-at="2017-02-21T13:42:32Z">
          <reporter-output>
          </reporter-output>
        </test-method> <!-- am -->
        <test-method status="PASS" signature="bm(java.lang.reflect.Method, [Ljava.lang.Object;)[pri:0, instance:core.ElementsValidationTest@d8355a8]" test-instance-name="Confirmation Button (Back)" name="bm" is-config="true" duration-ms="0" started-at="2017-02-21T13:42:32Z" finished-at="2017-02-21T13:42:32Z">
          <params>
            <param index="0">
              <value>
                <![CDATA[public void core.ElementsValidationTest.test(java.lang.String,java.lang.String,java.lang.String,java.lang.String,java.lang.String) throws java.io.IOException]]>
              </value>
            </param>
            <param index="1">
              <value>
                <![CDATA[[Ljava.lang.Object;@3214ee6]]>
              </value>
            </param>
          </params>
          <reporter-output>
          </reporter-output>
        </test-method> <!-- bm -->
        <test-method status="FAIL" signature="test(java.lang.String, java.lang.String, java.lang.String, java.lang.String, java.lang.String)[pri:0, instance:core.ElementsValidationTest@d8355a8]" test-instance-name="Confirmation Button (Back)" name="test" duration-ms="2194" started-at="2017-02-21T13:42:32Z" data-provider="dp" finished-at="2017-02-21T13:42:34Z">
          <params>
            <param index="0">
              <value>
                <![CDATA[Label (email address)]]>
              </value>
            </param>
            <param index="1">
              <value>
                <![CDATA[index.php]]>
              </value>
            </param>
            <param index="2">
              <value>
                <![CDATA[id_f_label_ea]]>
              </value>
            </param>
            <param index="3">
              <value>
                <![CDATA[(138, 25)]]>
              </value>
            </param>
            <param index="4">
              <value>
                <![CDATA[(560, 233)		]]>
              </value>
            </param>
          </params>
          <exception class="java.lang.AssertionError">
            <message>
              <![CDATA[
Expected: "(560, 233)\t\t"
     but: was "(560, 233)"]]>
            </message>
            <full-stacktrace>
              <![CDATA[java.lang.AssertionError: 
Expected: "(560, 233)\t\t"
     but: was "(560, 233)"
	at org.hamcrest.MatcherAssert.assertThat(MatcherAssert.java:20)
	at org.hamcrest.MatcherAssert.assertThat(MatcherAssert.java:8)
	at core.ElementsValidationTest.test(ElementsValidationTest.java:60)
	at sun.reflect.NativeMethodAccessorImpl.invoke0(Native Method)
	at sun.reflect.NativeMethodAccessorImpl.invoke(NativeMethodAccessorImpl.java:62)
	at sun.reflect.DelegatingMethodAccessorImpl.invoke(DelegatingMethodAccessorImpl.java:43)
	at java.lang.reflect.Method.invoke(Method.java:498)
	at org.testng.internal.MethodInvocationHelper.invokeMethod(MethodInvocationHelper.java:104)
	at org.testng.internal.Invoker.invokeMethod(Invoker.java:645)
	at org.testng.internal.Invoker.invokeTestMethod(Invoker.java:851)
	at org.testng.internal.Invoker.invokeTestMethods(Invoker.java:1177)
	at org.testng.internal.TestMethodWorker.invokeTestMethods(TestMethodWorker.java:129)
	at org.testng.internal.TestMethodWorker.run(TestMethodWorker.java:112)
	at org.testng.TestRunner.privateRun(TestRunner.java:756)
	at org.testng.TestRunner.run(TestRunner.java:610)
	at org.testng.SuiteRunner.runTest(SuiteRunner.java:387)
	at org.testng.SuiteRunner.runSequentially(SuiteRunner.java:382)
	at org.testng.SuiteRunner.privateRun(SuiteRunner.java:340)
	at org.testng.SuiteRunner.run(SuiteRunner.java:289)
	at org.testng.SuiteRunnerWorker.runSuite(SuiteRunnerWorker.java:52)
	at org.testng.SuiteRunnerWorker.run(SuiteRunnerWorker.java:86)
	at org.testng.TestNG.runSuitesSequentially(TestNG.java:1293)
	at org.testng.TestNG.runSuitesLocally(TestNG.java:1218)
	at org.testng.TestNG.runSuites(TestNG.java:1133)
	at org.testng.TestNG.run(TestNG.java:1104)
	at org.testng.remote.AbstractRemoteTestNG.run(AbstractRemoteTestNG.java:132)
	at org.testng.remote.RemoteTestNG.initAndRun(RemoteTestNG.java:236)
	at org.testng.remote.RemoteTestNG.main(RemoteTestNG.java:81)
]]>
            </full-stacktrace>
          </exception> <!-- java.lang.AssertionError -->
          <reporter-output>
          </reporter-output>
        </test-method> <!-- test -->
        <test-method status="PASS" signature="am()[pri:0, instance:core.ElementsValidationTest@d8355a8]" test-instance-name="Confirmation Button (Back)" name="am" is-config="true" duration-ms="2988" started-at="2017-02-21T13:42:34Z" finished-at="2017-02-21T13:42:37Z">
          <reporter-output>
          </reporter-output>
        </test-method> <!-- am -->
        <test-method status="PASS" signature="bm(java.lang.reflect.Method, [Ljava.lang.Object;)[pri:0, instance:core.ElementsValidationTest@d8355a8]" test-instance-name="Confirmation Button (Back)" name="bm" is-config="true" duration-ms="0" started-at="2017-02-21T13:42:37Z" finished-at="2017-02-21T13:42:37Z">
          <params>
            <param index="0">
              <value>
                <![CDATA[public void core.ElementsValidationTest.test(java.lang.String,java.lang.String,java.lang.String,java.lang.String,java.lang.String) throws java.io.IOException]]>
              </value>
            </param>
            <param index="1">
              <value>
                <![CDATA[[Ljava.lang.Object;@383dc82c]]>
              </value>
            </param>
          </params>
          <reporter-output>
          </reporter-output>
        </test-method> <!-- bm -->
        <test-method status="FAIL" signature="test(java.lang.String, java.lang.String, java.lang.String, java.lang.String, java.lang.String)[pri:0, instance:core.ElementsValidationTest@d8355a8]" test-instance-name="Confirmation Button (Back)" name="test" duration-ms="3248" started-at="2017-02-21T13:42:37Z" data-provider="dp" finished-at="2017-02-21T13:42:40Z">
          <params>
            <param index="0">
              <value>
                <![CDATA[Field (email address)]]>
              </value>
            </param>
            <param index="1">
              <value>
                <![CDATA[index.php]]>
              </value>
            </param>
            <param index="2">
              <value>
                <![CDATA[id_email]]>
              </value>
            </param>
            <param index="3">
              <value>
                <![CDATA[(368, 42)]]>
              </value>
            </param>
            <param index="4">
              <value>
                <![CDATA[(560, 263)		]]>
              </value>
            </param>
          </params>
          <exception class="java.lang.AssertionError">
            <message>
              <![CDATA[
Expected: "(560, 263)\t\t"
     but: was "(560, 263)"]]>
            </message>
            <full-stacktrace>
              <![CDATA[java.lang.AssertionError: 
Expected: "(560, 263)\t\t"
     but: was "(560, 263)"
	at org.hamcrest.MatcherAssert.assertThat(MatcherAssert.java:20)
	at org.hamcrest.MatcherAssert.assertThat(MatcherAssert.java:8)
	at core.ElementsValidationTest.test(ElementsValidationTest.java:60)
	at sun.reflect.NativeMethodAccessorImpl.invoke0(Native Method)
	at sun.reflect.NativeMethodAccessorImpl.invoke(NativeMethodAccessorImpl.java:62)
	at sun.reflect.DelegatingMethodAccessorImpl.invoke(DelegatingMethodAccessorImpl.java:43)
	at java.lang.reflect.Method.invoke(Method.java:498)
	at org.testng.internal.MethodInvocationHelper.invokeMethod(MethodInvocationHelper.java:104)
	at org.testng.internal.Invoker.invokeMethod(Invoker.java:645)
	at org.testng.internal.Invoker.invokeTestMethod(Invoker.java:851)
	at org.testng.internal.Invoker.invokeTestMethods(Invoker.java:1177)
	at org.testng.internal.TestMethodWorker.invokeTestMethods(TestMethodWorker.java:129)
	at org.testng.internal.TestMethodWorker.run(TestMethodWorker.java:112)
	at org.testng.TestRunner.privateRun(TestRunner.java:756)
	at org.testng.TestRunner.run(TestRunner.java:610)
	at org.testng.SuiteRunner.runTest(SuiteRunner.java:387)
	at org.testng.SuiteRunner.runSequentially(SuiteRunner.java:382)
	at org.testng.SuiteRunner.privateRun(SuiteRunner.java:340)
	at org.testng.SuiteRunner.run(SuiteRunner.java:289)
	at org.testng.SuiteRunnerWorker.runSuite(SuiteRunnerWorker.java:52)
	at org.testng.SuiteRunnerWorker.run(SuiteRunnerWorker.java:86)
	at org.testng.TestNG.runSuitesSequentially(TestNG.java:1293)
	at org.testng.TestNG.runSuitesLocally(TestNG.java:1218)
	at org.testng.TestNG.runSuites(TestNG.java:1133)
	at org.testng.TestNG.run(TestNG.java:1104)
	at org.testng.remote.AbstractRemoteTestNG.run(AbstractRemoteTestNG.java:132)
	at org.testng.remote.RemoteTestNG.initAndRun(RemoteTestNG.java:236)
	at org.testng.remote.RemoteTestNG.main(RemoteTestNG.java:81)
]]>
            </full-stacktrace>
          </exception> <!-- java.lang.AssertionError -->
          <reporter-output>
          </reporter-output>
        </test-method> <!-- test -->
        <test-method status="PASS" signature="am()[pri:0, instance:core.ElementsValidationTest@d8355a8]" test-instance-name="Confirmation Button (Back)" name="am" is-config="true" duration-ms="2952" started-at="2017-02-21T13:42:40Z" finished-at="2017-02-21T13:42:43Z">
          <reporter-output>
          </reporter-output>
        </test-method> <!-- am -->
        <test-method status="PASS" signature="bm(java.lang.reflect.Method, [Ljava.lang.Object;)[pri:0, instance:core.ElementsValidationTest@d8355a8]" test-instance-name="Confirmation Button (Back)" name="bm" is-config="true" duration-ms="1" started-at="2017-02-21T13:42:43Z" finished-at="2017-02-21T13:42:43Z">
          <params>
            <param index="0">
              <value>
                <![CDATA[public void core.ElementsValidationTest.test(java.lang.String,java.lang.String,java.lang.String,java.lang.String,java.lang.String) throws java.io.IOException]]>
              </value>
            </param>
            <param index="1">
              <value>
                <![CDATA[[Ljava.lang.Object;@4a07d605]]>
              </value>
            </param>
          </params>
          <reporter-output>
          </reporter-output>
        </test-method> <!-- bm -->
        <test-method status="FAIL" signature="test(java.lang.String, java.lang.String, java.lang.String, java.lang.String, java.lang.String)[pri:0, instance:core.ElementsValidationTest@d8355a8]" test-instance-name="Confirmation Button (Back)" name="test" duration-ms="2296" started-at="2017-02-21T13:42:43Z" data-provider="dp" finished-at="2017-02-21T13:42:46Z">
          <params>
            <param index="0">
              <value>
                <![CDATA[Label (phone number)]]>
              </value>
            </param>
            <param index="1">
              <value>
                <![CDATA[index.php]]>
              </value>
            </param>
            <param index="2">
              <value>
                <![CDATA[id_f_label_pn]]>
              </value>
            </param>
            <param index="3">
              <value>
                <![CDATA[(143, 25)]]>
              </value>
            </param>
            <param index="4">
              <value>
                <![CDATA[(985, 233)		]]>
              </value>
            </param>
          </params>
          <exception class="java.lang.AssertionError">
            <message>
              <![CDATA[
Expected: "(985, 233)\t\t"
     but: was "(985, 233)"]]>
            </message>
            <full-stacktrace>
              <![CDATA[java.lang.AssertionError: 
Expected: "(985, 233)\t\t"
     but: was "(985, 233)"
	at org.hamcrest.MatcherAssert.assertThat(MatcherAssert.java:20)
	at org.hamcrest.MatcherAssert.assertThat(MatcherAssert.java:8)
	at core.ElementsValidationTest.test(ElementsValidationTest.java:60)
	at sun.reflect.NativeMethodAccessorImpl.invoke0(Native Method)
	at sun.reflect.NativeMethodAccessorImpl.invoke(NativeMethodAccessorImpl.java:62)
	at sun.reflect.DelegatingMethodAccessorImpl.invoke(DelegatingMethodAccessorImpl.java:43)
	at java.lang.reflect.Method.invoke(Method.java:498)
	at org.testng.internal.MethodInvocationHelper.invokeMethod(MethodInvocationHelper.java:104)
	at org.testng.internal.Invoker.invokeMethod(Invoker.java:645)
	at org.testng.internal.Invoker.invokeTestMethod(Invoker.java:851)
	at org.testng.internal.Invoker.invokeTestMethods(Invoker.java:1177)
	at org.testng.internal.TestMethodWorker.invokeTestMethods(TestMethodWorker.java:129)
	at org.testng.internal.TestMethodWorker.run(TestMethodWorker.java:112)
	at org.testng.TestRunner.privateRun(TestRunner.java:756)
	at org.testng.TestRunner.run(TestRunner.java:610)
	at org.testng.SuiteRunner.runTest(SuiteRunner.java:387)
	at org.testng.SuiteRunner.runSequentially(SuiteRunner.java:382)
	at org.testng.SuiteRunner.privateRun(SuiteRunner.java:340)
	at org.testng.SuiteRunner.run(SuiteRunner.java:289)
	at org.testng.SuiteRunnerWorker.runSuite(SuiteRunnerWorker.java:52)
	at org.testng.SuiteRunnerWorker.run(SuiteRunnerWorker.java:86)
	at org.testng.TestNG.runSuitesSequentially(TestNG.java:1293)
	at org.testng.TestNG.runSuitesLocally(TestNG.java:1218)
	at org.testng.TestNG.runSuites(TestNG.java:1133)
	at org.testng.TestNG.run(TestNG.java:1104)
	at org.testng.remote.AbstractRemoteTestNG.run(AbstractRemoteTestNG.java:132)
	at org.testng.remote.RemoteTestNG.initAndRun(RemoteTestNG.java:236)
	at org.testng.remote.RemoteTestNG.main(RemoteTestNG.java:81)
]]>
            </full-stacktrace>
          </exception> <!-- java.lang.AssertionError -->
          <reporter-output>
          </reporter-output>
        </test-method> <!-- test -->
        <test-method status="PASS" signature="am()[pri:0, instance:core.ElementsValidationTest@d8355a8]" test-instance-name="Confirmation Button (Back)" name="am" is-config="true" duration-ms="2986" started-at="2017-02-21T13:42:46Z" finished-at="2017-02-21T13:42:49Z">
          <reporter-output>
          </reporter-output>
        </test-method> <!-- am -->
        <test-method status="FAIL" signature="test(java.lang.String, java.lang.String, java.lang.String, java.lang.String, java.lang.String)[pri:0, instance:core.ElementsValidationTest@d8355a8]" test-instance-name="Confirmation Button (Back)" name="test" duration-ms="2171" started-at="2017-02-21T13:42:49Z" data-provider="dp" finished-at="2017-02-21T13:42:51Z">
          <params>
            <param index="0">
              <value>
                <![CDATA[Field (phone number)]]>
              </value>
            </param>
            <param index="1">
              <value>
                <![CDATA[index.php]]>
              </value>
            </param>
            <param index="2">
              <value>
                <![CDATA[id_phone]]>
              </value>
            </param>
            <param index="3">
              <value>
                <![CDATA[(368, 42)]]>
              </value>
            </param>
            <param index="4">
              <value>
                <![CDATA[(985, 263)		]]>
              </value>
            </param>
          </params>
          <exception class="java.lang.AssertionError">
            <message>
              <![CDATA[
Expected: "(985, 263)\t\t"
     but: was "(985, 263)"]]>
            </message>
            <full-stacktrace>
              <![CDATA[java.lang.AssertionError: 
Expected: "(985, 263)\t\t"
     but: was "(985, 263)"
	at org.hamcrest.MatcherAssert.assertThat(MatcherAssert.java:20)
	at org.hamcrest.MatcherAssert.assertThat(MatcherAssert.java:8)
	at core.ElementsValidationTest.test(ElementsValidationTest.java:60)
	at sun.reflect.NativeMethodAccessorImpl.invoke0(Native Method)
	at sun.reflect.NativeMethodAccessorImpl.invoke(NativeMethodAccessorImpl.java:62)
	at sun.reflect.DelegatingMethodAccessorImpl.invoke(DelegatingMethodAccessorImpl.java:43)
	at java.lang.reflect.Method.invoke(Method.java:498)
	at org.testng.internal.MethodInvocationHelper.invokeMethod(MethodInvocationHelper.java:104)
	at org.testng.internal.Invoker.invokeMethod(Invoker.java:645)
	at org.testng.internal.Invoker.invokeTestMethod(Invoker.java:851)
	at org.testng.internal.Invoker.invokeTestMethods(Invoker.java:1177)
	at org.testng.internal.TestMethodWorker.invokeTestMethods(TestMethodWorker.java:129)
	at org.testng.internal.TestMethodWorker.run(TestMethodWorker.java:112)
	at org.testng.TestRunner.privateRun(TestRunner.java:756)
	at org.testng.TestRunner.run(TestRunner.java:610)
	at org.testng.SuiteRunner.runTest(SuiteRunner.java:387)
	at org.testng.SuiteRunner.runSequentially(SuiteRunner.java:382)
	at org.testng.SuiteRunner.privateRun(SuiteRunner.java:340)
	at org.testng.SuiteRunner.run(SuiteRunner.java:289)
	at org.testng.SuiteRunnerWorker.runSuite(SuiteRunnerWorker.java:52)
	at org.testng.SuiteRunnerWorker.run(SuiteRunnerWorker.java:86)
	at org.testng.TestNG.runSuitesSequentially(TestNG.java:1293)
	at org.testng.TestNG.runSuitesLocally(TestNG.java:1218)
	at org.testng.TestNG.runSuites(TestNG.java:1133)
	at org.testng.TestNG.run(TestNG.java:1104)
	at org.testng.remote.AbstractRemoteTestNG.run(AbstractRemoteTestNG.java:132)
	at org.testng.remote.RemoteTestNG.initAndRun(RemoteTestNG.java:236)
	at org.testng.remote.RemoteTestNG.main(RemoteTestNG.java:81)
]]>
            </full-stacktrace>
          </exception> <!-- java.lang.AssertionError -->
          <reporter-output>
          </reporter-output>
        </test-method> <!-- test -->
        <test-method status="PASS" signature="bm(java.lang.reflect.Method, [Ljava.lang.Object;)[pri:0, instance:core.ElementsValidationTest@d8355a8]" test-instance-name="Confirmation Button (Back)" name="bm" is-config="true" duration-ms="0" started-at="2017-02-21T13:42:49Z" finished-at="2017-02-21T13:42:49Z">
          <params>
            <param index="0">
              <value>
                <![CDATA[public void core.ElementsValidationTest.test(java.lang.String,java.lang.String,java.lang.String,java.lang.String,java.lang.String) throws java.io.IOException]]>
              </value>
            </param>
            <param index="1">
              <value>
                <![CDATA[[Ljava.lang.Object;@74287ea3]]>
              </value>
            </param>
          </params>
          <reporter-output>
          </reporter-output>
        </test-method> <!-- bm -->
        <test-method status="PASS" signature="am()[pri:0, instance:core.ElementsValidationTest@d8355a8]" test-instance-name="Confirmation Button (Back)" name="am" is-config="true" duration-ms="2988" started-at="2017-02-21T13:42:51Z" finished-at="2017-02-21T13:42:54Z">
          <reporter-output>
          </reporter-output>
        </test-method> <!-- am -->
        <test-method status="PASS" signature="bm(java.lang.reflect.Method, [Ljava.lang.Object;)[pri:0, instance:core.ElementsValidationTest@d8355a8]" test-instance-name="Confirmation Button (Back)" name="bm" is-config="true" duration-ms="1" started-at="2017-02-21T13:42:54Z" finished-at="2017-02-21T13:42:54Z">
          <params>
            <param index="0">
              <value>
                <![CDATA[public void core.ElementsValidationTest.test(java.lang.String,java.lang.String,java.lang.String,java.lang.String,java.lang.String) throws java.io.IOException]]>
              </value>
            </param>
            <param index="1">
              <value>
                <![CDATA[[Ljava.lang.Object;@7d7758be]]>
              </value>
            </param>
          </params>
          <reporter-output>
          </reporter-output>
        </test-method> <!-- bm -->
        <test-method status="FAIL" signature="test(java.lang.String, java.lang.String, java.lang.String, java.lang.String, java.lang.String)[pri:0, instance:core.ElementsValidationTest@d8355a8]" test-instance-name="Confirmation Button (Back)" name="test" duration-ms="2160" started-at="2017-02-21T13:42:54Z" data-provider="dp" finished-at="2017-02-21T13:42:56Z">
          <params>
            <param index="0">
              <value>
                <![CDATA[Label (radio male)]]>
              </value>
            </param>
            <param index="1">
              <value>
                <![CDATA[index.php]]>
              </value>
            </param>
            <param index="2">
              <value>
                <![CDATA[id_r_label_m]]>
              </value>
            </param>
            <param index="3">
              <value>
                <![CDATA[(43, 23)]]>
              </value>
            </param>
            <param index="4">
              <value>
                <![CDATA[(612, 354)		]]>
              </value>
            </param>
          </params>
          <exception class="java.lang.AssertionError">
            <message>
              <![CDATA[
Expected: "(612, 354)\t\t"
     but: was "(612, 354)"]]>
            </message>
            <full-stacktrace>
              <![CDATA[java.lang.AssertionError: 
Expected: "(612, 354)\t\t"
     but: was "(612, 354)"
	at org.hamcrest.MatcherAssert.assertThat(MatcherAssert.java:20)
	at org.hamcrest.MatcherAssert.assertThat(MatcherAssert.java:8)
	at core.ElementsValidationTest.test(ElementsValidationTest.java:60)
	at sun.reflect.NativeMethodAccessorImpl.invoke0(Native Method)
	at sun.reflect.NativeMethodAccessorImpl.invoke(NativeMethodAccessorImpl.java:62)
	at sun.reflect.DelegatingMethodAccessorImpl.invoke(DelegatingMethodAccessorImpl.java:43)
	at java.lang.reflect.Method.invoke(Method.java:498)
	at org.testng.internal.MethodInvocationHelper.invokeMethod(MethodInvocationHelper.java:104)
	at org.testng.internal.Invoker.invokeMethod(Invoker.java:645)
	at org.testng.internal.Invoker.invokeTestMethod(Invoker.java:851)
	at org.testng.internal.Invoker.invokeTestMethods(Invoker.java:1177)
	at org.testng.internal.TestMethodWorker.invokeTestMethods(TestMethodWorker.java:129)
	at org.testng.internal.TestMethodWorker.run(TestMethodWorker.java:112)
	at org.testng.TestRunner.privateRun(TestRunner.java:756)
	at org.testng.TestRunner.run(TestRunner.java:610)
	at org.testng.SuiteRunner.runTest(SuiteRunner.java:387)
	at org.testng.SuiteRunner.runSequentially(SuiteRunner.java:382)
	at org.testng.SuiteRunner.privateRun(SuiteRunner.java:340)
	at org.testng.SuiteRunner.run(SuiteRunner.java:289)
	at org.testng.SuiteRunnerWorker.runSuite(SuiteRunnerWorker.java:52)
	at org.testng.SuiteRunnerWorker.run(SuiteRunnerWorker.java:86)
	at org.testng.TestNG.runSuitesSequentially(TestNG.java:1293)
	at org.testng.TestNG.runSuitesLocally(TestNG.java:1218)
	at org.testng.TestNG.runSuites(TestNG.java:1133)
	at org.testng.TestNG.run(TestNG.java:1104)
	at org.testng.remote.AbstractRemoteTestNG.run(AbstractRemoteTestNG.java:132)
	at org.testng.remote.RemoteTestNG.initAndRun(RemoteTestNG.java:236)
	at org.testng.remote.RemoteTestNG.main(RemoteTestNG.java:81)
]]>
            </full-stacktrace>
          </exception> <!-- java.lang.AssertionError -->
          <reporter-output>
          </reporter-output>
        </test-method> <!-- test -->
        <test-method status="PASS" signature="am()[pri:0, instance:core.ElementsValidationTest@d8355a8]" test-instance-name="Confirmation Button (Back)" name="am" is-config="true" duration-ms="2989" started-at="2017-02-21T13:42:56Z" finished-at="2017-02-21T13:42:59Z">
          <reporter-output>
          </reporter-output>
        </test-method> <!-- am -->
        <test-method status="PASS" signature="bm(java.lang.reflect.Method, [Ljava.lang.Object;)[pri:0, instance:core.ElementsValidationTest@d8355a8]" test-instance-name="Confirmation Button (Back)" name="bm" is-config="true" duration-ms="0" started-at="2017-02-21T13:42:59Z" finished-at="2017-02-21T13:42:59Z">
          <params>
            <param index="0">
              <value>
                <![CDATA[public void core.ElementsValidationTest.test(java.lang.String,java.lang.String,java.lang.String,java.lang.String,java.lang.String) throws java.io.IOException]]>
              </value>
            </param>
            <param index="1">
              <value>
                <![CDATA[[Ljava.lang.Object;@2bdd8394]]>
              </value>
            </param>
          </params>
          <reporter-output>
          </reporter-output>
        </test-method> <!-- bm -->
        <test-method status="FAIL" signature="test(java.lang.String, java.lang.String, java.lang.String, java.lang.String, java.lang.String)[pri:0, instance:core.ElementsValidationTest@d8355a8]" test-instance-name="Confirmation Button (Back)" name="test" duration-ms="2190" started-at="2017-02-21T13:42:59Z" data-provider="dp" finished-at="2017-02-21T13:43:01Z">
          <params>
            <param index="0">
              <value>
                <![CDATA[Radio Button (male)]]>
              </value>
            </param>
            <param index="1">
              <value>
                <![CDATA[index.php]]>
              </value>
            </param>
            <param index="2">
              <value>
                <![CDATA[id_g_radio_01]]>
              </value>
            </param>
            <param index="3">
              <value>
                <![CDATA[(26, 26)]]>
              </value>
            </param>
            <param index="4">
              <value>
                <![CDATA[(571, 353)		]]>
              </value>
            </param>
          </params>
          <exception class="java.lang.AssertionError">
            <message>
              <![CDATA[
Expected: "(571, 353)\t\t"
     but: was "(571, 353)"]]>
            </message>
            <full-stacktrace>
              <![CDATA[java.lang.AssertionError: 
Expected: "(571, 353)\t\t"
     but: was "(571, 353)"
	at org.hamcrest.MatcherAssert.assertThat(MatcherAssert.java:20)
	at org.hamcrest.MatcherAssert.assertThat(MatcherAssert.java:8)
	at core.ElementsValidationTest.test(ElementsValidationTest.java:60)
	at sun.reflect.NativeMethodAccessorImpl.invoke0(Native Method)
	at sun.reflect.NativeMethodAccessorImpl.invoke(NativeMethodAccessorImpl.java:62)
	at sun.reflect.DelegatingMethodAccessorImpl.invoke(DelegatingMethodAccessorImpl.java:43)
	at java.lang.reflect.Method.invoke(Method.java:498)
	at org.testng.internal.MethodInvocationHelper.invokeMethod(MethodInvocationHelper.java:104)
	at org.testng.internal.Invoker.invokeMethod(Invoker.java:645)
	at org.testng.internal.Invoker.invokeTestMethod(Invoker.java:851)
	at org.testng.internal.Invoker.invokeTestMethods(Invoker.java:1177)
	at org.testng.internal.TestMethodWorker.invokeTestMethods(TestMethodWorker.java:129)
	at org.testng.internal.TestMethodWorker.run(TestMethodWorker.java:112)
	at org.testng.TestRunner.privateRun(TestRunner.java:756)
	at org.testng.TestRunner.run(TestRunner.java:610)
	at org.testng.SuiteRunner.runTest(SuiteRunner.java:387)
	at org.testng.SuiteRunner.runSequentially(SuiteRunner.java:382)
	at org.testng.SuiteRunner.privateRun(SuiteRunner.java:340)
	at org.testng.SuiteRunner.run(SuiteRunner.java:289)
	at org.testng.SuiteRunnerWorker.runSuite(SuiteRunnerWorker.java:52)
	at org.testng.SuiteRunnerWorker.run(SuiteRunnerWorker.java:86)
	at org.testng.TestNG.runSuitesSequentially(TestNG.java:1293)
	at org.testng.TestNG.runSuitesLocally(TestNG.java:1218)
	at org.testng.TestNG.runSuites(TestNG.java:1133)
	at org.testng.TestNG.run(TestNG.java:1104)
	at org.testng.remote.AbstractRemoteTestNG.run(AbstractRemoteTestNG.java:132)
	at org.testng.remote.RemoteTestNG.initAndRun(RemoteTestNG.java:236)
	at org.testng.remote.RemoteTestNG.main(RemoteTestNG.java:81)
]]>
            </full-stacktrace>
          </exception> <!-- java.lang.AssertionError -->
          <reporter-output>
          </reporter-output>
        </test-method> <!-- test -->
        <test-method status="PASS" signature="am()[pri:0, instance:core.ElementsValidationTest@d8355a8]" test-instance-name="Confirmation Button (Back)" name="am" is-config="true" duration-ms="2990" started-at="2017-02-21T13:43:01Z" finished-at="2017-02-21T13:43:04Z">
          <reporter-output>
          </reporter-output>
        </test-method> <!-- am -->
        <test-method status="PASS" signature="bm(java.lang.reflect.Method, [Ljava.lang.Object;)[pri:0, instance:core.ElementsValidationTest@d8355a8]" test-instance-name="Confirmation Button (Back)" name="bm" is-config="true" duration-ms="1" started-at="2017-02-21T13:43:04Z" finished-at="2017-02-21T13:43:04Z">
          <params>
            <param index="0">
              <value>
                <![CDATA[public void core.ElementsValidationTest.test(java.lang.String,java.lang.String,java.lang.String,java.lang.String,java.lang.String) throws java.io.IOException]]>
              </value>
            </param>
            <param index="1">
              <value>
                <![CDATA[[Ljava.lang.Object;@5f9edf14]]>
              </value>
            </param>
          </params>
          <reporter-output>
          </reporter-output>
        </test-method> <!-- bm -->
        <test-method status="FAIL" signature="test(java.lang.String, java.lang.String, java.lang.String, java.lang.String, java.lang.String)[pri:0, instance:core.ElementsValidationTest@d8355a8]" test-instance-name="Confirmation Button (Back)" name="test" duration-ms="2249" started-at="2017-02-21T13:43:04Z" data-provider="dp" finished-at="2017-02-21T13:43:06Z">
          <params>
            <param index="0">
              <value>
                <![CDATA[Label (radio female)]]>
              </value>
            </param>
            <param index="1">
              <value>
                <![CDATA[index.php]]>
              </value>
            </param>
            <param index="2">
              <value>
                <![CDATA[id_r_label_f]]>
              </value>
            </param>
            <param index="3">
              <value>
                <![CDATA[(66, 23)]]>
              </value>
            </param>
            <param index="4">
              <value>
                <![CDATA[(792, 354)		]]>
              </value>
            </param>
          </params>
          <exception class="java.lang.AssertionError">
            <message>
              <![CDATA[
Expected: "(792, 354)\t\t"
     but: was "(792, 354)"]]>
            </message>
            <full-stacktrace>
              <![CDATA[java.lang.AssertionError: 
Expected: "(792, 354)\t\t"
     but: was "(792, 354)"
	at org.hamcrest.MatcherAssert.assertThat(MatcherAssert.java:20)
	at org.hamcrest.MatcherAssert.assertThat(MatcherAssert.java:8)
	at core.ElementsValidationTest.test(ElementsValidationTest.java:60)
	at sun.reflect.NativeMethodAccessorImpl.invoke0(Native Method)
	at sun.reflect.NativeMethodAccessorImpl.invoke(NativeMethodAccessorImpl.java:62)
	at sun.reflect.DelegatingMethodAccessorImpl.invoke(DelegatingMethodAccessorImpl.java:43)
	at java.lang.reflect.Method.invoke(Method.java:498)
	at org.testng.internal.MethodInvocationHelper.invokeMethod(MethodInvocationHelper.java:104)
	at org.testng.internal.Invoker.invokeMethod(Invoker.java:645)
	at org.testng.internal.Invoker.invokeTestMethod(Invoker.java:851)
	at org.testng.internal.Invoker.invokeTestMethods(Invoker.java:1177)
	at org.testng.internal.TestMethodWorker.invokeTestMethods(TestMethodWorker.java:129)
	at org.testng.internal.TestMethodWorker.run(TestMethodWorker.java:112)
	at org.testng.TestRunner.privateRun(TestRunner.java:756)
	at org.testng.TestRunner.run(TestRunner.java:610)
	at org.testng.SuiteRunner.runTest(SuiteRunner.java:387)
	at org.testng.SuiteRunner.runSequentially(SuiteRunner.java:382)
	at org.testng.SuiteRunner.privateRun(SuiteRunner.java:340)
	at org.testng.SuiteRunner.run(SuiteRunner.java:289)
	at org.testng.SuiteRunnerWorker.runSuite(SuiteRunnerWorker.java:52)
	at org.testng.SuiteRunnerWorker.run(SuiteRunnerWorker.java:86)
	at org.testng.TestNG.runSuitesSequentially(TestNG.java:1293)
	at org.testng.TestNG.runSuitesLocally(TestNG.java:1218)
	at org.testng.TestNG.runSuites(TestNG.java:1133)
	at org.testng.TestNG.run(TestNG.java:1104)
	at org.testng.remote.AbstractRemoteTestNG.run(AbstractRemoteTestNG.java:132)
	at org.testng.remote.RemoteTestNG.initAndRun(RemoteTestNG.java:236)
	at org.testng.remote.RemoteTestNG.main(RemoteTestNG.java:81)
]]>
            </full-stacktrace>
          </exception> <!-- java.lang.AssertionError -->
          <reporter-output>
          </reporter-output>
        </test-method> <!-- test -->
        <test-method status="PASS" signature="am()[pri:0, instance:core.ElementsValidationTest@d8355a8]" test-instance-name="Confirmation Button (Back)" name="am" is-config="true" duration-ms="2966" started-at="2017-02-21T13:43:06Z" finished-at="2017-02-21T13:43:09Z">
          <reporter-output>
          </reporter-output>
        </test-method> <!-- am -->
        <test-method status="PASS" signature="bm(java.lang.reflect.Method, [Ljava.lang.Object;)[pri:0, instance:core.ElementsValidationTest@d8355a8]" test-instance-name="Confirmation Button (Back)" name="bm" is-config="true" duration-ms="1" started-at="2017-02-21T13:43:09Z" finished-at="2017-02-21T13:43:09Z">
          <params>
            <param index="0">
              <value>
                <![CDATA[public void core.ElementsValidationTest.test(java.lang.String,java.lang.String,java.lang.String,java.lang.String,java.lang.String) throws java.io.IOException]]>
              </value>
            </param>
            <param index="1">
              <value>
                <![CDATA[[Ljava.lang.Object;@68746f22]]>
              </value>
            </param>
          </params>
          <reporter-output>
          </reporter-output>
        </test-method> <!-- bm -->
        <test-method status="FAIL" signature="test(java.lang.String, java.lang.String, java.lang.String, java.lang.String, java.lang.String)[pri:0, instance:core.ElementsValidationTest@d8355a8]" test-instance-name="Confirmation Button (Back)" name="test" duration-ms="2149" started-at="2017-02-21T13:43:09Z" data-provider="dp" finished-at="2017-02-21T13:43:11Z">
          <params>
            <param index="0">
              <value>
                <![CDATA[Radio Button (female)]]>
              </value>
            </param>
            <param index="1">
              <value>
                <![CDATA[index.php]]>
              </value>
            </param>
            <param index="2">
              <value>
                <![CDATA[id_g_radio_02]]>
              </value>
            </param>
            <param index="3">
              <value>
                <![CDATA[(26, 26)]]>
              </value>
            </param>
            <param index="4">
              <value>
                <![CDATA[(751, 353)		]]>
              </value>
            </param>
          </params>
          <exception class="java.lang.AssertionError">
            <message>
              <![CDATA[
Expected: "(751, 353)\t\t"
     but: was "(751, 353)"]]>
            </message>
            <full-stacktrace>
              <![CDATA[java.lang.AssertionError: 
Expected: "(751, 353)\t\t"
     but: was "(751, 353)"
	at org.hamcrest.MatcherAssert.assertThat(MatcherAssert.java:20)
	at org.hamcrest.MatcherAssert.assertThat(MatcherAssert.java:8)
	at core.ElementsValidationTest.test(ElementsValidationTest.java:60)
	at sun.reflect.GeneratedMethodAccessor5.invoke(Unknown Source)
	at sun.reflect.DelegatingMethodAccessorImpl.invoke(DelegatingMethodAccessorImpl.java:43)
	at java.lang.reflect.Method.invoke(Method.java:498)
	at org.testng.internal.MethodInvocationHelper.invokeMethod(MethodInvocationHelper.java:104)
	at org.testng.internal.Invoker.invokeMethod(Invoker.java:645)
	at org.testng.internal.Invoker.invokeTestMethod(Invoker.java:851)
	at org.testng.internal.Invoker.invokeTestMethods(Invoker.java:1177)
	at org.testng.internal.TestMethodWorker.invokeTestMethods(TestMethodWorker.java:129)
	at org.testng.internal.TestMethodWorker.run(TestMethodWorker.java:112)
	at org.testng.TestRunner.privateRun(TestRunner.java:756)
	at org.testng.TestRunner.run(TestRunner.java:610)
	at org.testng.SuiteRunner.runTest(SuiteRunner.java:387)
	at org.testng.SuiteRunner.runSequentially(SuiteRunner.java:382)
	at org.testng.SuiteRunner.privateRun(SuiteRunner.java:340)
	at org.testng.SuiteRunner.run(SuiteRunner.java:289)
	at org.testng.SuiteRunnerWorker.runSuite(SuiteRunnerWorker.java:52)
	at org.testng.SuiteRunnerWorker.run(SuiteRunnerWorker.java:86)
	at org.testng.TestNG.runSuitesSequentially(TestNG.java:1293)
	at org.testng.TestNG.runSuitesLocally(TestNG.java:1218)
	at org.testng.TestNG.runSuites(TestNG.java:1133)
	at org.testng.TestNG.run(TestNG.java:1104)
	at org.testng.remote.AbstractRemoteTestNG.run(AbstractRemoteTestNG.java:132)
	at org.testng.remote.RemoteTestNG.initAndRun(RemoteTestNG.java:236)
	at org.testng.remote.RemoteTestNG.main(RemoteTestNG.java:81)
]]>
            </full-stacktrace>
          </exception> <!-- java.lang.AssertionError -->
          <reporter-output>
          </reporter-output>
        </test-method> <!-- test -->
        <test-method status="PASS" signature="am()[pri:0, instance:core.ElementsValidationTest@d8355a8]" test-instance-name="Confirmation Button (Back)" name="am" is-config="true" duration-ms="2998" started-at="2017-02-21T13:43:11Z" finished-at="2017-02-21T13:43:14Z">
          <reporter-output>
          </reporter-output>
        </test-method> <!-- am -->
        <test-method status="PASS" signature="bm(java.lang.reflect.Method, [Ljava.lang.Object;)[pri:0, instance:core.ElementsValidationTest@d8355a8]" test-instance-name="Confirmation Button (Back)" name="bm" is-config="true" duration-ms="1" started-at="2017-02-21T13:43:14Z" finished-at="2017-02-21T13:43:14Z">
          <params>
            <param index="0">
              <value>
                <![CDATA[public void core.ElementsValidationTest.test(java.lang.String,java.lang.String,java.lang.String,java.lang.String,java.lang.String) throws java.io.IOException]]>
              </value>
            </param>
            <param index="1">
              <value>
                <![CDATA[[Ljava.lang.Object;@2f01783a]]>
              </value>
            </param>
          </params>
          <reporter-output>
          </reporter-output>
        </test-method> <!-- bm -->
        <test-method status="FAIL" signature="test(java.lang.String, java.lang.String, java.lang.String, java.lang.String, java.lang.String)[pri:0, instance:core.ElementsValidationTest@d8355a8]" test-instance-name="Confirmation Button (Back)" name="test" duration-ms="2247" started-at="2017-02-21T13:43:14Z" data-provider="dp" finished-at="2017-02-21T13:43:17Z">
          <params>
            <param index="0">
              <value>
                <![CDATA[Label (state)]]>
              </value>
            </param>
            <param index="1">
              <value>
                <![CDATA[index.php]]>
              </value>
            </param>
            <param index="2">
              <value>
                <![CDATA[id_f_label_s]]>
              </value>
            </param>
            <param index="3">
              <value>
                <![CDATA[(50, 25)]]>
              </value>
            </param>
            <param index="4">
              <value>
                <![CDATA[(985, 312)		]]>
              </value>
            </param>
          </params>
          <exception class="java.lang.AssertionError">
            <message>
              <![CDATA[
Expected: "(985, 312)\t\t"
     but: was "(985, 312)"]]>
            </message>
            <full-stacktrace>
              <![CDATA[java.lang.AssertionError: 
Expected: "(985, 312)\t\t"
     but: was "(985, 312)"
	at org.hamcrest.MatcherAssert.assertThat(MatcherAssert.java:20)
	at org.hamcrest.MatcherAssert.assertThat(MatcherAssert.java:8)
	at core.ElementsValidationTest.test(ElementsValidationTest.java:60)
	at sun.reflect.GeneratedMethodAccessor5.invoke(Unknown Source)
	at sun.reflect.DelegatingMethodAccessorImpl.invoke(DelegatingMethodAccessorImpl.java:43)
	at java.lang.reflect.Method.invoke(Method.java:498)
	at org.testng.internal.MethodInvocationHelper.invokeMethod(MethodInvocationHelper.java:104)
	at org.testng.internal.Invoker.invokeMethod(Invoker.java:645)
	at org.testng.internal.Invoker.invokeTestMethod(Invoker.java:851)
	at org.testng.internal.Invoker.invokeTestMethods(Invoker.java:1177)
	at org.testng.internal.TestMethodWorker.invokeTestMethods(TestMethodWorker.java:129)
	at org.testng.internal.TestMethodWorker.run(TestMethodWorker.java:112)
	at org.testng.TestRunner.privateRun(TestRunner.java:756)
	at org.testng.TestRunner.run(TestRunner.java:610)
	at org.testng.SuiteRunner.runTest(SuiteRunner.java:387)
	at org.testng.SuiteRunner.runSequentially(SuiteRunner.java:382)
	at org.testng.SuiteRunner.privateRun(SuiteRunner.java:340)
	at org.testng.SuiteRunner.run(SuiteRunner.java:289)
	at org.testng.SuiteRunnerWorker.runSuite(SuiteRunnerWorker.java:52)
	at org.testng.SuiteRunnerWorker.run(SuiteRunnerWorker.java:86)
	at org.testng.TestNG.runSuitesSequentially(TestNG.java:1293)
	at org.testng.TestNG.runSuitesLocally(TestNG.java:1218)
	at org.testng.TestNG.runSuites(TestNG.java:1133)
	at org.testng.TestNG.run(TestNG.java:1104)
	at org.testng.remote.AbstractRemoteTestNG.run(AbstractRemoteTestNG.java:132)
	at org.testng.remote.RemoteTestNG.initAndRun(RemoteTestNG.java:236)
	at org.testng.remote.RemoteTestNG.main(RemoteTestNG.java:81)
]]>
            </full-stacktrace>
          </exception> <!-- java.lang.AssertionError -->
          <reporter-output>
          </reporter-output>
        </test-method> <!-- test -->
        <test-method status="PASS" signature="am()[pri:0, instance:core.ElementsValidationTest@d8355a8]" test-instance-name="Confirmation Button (Back)" name="am" is-config="true" duration-ms="2950" started-at="2017-02-21T13:43:17Z" finished-at="2017-02-21T13:43:20Z">
          <reporter-output>
          </reporter-output>
        </test-method> <!-- am -->
        <test-method status="FAIL" signature="test(java.lang.String, java.lang.String, java.lang.String, java.lang.String, java.lang.String)[pri:0, instance:core.ElementsValidationTest@d8355a8]" test-instance-name="Confirmation Button (Back)" name="test" duration-ms="2186" started-at="2017-02-21T13:43:20Z" data-provider="dp" finished-at="2017-02-21T13:43:22Z">
          <params>
            <param index="0">
              <value>
                <![CDATA[Drop-down List (state)]]>
              </value>
            </param>
            <param index="1">
              <value>
                <![CDATA[index.php]]>
              </value>
            </param>
            <param index="2">
              <value>
                <![CDATA[id_state]]>
              </value>
            </param>
            <param index="3">
              <value>
                <![CDATA[(345, 44)]]>
              </value>
            </param>
            <param index="4">
              <value>
                <![CDATA[(985, 342)		]]>
              </value>
            </param>
          </params>
          <exception class="java.lang.AssertionError">
            <message>
              <![CDATA[
Expected: "(985, 342)\t\t"
     but: was "(985, 342)"]]>
            </message>
            <full-stacktrace>
              <![CDATA[java.lang.AssertionError: 
Expected: "(985, 342)\t\t"
     but: was "(985, 342)"
	at org.hamcrest.MatcherAssert.assertThat(MatcherAssert.java:20)
	at org.hamcrest.MatcherAssert.assertThat(MatcherAssert.java:8)
	at core.ElementsValidationTest.test(ElementsValidationTest.java:60)
	at sun.reflect.GeneratedMethodAccessor5.invoke(Unknown Source)
	at sun.reflect.DelegatingMethodAccessorImpl.invoke(DelegatingMethodAccessorImpl.java:43)
	at java.lang.reflect.Method.invoke(Method.java:498)
	at org.testng.internal.MethodInvocationHelper.invokeMethod(MethodInvocationHelper.java:104)
	at org.testng.internal.Invoker.invokeMethod(Invoker.java:645)
	at org.testng.internal.Invoker.invokeTestMethod(Invoker.java:851)
	at org.testng.internal.Invoker.invokeTestMethods(Invoker.java:1177)
	at org.testng.internal.TestMethodWorker.invokeTestMethods(TestMethodWorker.java:129)
	at org.testng.internal.TestMethodWorker.run(TestMethodWorker.java:112)
	at org.testng.TestRunner.privateRun(TestRunner.java:756)
	at org.testng.TestRunner.run(TestRunner.java:610)
	at org.testng.SuiteRunner.runTest(SuiteRunner.java:387)
	at org.testng.SuiteRunner.runSequentially(SuiteRunner.java:382)
[...]
	at org.testng.TestRunner.privateRun(TestRunner.java:756)
	at org.testng.TestRunner.run(TestRunner.java:610)
	at org.testng.SuiteRunner.runTest(SuiteRunner.java:387)
	at org.testng.SuiteRunner.runSequentially(SuiteRunner.java:382)
	at org.testng.SuiteRunner.privateRun(SuiteRunner.java:340)
	at org.testng.SuiteRunner.run(SuiteRunner.java:289)
	at org.testng.SuiteRunnerWorker.runSuite(SuiteRunnerWorker.java:52)
	at org.testng.SuiteRunnerWorker.run(SuiteRunnerWorker.java:86)
	at org.testng.TestNG.runSuitesSequentially(TestNG.java:1293)
	at org.testng.TestNG.runSuitesLocally(TestNG.java:1218)
	at org.testng.TestNG.runSuites(TestNG.java:1133)
	at org.testng.TestNG.run(TestNG.java:1104)
	at org.testng.remote.AbstractRemoteTestNG.run(AbstractRemoteTestNG.java:132)
	at org.testng.remote.RemoteTestNG.initAndRun(RemoteTestNG.java:236)
	at org.testng.remote.RemoteTestNG.main(RemoteTestNG.java:81)
]]>
            </full-stacktrace>
          </exception> <!-- java.lang.AssertionError -->
          <reporter-output>
          </reporter-output>
        </test-method> <!-- test -->
        <test-method status="PASS" signature="am()[pri:0, instance:core.ElementsValidationTest@d8355a8]" test-instance-name="Confirmation Button (Back)" name="am" is-config="true" duration-ms="3011" started-at="2017-02-21T13:45:26Z" finished-at="2017-02-21T13:45:29Z">
          <reporter-output>
          </reporter-output>
        </test-method> <!-- am -->
        <test-method status="FAIL" signature="test(java.lang.String, java.lang.String, java.lang.String, java.lang.String, java.lang.String)[pri:0, instance:core.ElementsValidationTest@d8355a8]" test-instance-name="Confirmation Button (Back)" name="test" duration-ms="2622" started-at="2017-02-21T13:45:29Z" data-provider="dp" finished-at="2017-02-21T13:45:32Z">
          <params>
            <param index="0">
              <value>
                <![CDATA[Confirmation Field (state)]]>
              </value>
            </param>
            <param index="1">
              <value>
                <![CDATA[confirmation.php]]>
              </value>
            </param>
            <param index="2">
              <value>
                <![CDATA[id_state_conf]]>
              </value>
            </param>
            <param index="3">
              <value>
                <![CDATA[(10, 42)]]>
              </value>
            </param>
            <param index="4">
              <value>
                <![CDATA[(986, 346)		]]>
              </value>
            </param>
          </params>
          <exception class="java.lang.AssertionError">
            <message>
              <![CDATA[
Expected: "(986, 346)\t\t"
     but: was "(986, 346)"]]>
            </message>
            <full-stacktrace>
              <![CDATA[java.lang.AssertionError: 
Expected: "(986, 346)\t\t"
     but: was "(986, 346)"
	at org.hamcrest.MatcherAssert.assertThat(MatcherAssert.java:20)
	at org.hamcrest.MatcherAssert.assertThat(MatcherAssert.java:8)
	at core.ElementsValidationTest.test(ElementsValidationTest.java:60)
	at sun.reflect.GeneratedMethodAccessor5.invoke(Unknown Source)
	at sun.reflect.DelegatingMethodAccessorImpl.invoke(DelegatingMethodAccessorImpl.java:43)
	at java.lang.reflect.Method.invoke(Method.java:498)
	at org.testng.internal.MethodInvocationHelper.invokeMethod(MethodInvocationHelper.java:104)
	at org.testng.internal.Invoker.invokeMethod(Invoker.java:645)
	at org.testng.internal.Invoker.invokeTestMethod(Invoker.java:851)
	at org.testng.internal.Invoker.invokeTestMethods(Invoker.java:1177)
	at org.testng.internal.TestMethodWorker.invokeTestMethods(TestMethodWorker.java:129)
	at org.testng.internal.TestMethodWorker.run(TestMethodWorker.java:112)
	at org.testng.TestRunner.privateRun(TestRunner.java:756)
	at org.testng.TestRunner.run(TestRunner.java:610)
	at org.testng.SuiteRunner.runTest(SuiteRunner.java:387)
	at org.testng.SuiteRunner.runSequentially(SuiteRunner.java:382)
	at org.testng.SuiteRunner.privateRun(SuiteRunner.java:340)
	at org.testng.SuiteRunner.run(SuiteRunner.java:289)
	at org.testng.SuiteRunnerWorker.runSuite(SuiteRunnerWorker.java:52)
	at org.testng.SuiteRunnerWorker.run(SuiteRunnerWorker.java:86)
	at org.testng.TestNG.runSuitesSequentially(TestNG.java:1293)
	at org.testng.TestNG.runSuitesLocally(TestNG.java:1218)
	at org.testng.TestNG.runSuites(TestNG.java:1133)
	at org.testng.TestNG.run(TestNG.java:1104)
	at org.testng.remote.AbstractRemoteTestNG.run(AbstractRemoteTestNG.java:132)
	at org.testng.remote.RemoteTestNG.initAndRun(RemoteTestNG.java:236)
	at org.testng.remote.RemoteTestNG.main(RemoteTestNG.java:81)
]]>
            </full-stacktrace>
          </exception> <!-- java.lang.AssertionError -->
          <reporter-output>
          </reporter-output>
        </test-method> <!-- test -->
        <test-method status="PASS" signature="bm(java.lang.reflect.Method, [Ljava.lang.Object;)[pri:0, instance:core.ElementsValidationTest@d8355a8]" test-instance-name="Confirmation Button (Back)" name="bm" is-config="true" duration-ms="0" started-at="2017-02-21T13:45:29Z" finished-at="2017-02-21T13:45:29Z">
          <params>
            <param index="0">
              <value>
                <![CDATA[public void core.ElementsValidationTest.test(java.lang.String,java.lang.String,java.lang.String,java.lang.String,java.lang.String) throws java.io.IOException]]>
              </value>
            </param>
            <param index="1">
              <value>
                <![CDATA[[Ljava.lang.Object;@53f3bdbd]]>
              </value>
            </param>
          </params>
          <reporter-output>
          </reporter-output>
        </test-method> <!-- bm -->
        <test-method status="PASS" signature="am()[pri:0, instance:core.ElementsValidationTest@d8355a8]" test-instance-name="Confirmation Button (Back)" name="am" is-config="true" duration-ms="2991" started-at="2017-02-21T13:45:32Z" finished-at="2017-02-21T13:45:35Z">
          <reporter-output>
          </reporter-output>
        </test-method> <!-- am -->
        <test-method status="FAIL" signature="test(java.lang.String, java.lang.String, java.lang.String, java.lang.String, java.lang.String)[pri:0, instance:core.ElementsValidationTest@d8355a8]" test-instance-name="Confirmation Button (Back)" name="test" duration-ms="2425" started-at="2017-02-21T13:45:35Z" data-provider="dp" finished-at="2017-02-21T13:45:37Z">
          <params>
            <param index="0">
              <value>
                <![CDATA[Confirmation Label (Terms?)]]>
              </value>
            </param>
            <param index="1">
              <value>
                <![CDATA[confirmation.php]]>
              </value>
            </param>
            <param index="2">
              <value>
                <![CDATA[id_f_label_terms_conf]]>
              </value>
            </param>
            <param index="3">
              <value>
                <![CDATA[(72, 25)]]>
              </value>
            </param>
            <param index="4">
              <value>
                <![CDATA[(561, 393)		]]>
              </value>
            </param>
          </params>
          <exception class="java.lang.AssertionError">
            <message>
              <![CDATA[
Expected: "(561, 393)\t\t"
     but: was "(561, 393)"]]>
            </message>
            <full-stacktrace>
              <![CDATA[java.lang.AssertionError: 
Expected: "(561, 393)\t\t"
     but: was "(561, 393)"
	at org.hamcrest.MatcherAssert.assertThat(MatcherAssert.java:20)
	at org.hamcrest.MatcherAssert.assertThat(MatcherAssert.java:8)
	at core.ElementsValidationTest.test(ElementsValidationTest.java:60)
	at sun.reflect.GeneratedMethodAccessor5.invoke(Unknown Source)
	at sun.reflect.DelegatingMethodAccessorImpl.invoke(DelegatingMethodAccessorImpl.java:43)
	at java.lang.reflect.Method.invoke(Method.java:498)
	at org.testng.internal.MethodInvocationHelper.invokeMethod(MethodInvocationHelper.java:104)
	at org.testng.internal.Invoker.invokeMethod(Invoker.java:645)
	at org.testng.internal.Invoker.invokeTestMethod(Invoker.java:851)
	at org.testng.internal.Invoker.invokeTestMethods(Invoker.java:1177)
	at org.testng.internal.TestMethodWorker.invokeTestMethods(TestMethodWorker.java:129)
	at org.testng.internal.TestMethodWorker.run(TestMethodWorker.java:112)
	at org.testng.TestRunner.privateRun(TestRunner.java:756)
	at org.testng.TestRunner.run(TestRunner.java:610)
	at org.testng.SuiteRunner.runTest(SuiteRunner.java:387)
	at org.testng.SuiteRunner.runSequentially(SuiteRunner.java:382)
	at org.testng.SuiteRunner.privateRun(SuiteRunner.java:340)
	at org.testng.SuiteRunner.run(SuiteRunner.java:289)
	at org.testng.SuiteRunnerWorker.runSuite(SuiteRunnerWorker.java:52)
	at org.testng.SuiteRunnerWorker.run(SuiteRunnerWorker.java:86)
	at org.testng.TestNG.runSuitesSequentially(TestNG.java:1293)
	at org.testng.TestNG.runSuitesLocally(TestNG.java:1218)
	at org.testng.TestNG.runSuites(TestNG.java:1133)
	at org.testng.TestNG.run(TestNG.java:1104)
	at org.testng.remote.AbstractRemoteTestNG.run(AbstractRemoteTestNG.java:132)
	at org.testng.remote.RemoteTestNG.initAndRun(RemoteTestNG.java:236)
	at org.testng.remote.RemoteTestNG.main(RemoteTestNG.java:81)
]]>
            </full-stacktrace>
          </exception> <!-- java.lang.AssertionError -->
          <reporter-output>
          </reporter-output>
        </test-method> <!-- test -->
        <test-method status="PASS" signature="bm(java.lang.reflect.Method, [Ljava.lang.Object;)[pri:0, instance:core.ElementsValidationTest@d8355a8]" test-instance-name="Confirmation Button (Back)" name="bm" is-config="true" duration-ms="0" started-at="2017-02-21T13:45:35Z" finished-at="2017-02-21T13:45:35Z">
          <params>
            <param index="0">
              <value>
                <![CDATA[public void core.ElementsValidationTest.test(java.lang.String,java.lang.String,java.lang.String,java.lang.String,java.lang.String) throws java.io.IOException]]>
              </value>
            </param>
            <param index="1">
              <value>
                <![CDATA[[Ljava.lang.Object;@34129c78]]>
              </value>
            </param>
          </params>
          <reporter-output>
          </reporter-output>
        </test-method> <!-- bm -->
        <test-method status="PASS" signature="am()[pri:0, instance:core.ElementsValidationTest@d8355a8]" test-instance-name="Confirmation Button (Back)" name="am" is-config="true" duration-ms="3013" started-at="2017-02-21T13:45:37Z" finished-at="2017-02-21T13:45:40Z">
          <reporter-output>
          </reporter-output>
        </test-method> <!-- am -->
        <test-method status="PASS" signature="bm(java.lang.reflect.Method, [Ljava.lang.Object;)[pri:0, instance:core.ElementsValidationTest@d8355a8]" test-instance-name="Confirmation Button (Back)" name="bm" is-config="true" duration-ms="0" started-at="2017-02-21T13:45:40Z" finished-at="2017-02-21T13:45:40Z">
          <params>
            <param index="0">
              <value>
                <![CDATA[public void core.ElementsValidationTest.test(java.lang.String,java.lang.String,java.lang.String,java.lang.String,java.lang.String) throws java.io.IOException]]>
              </value>
            </param>
            <param index="1">
              <value>
                <![CDATA[[Ljava.lang.Object;@7d61eb55]]>
              </value>
            </param>
          </params>
          <reporter-output>
          </reporter-output>
        </test-method> <!-- bm -->
        <test-method status="FAIL" signature="test(java.lang.String, java.lang.String, java.lang.String, java.lang.String, java.lang.String)[pri:0, instance:core.ElementsValidationTest@d8355a8]" test-instance-name="Confirmation Button (Back)" name="test" duration-ms="2525" started-at="2017-02-21T13:45:40Z" data-provider="dp" finished-at="2017-02-21T13:45:43Z">
          <params>
            <param index="0">
              <value>
                <![CDATA[Confirmation Field (terms)]]>
              </value>
            </param>
            <param index="1">
              <value>
                <![CDATA[confirmation.php]]>
              </value>
            </param>
            <param index="2">
              <value>
                <![CDATA[id_terms_conf]]>
              </value>
            </param>
            <param index="3">
              <value>
                <![CDATA[(10, 42)]]>
              </value>
            </param>
            <param index="4">
              <value>
                <![CDATA[(561, 426)		]]>
              </value>
            </param>
          </params>
          <exception class="java.lang.AssertionError">
            <message>
              <![CDATA[
Expected: "(561, 426)\t\t"
     but: was "(561, 426)"]]>
            </message>
            <full-stacktrace>
              <![CDATA[java.lang.AssertionError: 
Expected: "(561, 426)\t\t"
     but: was "(561, 426)"
	at org.hamcrest.MatcherAssert.assertThat(MatcherAssert.java:20)
	at org.hamcrest.MatcherAssert.assertThat(MatcherAssert.java:8)
	at core.ElementsValidationTest.test(ElementsValidationTest.java:60)
	at sun.reflect.GeneratedMethodAccessor5.invoke(Unknown Source)
	at sun.reflect.DelegatingMethodAccessorImpl.invoke(DelegatingMethodAccessorImpl.java:43)
	at java.lang.reflect.Method.invoke(Method.java:498)
	at org.testng.internal.MethodInvocationHelper.invokeMethod(MethodInvocationHelper.java:104)
	at org.testng.internal.Invoker.invokeMethod(Invoker.java:645)
	at org.testng.internal.Invoker.invokeTestMethod(Invoker.java:851)
	at org.testng.internal.Invoker.invokeTestMethods(Invoker.java:1177)
	at org.testng.internal.TestMethodWorker.invokeTestMethods(TestMethodWorker.java:129)
	at org.testng.internal.TestMethodWorker.run(TestMethodWorker.java:112)
	at org.testng.TestRunner.privateRun(TestRunner.java:756)
	at org.testng.TestRunner.run(TestRunner.java:610)
	at org.testng.SuiteRunner.runTest(SuiteRunner.java:387)
	at org.testng.SuiteRunner.runSequentially(SuiteRunner.java:382)
	at org.testng.SuiteRunner.privateRun(SuiteRunner.java:340)
	at org.testng.SuiteRunner.run(SuiteRunner.java:289)
	at org.testng.SuiteRunnerWorker.runSuite(SuiteRunnerWorker.java:52)
	at org.testng.SuiteRunnerWorker.run(SuiteRunnerWorker.java:86)
	at org.testng.TestNG.runSuitesSequentially(TestNG.java:1293)
	at org.testng.TestNG.runSuitesLocally(TestNG.java:1218)
	at org.testng.TestNG.runSuites(TestNG.java:1133)
	at org.testng.TestNG.run(TestNG.java:1104)
	at org.testng.remote.AbstractRemoteTestNG.run(AbstractRemoteTestNG.java:132)
	at org.testng.remote.RemoteTestNG.initAndRun(RemoteTestNG.java:236)
	at org.testng.remote.RemoteTestNG.main(RemoteTestNG.java:81)
]]>
            </full-stacktrace>
          </exception> <!-- java.lang.AssertionError -->
          <reporter-output>
          </reporter-output>
        </test-method> <!-- test -->
        <test-method status="PASS" signature="am()[pri:0, instance:core.ElementsValidationTest@d8355a8]" test-instance-name="Confirmation Button (Back)" name="am" is-config="true" duration-ms="3006" started-at="2017-02-21T13:45:43Z" finished-at="2017-02-21T13:45:46Z">
          <reporter-output>
          </reporter-output>
        </test-method> <!-- am -->
        <test-method status="PASS" signature="bm(java.lang.reflect.Method, [Ljava.lang.Object;)[pri:0, instance:core.ElementsValidationTest@d8355a8]" test-instance-name="Confirmation Button (Back)" name="bm" is-config="true" duration-ms="0" started-at="2017-02-21T13:45:46Z" finished-at="2017-02-21T13:45:46Z">
          <params>
            <param index="0">
              <value>
                <![CDATA[public void core.ElementsValidationTest.test(java.lang.String,java.lang.String,java.lang.String,java.lang.String,java.lang.String) throws java.io.IOException]]>
              </value>
            </param>
            <param index="1">
              <value>
                <![CDATA[[Ljava.lang.Object;@222a59e6]]>
              </value>
            </param>
          </params>
          <reporter-output>
          </reporter-output>
        </test-method> <!-- bm -->
        <test-method status="FAIL" signature="test(java.lang.String, java.lang.String, java.lang.String, java.lang.String, java.lang.String)[pri:0, instance:core.ElementsValidationTest@d8355a8]" test-instance-name="Confirmation Button (Back)" name="test" duration-ms="2525" started-at="2017-02-21T13:45:46Z" data-provider="dp" finished-at="2017-02-21T13:45:48Z">
          <params>
            <param index="0">
              <value>
                <![CDATA[Confirmation Button (Back)]]>
              </value>
            </param>
            <param index="1">
              <value>
                <![CDATA[confirmation.php]]>
              </value>
            </param>
            <param index="2">
              <value>
                <![CDATA[id_back_button]]>
              </value>
            </param>
            <param index="3">
              <value>
                <![CDATA[(120, 37)]]>
              </value>
            </param>
            <param index="4">
              <value>
                <![CDATA[(986, 491)		]]>
              </value>
            </param>
          </params>
          <exception class="java.lang.AssertionError">
            <message>
              <![CDATA[
Expected: "(986, 491)\t\t"
     but: was "(986, 491)"]]>
            </message>
            <full-stacktrace>
              <![CDATA[java.lang.AssertionError: 
Expected: "(986, 491)\t\t"
     but: was "(986, 491)"
	at org.hamcrest.MatcherAssert.assertThat(MatcherAssert.java:20)
	at org.hamcrest.MatcherAssert.assertThat(MatcherAssert.java:8)
	at core.ElementsValidationTest.test(ElementsValidationTest.java:60)
	at sun.reflect.GeneratedMethodAccessor5.invoke(Unknown Source)
	at sun.reflect.DelegatingMethodAccessorImpl.invoke(DelegatingMethodAccessorImpl.java:43)
	at java.lang.reflect.Method.invoke(Method.java:498)
	at org.testng.internal.MethodInvocationHelper.invokeMethod(MethodInvocationHelper.java:104)
	at org.testng.internal.Invoker.invokeMethod(Invoker.java:645)
	at org.testng.internal.Invoker.invokeTestMethod(Invoker.java:851)
	at org.testng.internal.Invoker.invokeTestMethods(Invoker.java:1177)
	at org.testng.internal.TestMethodWorker.invokeTestMethods(TestMethodWorker.java:129)
	at org.testng.internal.TestMethodWorker.run(TestMethodWorker.java:112)
	at org.testng.TestRunner.privateRun(TestRunner.java:756)
	at org.testng.TestRunner.run(TestRunner.java:610)
	at org.testng.SuiteRunner.runTest(SuiteRunner.java:387)
	at org.testng.SuiteRunner.runSequentially(SuiteRunner.java:382)
	at org.testng.SuiteRunner.privateRun(SuiteRunner.java:340)
	at org.testng.SuiteRunner.run(SuiteRunner.java:289)
	at org.testng.SuiteRunnerWorker.runSuite(SuiteRunnerWorker.java:52)
	at org.testng.SuiteRunnerWorker.run(SuiteRunnerWorker.java:86)
	at org.testng.TestNG.runSuitesSequentially(TestNG.java:1293)
	at org.testng.TestNG.runSuitesLocally(TestNG.java:1218)
	at org.testng.TestNG.runSuites(TestNG.java:1133)
	at org.testng.TestNG.run(TestNG.java:1104)
	at org.testng.remote.AbstractRemoteTestNG.run(AbstractRemoteTestNG.java:132)
	at org.testng.remote.RemoteTestNG.initAndRun(RemoteTestNG.java:236)
	at org.testng.remote.RemoteTestNG.main(RemoteTestNG.java:81)
]]>
            </full-stacktrace>
          </exception> <!-- java.lang.AssertionError -->
          <reporter-output>
          </reporter-output>
        </test-method> <!-- test -->
        <test-method status="PASS" signature="am()[pri:0, instance:core.ElementsValidationTest@d8355a8]" test-instance-name="Confirmation Button (Back)" name="am" is-config="true" duration-ms="3041" started-at="2017-02-21T13:45:48Z" finished-at="2017-02-21T13:45:51Z">
          <reporter-output>
          </reporter-output>
        </test-method> <!-- am -->
      </class> <!-- core.ElementsValidationTest -->
    </test> <!-- Default test -->
  </suite> <!-- Default suite -->
</testng-results>
