<?xml version="1.0" encoding="UTF-8"?>
<testng-results skipped="0" failed="0" ignored="0" total="31" passed="31">
  <reporter-output>
  </reporter-output>
  <suite name="Default suite" duration-ms="154047" started-at="2017-02-23T21:45:40Z" finished-at="2017-02-23T21:48:15Z">
    <groups>
    </groups>
    <test name="Default test" duration-ms="154047" started-at="2017-02-23T21:45:40Z" finished-at="2017-02-23T21:48:15Z">
      <class name="core.ElementsValidationTest">
        <test-method status="PASS" signature="bm(java.lang.reflect.Method, [Ljava.lang.Object;)[pri:0, instance:core.ElementsValidationTest@d8355a8]" test-instance-name="Page title (Confirmation)" name="bm" is-config="true" duration-ms="0" started-at="2017-02-23T13:45:41Z" finished-at="2017-02-23T13:45:41Z">
          <params>
            <param index="0">
              <value>
                <![CDATA[public void core.ElementsValidationTest.test(java.lang.String,java.lang.String,java.lang.String,java.lang.String,java.lang.String) throws java.io.IOException]]>
              </value>
            </param>
            <param index="1">
              <value>
                <![CDATA[[Ljava.lang.Object;@7dfd3c81]]>
              </value>
            </param>
          </params>
          <reporter-output>
          </reporter-output>
        </test-method> <!-- bm -->
        <test-method status="PASS" signature="test(java.lang.String, java.lang.String, java.lang.String, java.lang.String, java.lang.String)[pri:0, instance:core.ElementsValidationTest@d8355a8]" test-instance-name="Page title (Confirmation)" name="test" duration-ms="2658" started-at="2017-02-23T13:45:41Z" data-provider="dp" finished-at="2017-02-23T13:45:43Z">
          <params>
            <param index="0">
              <value>
                <![CDATA[Dynamic text (quote)]]>
              </value>
            </param>
            <param index="1">
              <value>
                <![CDATA[index.php]]>
              </value>
            </param>
            <param index="2">
              <value>
                <![CDATA[id_quotes]]>
              </value>
            </param>
            <param index="3">
              <value>
                <![CDATA[(1904, 20)]]>
              </value>
            </param>
            <param index="4">
              <value>
                <![CDATA[(8, 48)]]>
              </value>
            </param>
          </params>
          <reporter-output>
          </reporter-output>
        </test-method> <!-- test -->
        <test-method status="PASS" signature="am()[pri:0, instance:core.ElementsValidationTest@d8355a8]" test-instance-name="Page title (Confirmation)" name="am" is-config="true" duration-ms="3050" started-at="2017-02-23T13:45:43Z" finished-at="2017-02-23T13:45:46Z">
          <reporter-output>
          </reporter-output>
        </test-method> <!-- am -->
        <test-method status="PASS" signature="bm(java.lang.reflect.Method, [Ljava.lang.Object;)[pri:0, instance:core.ElementsValidationTest@d8355a8]" test-instance-name="Page title (Confirmation)" name="bm" is-config="true" duration-ms="0" started-at="2017-02-23T13:45:46Z" finished-at="2017-02-23T13:45:46Z">
          <params>
            <param index="0">
              <value>
                <![CDATA[public void core.ElementsValidationTest.test(java.lang.String,java.lang.String,java.lang.String,java.lang.String,java.lang.String) throws java.io.IOException]]>
              </value>
            </param>
            <param index="1">
              <value>
                <![CDATA[[Ljava.lang.Object;@2584b82d]]>
              </value>
            </param>
          </params>
          <reporter-output>
          </reporter-output>
        </test-method> <!-- bm -->
        <test-method status="PASS" signature="test(java.lang.String, java.lang.String, java.lang.String, java.lang.String, java.lang.String)[pri:0, instance:core.ElementsValidationTest@d8355a8]" test-instance-name="Page title (Confirmation)" name="test" duration-ms="2160" started-at="2017-02-23T13:45:46Z" data-provider="dp" finished-at="2017-02-23T13:45:48Z">
          <params>
            <param index="0">
              <value>
                <![CDATA[Page title (Sing Up)]]>
              </value>
            </param>
            <param index="1">
              <value>
                <![CDATA[index.php]]>
              </value>
            </param>
            <param index="2">
              <value>
                <![CDATA[id_f_title]]>
              </value>
            </param>
            <param index="3">
              <value>
                <![CDATA[(151, 46)]]>
              </value>
            </param>
            <param index="4">
              <value>
                <![CDATA[(560, 86)]]>
              </value>
            </param>
          </params>
          <reporter-output>
          </reporter-output>
        </test-method> <!-- test -->
        <test-method status="PASS" signature="am()[pri:0, instance:core.ElementsValidationTest@d8355a8]" test-instance-name="Page title (Confirmation)" name="am" is-config="true" duration-ms="2886" started-at="2017-02-23T13:45:48Z" finished-at="2017-02-23T13:45:51Z">
          <reporter-output>
          </reporter-output>
        </test-method> <!-- am -->
        <test-method status="PASS" signature="bm(java.lang.reflect.Method, [Ljava.lang.Object;)[pri:0, instance:core.ElementsValidationTest@d8355a8]" test-instance-name="Page title (Confirmation)" name="bm" is-config="true" duration-ms="0" started-at="2017-02-23T13:45:51Z" finished-at="2017-02-23T13:45:51Z">
          <params>
            <param index="0">
              <value>
                <![CDATA[public void core.ElementsValidationTest.test(java.lang.String,java.lang.String,java.lang.String,java.lang.String,java.lang.String) throws java.io.IOException]]>
              </value>
            </param>
            <param index="1">
              <value>
                <![CDATA[[Ljava.lang.Object;@7bbc8656]]>
              </value>
            </param>
          </params>
          <reporter-output>
          </reporter-output>
        </test-method> <!-- bm -->
        <test-method status="PASS" signature="test(java.lang.String, java.lang.String, java.lang.String, java.lang.String, java.lang.String)[pri:0, instance:core.ElementsValidationTest@d8355a8]" test-instance-name="Page title (Confirmation)" name="test" duration-ms="1987" started-at="2017-02-23T13:45:51Z" data-provider="dp" finished-at="2017-02-23T13:45:53Z">
          <params>
            <param index="0">
              <value>
                <![CDATA[text (current location)]]>
              </value>
            </param>
            <param index="1">
              <value>
                <![CDATA[index.php]]>
              </value>
            </param>
            <param index="2">
              <value>
                <![CDATA[id_current_location]]>
              </value>
            </param>
            <param index="3">
              <value>
                <![CDATA[(178, 25)]]>
              </value>
            </param>
            <param index="4">
              <value>
                <![CDATA[(1156, 70)]]>
              </value>
            </param>
          </params>
          <reporter-output>
          </reporter-output>
        </test-method> <!-- test -->
        <test-method status="PASS" signature="am()[pri:0, instance:core.ElementsValidationTest@d8355a8]" test-instance-name="Page title (Confirmation)" name="am" is-config="true" duration-ms="2881" started-at="2017-02-23T13:45:53Z" finished-at="2017-02-23T13:45:56Z">
          <reporter-output>
          </reporter-output>
        </test-method> <!-- am -->
        <test-method status="PASS" signature="test(java.lang.String, java.lang.String, java.lang.String, java.lang.String, java.lang.String)[pri:0, instance:core.ElementsValidationTest@d8355a8]" test-instance-name="Page title (Confirmation)" name="test" duration-ms="1940" started-at="2017-02-23T13:45:56Z" data-provider="dp" finished-at="2017-02-23T13:45:58Z">
          <params>
            <param index="0">
              <value>
                <![CDATA[Image (weather icon)]]>
              </value>
            </param>
            <param index="1">
              <value>
                <![CDATA[index.php]]>
              </value>
            </param>
            <param index="2">
              <value>
                <![CDATA[id_weather_icon]]>
              </value>
            </param>
            <param index="3">
              <value>
                <![CDATA[(50, 50)]]>
              </value>
            </param>
            <param index="4">
              <value>
                <![CDATA[(1203, 98)]]>
              </value>
            </param>
          </params>
          <reporter-output>
          </reporter-output>
        </test-method> <!-- test -->
        <test-method status="PASS" signature="bm(java.lang.reflect.Method, [Ljava.lang.Object;)[pri:0, instance:core.ElementsValidationTest@d8355a8]" test-instance-name="Page title (Confirmation)" name="bm" is-config="true" duration-ms="0" started-at="2017-02-23T13:45:56Z" finished-at="2017-02-23T13:45:56Z">
          <params>
            <param index="0">
              <value>
                <![CDATA[public void core.ElementsValidationTest.test(java.lang.String,java.lang.String,java.lang.String,java.lang.String,java.lang.String) throws java.io.IOException]]>
              </value>
            </param>
            <param index="1">
              <value>
                <![CDATA[[Ljava.lang.Object;@6933b6c6]]>
              </value>
            </param>
          </params>
          <reporter-output>
          </reporter-output>
        </test-method> <!-- bm -->
        <test-method status="PASS" signature="am()[pri:0, instance:core.ElementsValidationTest@d8355a8]" test-instance-name="Page title (Confirmation)" name="am" is-config="true" duration-ms="2918" started-at="2017-02-23T13:45:58Z" finished-at="2017-02-23T13:46:01Z">
          <reporter-output>
          </reporter-output>
        </test-method> <!-- am -->
        <test-method status="PASS" signature="bm(java.lang.reflect.Method, [Ljava.lang.Object;)[pri:0, instance:core.ElementsValidationTest@d8355a8]" test-instance-name="Page title (Confirmation)" name="bm" is-config="true" duration-ms="0" started-at="2017-02-23T13:46:01Z" finished-at="2017-02-23T13:46:01Z">
          <params>
            <param index="0">
              <value>
                <![CDATA[public void core.ElementsValidationTest.test(java.lang.String,java.lang.String,java.lang.String,java.lang.String,java.lang.String) throws java.io.IOException]]>
              </value>
            </param>
            <param index="1">
              <value>
                <![CDATA[[Ljava.lang.Object;@7d3e8655]]>
              </value>
            </param>
          </params>
          <reporter-output>
          </reporter-output>
        </test-method> <!-- bm -->
        <test-method status="PASS" signature="test(java.lang.String, java.lang.String, java.lang.String, java.lang.String, java.lang.String)[pri:0, instance:core.ElementsValidationTest@d8355a8]" test-instance-name="Page title (Confirmation)" name="test" duration-ms="1973" started-at="2017-02-23T13:46:01Z" data-provider="dp" finished-at="2017-02-23T13:46:03Z">
          <params>
            <param index="0">
              <value>
                <![CDATA[Dynamic text (temperature)]]>
              </value>
            </param>
            <param index="1">
              <value>
                <![CDATA[index.php]]>
              </value>
            </param>
            <param index="2">
              <value>
                <![CDATA[id_temperature]]>
              </value>
            </param>
            <param index="3">
              <value>
                <![CDATA[(70, 42)]]>
              </value>
            </param>
            <param index="4">
              <value>
                <![CDATA[(1264, 92)]]>
              </value>
            </param>
          </params>
          <reporter-output>
          </reporter-output>
        </test-method> <!-- test -->
        <test-method status="PASS" signature="am()[pri:0, instance:core.ElementsValidationTest@d8355a8]" test-instance-name="Page title (Confirmation)" name="am" is-config="true" duration-ms="2885" started-at="2017-02-23T13:46:03Z" finished-at="2017-02-23T13:46:06Z">
          <reporter-output>
          </reporter-output>
        </test-method> <!-- am -->
        <test-method status="PASS" signature="test(java.lang.String, java.lang.String, java.lang.String, java.lang.String, java.lang.String)[pri:0, instance:core.ElementsValidationTest@d8355a8]" test-instance-name="Page title (Confirmation)" name="test" duration-ms="2055" started-at="2017-02-23T13:46:06Z" data-provider="dp" finished-at="2017-02-23T13:46:08Z">
          <params>
            <param index="0">
              <value>
                <![CDATA[Label (first name)]]>
              </value>
            </param>
            <param index="1">
              <value>
                <![CDATA[index.php]]>
              </value>
            </param>
            <param index="2">
              <value>
                <![CDATA[id_f_label_fn]]>
              </value>
            </param>
            <param index="3">
              <value>
                <![CDATA[(104, 25)]]>
              </value>
            </param>
            <param index="4">
              <value>
                <![CDATA[(560, 153)]]>
              </value>
            </param>
          </params>
          <reporter-output>
          </reporter-output>
        </test-method> <!-- test -->
        <test-method status="PASS" signature="bm(java.lang.reflect.Method, [Ljava.lang.Object;)[pri:0, instance:core.ElementsValidationTest@d8355a8]" test-instance-name="Page title (Confirmation)" name="bm" is-config="true" duration-ms="0" started-at="2017-02-23T13:46:06Z" finished-at="2017-02-23T13:46:06Z">
          <params>
            <param index="0">
              <value>
                <![CDATA[public void core.ElementsValidationTest.test(java.lang.String,java.lang.String,java.lang.String,java.lang.String,java.lang.String) throws java.io.IOException]]>
              </value>
            </param>
            <param index="1">
              <value>
                <![CDATA[[Ljava.lang.Object;@7dfb0c0f]]>
              </value>
            </param>
          </params>
          <reporter-output>
          </reporter-output>
        </test-method> <!-- bm -->
        <test-method status="PASS" signature="am()[pri:0, instance:core.ElementsValidationTest@d8355a8]" test-instance-name="Page title (Confirmation)" name="am" is-config="true" duration-ms="2889" started-at="2017-02-23T13:46:08Z" finished-at="2017-02-23T13:46:11Z">
          <reporter-output>
          </reporter-output>
        </test-method> <!-- am -->
        <test-method status="PASS" signature="test(java.lang.String, java.lang.String, java.lang.String, java.lang.String, java.lang.String)[pri:0, instance:core.ElementsValidationTest@d8355a8]" test-instance-name="Page title (Confirmation)" name="test" duration-ms="2019" started-at="2017-02-23T13:46:11Z" data-provider="dp" finished-at="2017-02-23T13:46:13Z">
          <params>
            <param index="0">
              <value>
                <![CDATA[Field (first name)]]>
              </value>
            </param>
            <param index="1">
              <value>
                <![CDATA[index.php]]>
              </value>
            </param>
            <param index="2">
              <value>
                <![CDATA[id_fname]]>
              </value>
            </param>
            <param index="3">
              <value>
                <![CDATA[(368, 42)]]>
              </value>
            </param>
            <param index="4">
              <value>
                <![CDATA[(560, 183)]]>
              </value>
            </param>
          </params>
          <reporter-output>
          </reporter-output>
        </test-method> <!-- test -->
        <test-method status="PASS" signature="bm(java.lang.reflect.Method, [Ljava.lang.Object;)[pri:0, instance:core.ElementsValidationTest@d8355a8]" test-instance-name="Page title (Confirmation)" name="bm" is-config="true" duration-ms="0" started-at="2017-02-23T13:46:11Z" finished-at="2017-02-23T13:46:11Z">
          <params>
            <param index="0">
              <value>
                <![CDATA[public void core.ElementsValidationTest.test(java.lang.String,java.lang.String,java.lang.String,java.lang.String,java.lang.String) throws java.io.IOException]]>
              </value>
            </param>
            <param index="1">
              <value>
                <![CDATA[[Ljava.lang.Object;@626abbd0]]>
              </value>
            </param>
          </params>
          <reporter-output>
          </reporter-output>
        </test-method> <!-- bm -->
        <test-method status="PASS" signature="am()[pri:0, instance:core.ElementsValidationTest@d8355a8]" test-instance-name="Page title (Confirmation)" name="am" is-config="true" duration-ms="2907" started-at="2017-02-23T13:46:13Z" finished-at="2017-02-23T13:46:16Z">
          <reporter-output>
          </reporter-output>
        </test-method> <!-- am -->
        <test-method status="PASS" signature="test(java.lang.String, java.lang.String, java.lang.String, java.lang.String, java.lang.String)[pri:0, instance:core.ElementsValidationTest@d8355a8]" test-instance-name="Page title (Confirmation)" name="test" duration-ms="2319" started-at="2017-02-23T13:46:16Z" data-provider="dp" finished-at="2017-02-23T13:46:18Z">
          <params>
            <param index="0">
              <value>
                <![CDATA[Label (last name)]]>
              </value>
            </param>
            <param index="1">
              <value>
                <![CDATA[index.php]]>
              </value>
            </param>
            <param index="2">
              <value>
                <![CDATA[id_f_label_ln]]>
              </value>
            </param>
            <param index="3">
              <value>
                <![CDATA[(103, 25)]]>
              </value>
            </param>
            <param index="4">
              <value>
                <![CDATA[(985, 153)]]>
              </value>
            </param>
          </params>
          <reporter-output>
          </reporter-output>
        </test-method> <!-- test -->
        <test-method status="PASS" signature="bm(java.lang.reflect.Method, [Ljava.lang.Object;)[pri:0, instance:core.ElementsValidationTest@d8355a8]" test-instance-name="Page title (Confirmation)" name="bm" is-config="true" duration-ms="0" started-at="2017-02-23T13:46:16Z" finished-at="2017-02-23T13:46:16Z">
          <params>
            <param index="0">
              <value>
                <![CDATA[public void core.ElementsValidationTest.test(java.lang.String,java.lang.String,java.lang.String,java.lang.String,java.lang.String) throws java.io.IOException]]>
              </value>
            </param>
            <param index="1">
              <value>
                <![CDATA[[Ljava.lang.Object;@169bb4dd]]>
              </value>
            </param>
          </params>
          <reporter-output>
          </reporter-output>
        </test-method> <!-- bm -->
        <test-method status="PASS" signature="am()[pri:0, instance:core.ElementsValidationTest@d8355a8]" test-instance-name="Page title (Confirmation)" name="am" is-config="true" duration-ms="2871" started-at="2017-02-23T13:46:18Z" finished-at="2017-02-23T13:46:21Z">
          <reporter-output>
          </reporter-output>
        </test-method> <!-- am -->
        <test-method status="PASS" signature="bm(java.lang.reflect.Method, [Ljava.lang.Object;)[pri:0, instance:core.ElementsValidationTest@d8355a8]" test-instance-name="Page title (Confirmation)" name="bm" is-config="true" duration-ms="0" started-at="2017-02-23T13:46:21Z" finished-at="2017-02-23T13:46:21Z">
          <params>
            <param index="0">
              <value>
                <![CDATA[public void core.ElementsValidationTest.test(java.lang.String,java.lang.String,java.lang.String,java.lang.String,java.lang.String) throws java.io.IOException]]>
              </value>
            </param>
            <param index="1">
              <value>
                <![CDATA[[Ljava.lang.Object;@1f9e9475]]>
              </value>
            </param>
          </params>
          <reporter-output>
          </reporter-output>
        </test-method> <!-- bm -->
        <test-method status="PASS" signature="test(java.lang.String, java.lang.String, java.lang.String, java.lang.String, java.lang.String)[pri:0, instance:core.ElementsValidationTest@d8355a8]" test-instance-name="Page title (Confirmation)" name="test" duration-ms="2318" started-at="2017-02-23T13:46:21Z" data-provider="dp" finished-at="2017-02-23T13:46:23Z">
          <params>
            <param index="0">
              <value>
                <![CDATA[Field (last name)]]>
              </value>
            </param>
            <param index="1">
              <value>
                <![CDATA[index.php]]>
              </value>
            </param>
            <param index="2">
              <value>
                <![CDATA[id_lname]]>
              </value>
            </param>
            <param index="3">
              <value>
                <![CDATA[(368, 42)]]>
              </value>
            </param>
            <param index="4">
              <value>
                <![CDATA[(985, 183)]]>
              </value>
            </param>
          </params>
          <reporter-output>
          </reporter-output>
        </test-method> <!-- test -->
        <test-method status="PASS" signature="am()[pri:0, instance:core.ElementsValidationTest@d8355a8]" test-instance-name="Page title (Confirmation)" name="am" is-config="true" duration-ms="2889" started-at="2017-02-23T13:46:23Z" finished-at="2017-02-23T13:46:26Z">
          <reporter-output>
          </reporter-output>
        </test-method> <!-- am -->
        <test-method status="PASS" signature="bm(java.lang.reflect.Method, [Ljava.lang.Object;)[pri:0, instance:core.ElementsValidationTest@d8355a8]" test-instance-name="Page title (Confirmation)" name="bm" is-config="true" duration-ms="0" started-at="2017-02-23T13:46:26Z" finished-at="2017-02-23T13:46:26Z">
          <params>
            <param index="0">
              <value>
                <![CDATA[public void core.ElementsValidationTest.test(java.lang.String,java.lang.String,java.lang.String,java.lang.String,java.lang.String) throws java.io.IOException]]>
              </value>
            </param>
            <param index="1">
              <value>
                <![CDATA[[Ljava.lang.Object;@3aa078fd]]>
              </value>
            </param>
          </params>
          <reporter-output>
          </reporter-output>
        </test-method> <!-- bm -->
        <test-method status="PASS" signature="test(java.lang.String, java.lang.String, java.lang.String, java.lang.String, java.lang.String)[pri:0, instance:core.ElementsValidationTest@d8355a8]" test-instance-name="Page title (Confirmation)" name="test" duration-ms="2042" started-at="2017-02-23T13:46:26Z" data-provider="dp" finished-at="2017-02-23T13:46:28Z">
          <params>
            <param index="0">
              <value>
                <![CDATA[Label (email address)]]>
              </value>
            </param>
            <param index="1">
              <value>
                <![CDATA[index.php]]>
              </value>
            </param>
            <param index="2">
              <value>
                <![CDATA[id_f_label_ea]]>
              </value>
            </param>
            <param index="3">
              <value>
                <![CDATA[(138, 25)]]>
              </value>
            </param>
            <param index="4">
              <value>
                <![CDATA[(560, 233)]]>
              </value>
            </param>
          </params>
          <reporter-output>
          </reporter-output>
        </test-method> <!-- test -->
        <test-method status="PASS" signature="am()[pri:0, instance:core.ElementsValidationTest@d8355a8]" test-instance-name="Page title (Confirmation)" name="am" is-config="true" duration-ms="2908" started-at="2017-02-23T13:46:28Z" finished-at="2017-02-23T13:46:31Z">
          <reporter-output>
          </reporter-output>
        </test-method> <!-- am -->
        <test-method status="PASS" signature="bm(java.lang.reflect.Method, [Ljava.lang.Object;)[pri:0, instance:core.ElementsValidationTest@d8355a8]" test-instance-name="Page title (Confirmation)" name="bm" is-config="true" duration-ms="0" started-at="2017-02-23T13:46:31Z" finished-at="2017-02-23T13:46:31Z">
          <params>
            <param index="0">
              <value>
                <![CDATA[public void core.ElementsValidationTest.test(java.lang.String,java.lang.String,java.lang.String,java.lang.String,java.lang.String) throws java.io.IOException]]>
              </value>
            </param>
            <param index="1">
              <value>
                <![CDATA[[Ljava.lang.Object;@d23e042]]>
              </value>
            </param>
          </params>
          <reporter-output>
          </reporter-output>
        </test-method> <!-- bm -->
        <test-method status="PASS" signature="test(java.lang.String, java.lang.String, java.lang.String, java.lang.String, java.lang.String)[pri:0, instance:core.ElementsValidationTest@d8355a8]" test-instance-name="Page title (Confirmation)" name="test" duration-ms="1945" started-at="2017-02-23T13:46:31Z" data-provider="dp" finished-at="2017-02-23T13:46:33Z">
          <params>
            <param index="0">
              <value>
                <![CDATA[Field (email address)]]>
              </value>
            </param>
            <param index="1">
              <value>
                <![CDATA[index.php]]>
              </value>
            </param>
            <param index="2">
              <value>
                <![CDATA[id_email]]>
              </value>
            </param>
            <param index="3">
              <value>
                <![CDATA[(368, 42)]]>
              </value>
            </param>
            <param index="4">
              <value>
                <![CDATA[(560, 263)]]>
              </value>
            </param>
          </params>
          <reporter-output>
          </reporter-output>
        </test-method> <!-- test -->
        <test-method status="PASS" signature="am()[pri:0, instance:core.ElementsValidationTest@d8355a8]" test-instance-name="Page title (Confirmation)" name="am" is-config="true" duration-ms="2932" started-at="2017-02-23T13:46:33Z" finished-at="2017-02-23T13:46:36Z">
          <reporter-output>
          </reporter-output>
        </test-method> <!-- am -->
        <test-method status="PASS" signature="bm(java.lang.reflect.Method, [Ljava.lang.Object;)[pri:0, instance:core.ElementsValidationTest@d8355a8]" test-instance-name="Page title (Confirmation)" name="bm" is-config="true" duration-ms="0" started-at="2017-02-23T13:46:36Z" finished-at="2017-02-23T13:46:36Z">
          <params>
            <param index="0">
              <value>
                <![CDATA[public void core.ElementsValidationTest.test(java.lang.String,java.lang.String,java.lang.String,java.lang.String,java.lang.String) throws java.io.IOException]]>
              </value>
            </param>
            <param index="1">
              <value>
                <![CDATA[[Ljava.lang.Object;@46d59067]]>
              </value>
            </param>
          </params>
          <reporter-output>
          </reporter-output>
        </test-method> <!-- bm -->
        <test-method status="PASS" signature="test(java.lang.String, java.lang.String, java.lang.String, java.lang.String, java.lang.String)[pri:0, instance:core.ElementsValidationTest@d8355a8]" test-instance-name="Page title (Confirmation)" name="test" duration-ms="1934" started-at="2017-02-23T13:46:36Z" data-provider="dp" finished-at="2017-02-23T13:46:38Z">
          <params>
            <param index="0">
              <value>
                <![CDATA[Label (phone number)]]>
              </value>
            </param>
            <param index="1">
              <value>
                <![CDATA[index.php]]>
              </value>
            </param>
            <param index="2">
              <value>
                <![CDATA[id_f_label_pn]]>
              </value>
            </param>
            <param index="3">
              <value>
                <![CDATA[(143, 25)]]>
              </value>
            </param>
            <param index="4">
              <value>
                <![CDATA[(985, 233)]]>
              </value>
            </param>
          </params>
          <reporter-output>
          </reporter-output>
        </test-method> <!-- test -->
        <test-method status="PASS" signature="am()[pri:0, instance:core.ElementsValidationTest@d8355a8]" test-instance-name="Page title (Confirmation)" name="am" is-config="true" duration-ms="2904" started-at="2017-02-23T13:46:38Z" finished-at="2017-02-23T13:46:41Z">
          <reporter-output>
          </reporter-output>
        </test-method> <!-- am -->
        <test-method status="PASS" signature="bm(java.lang.reflect.Method, [Ljava.lang.Object;)[pri:0, instance:core.ElementsValidationTest@d8355a8]" test-instance-name="Page title (Confirmation)" name="bm" is-config="true" duration-ms="0" started-at="2017-02-23T13:46:41Z" finished-at="2017-02-23T13:46:41Z">
          <params>
            <param index="0">
              <value>
                <![CDATA[public void core.ElementsValidationTest.test(java.lang.String,java.lang.String,java.lang.String,java.lang.String,java.lang.String) throws java.io.IOException]]>
              </value>
            </param>
            <param index="1">
              <value>
                <![CDATA[[Ljava.lang.Object;@2d0399f4]]>
              </value>
            </param>
          </params>
          <reporter-output>
          </reporter-output>
        </test-method> <!-- bm -->
        <test-method status="PASS" signature="test(java.lang.String, java.lang.String, java.lang.String, java.lang.String, java.lang.String)[pri:0, instance:core.ElementsValidationTest@d8355a8]" test-instance-name="Page title (Confirmation)" name="test" duration-ms="2039" started-at="2017-02-23T13:46:41Z" data-provider="dp" finished-at="2017-02-23T13:46:43Z">
          <params>
            <param index="0">
              <value>
                <![CDATA[Field (phone number)]]>
              </value>
            </param>
            <param index="1">
              <value>
                <![CDATA[index.php]]>
              </value>
            </param>
            <param index="2">
              <value>
                <![CDATA[id_phone]]>
              </value>
            </param>
            <param index="3">
              <value>
                <![CDATA[(368, 42)]]>
              </value>
            </param>
            <param index="4">
              <value>
                <![CDATA[(985, 263)]]>
              </value>
            </param>
          </params>
          <reporter-output>
          </reporter-output>
        </test-method> <!-- test -->
        <test-method status="PASS" signature="am()[pri:0, instance:core.ElementsValidationTest@d8355a8]" test-instance-name="Page title (Confirmation)" name="am" is-config="true" duration-ms="2916" started-at="2017-02-23T13:46:43Z" finished-at="2017-02-23T13:46:46Z">
          <reporter-output>
          </reporter-output>
        </test-method> <!-- am -->
        <test-method status="PASS" signature="bm(java.lang.reflect.Method, [Ljava.lang.Object;)[pri:0, instance:core.ElementsValidationTest@d8355a8]" test-instance-name="Page title (Confirmation)" name="bm" is-config="true" duration-ms="0" started-at="2017-02-23T13:46:46Z" finished-at="2017-02-23T13:46:46Z">
          <params>
            <param index="0">
              <value>
                <![CDATA[public void core.ElementsValidationTest.test(java.lang.String,java.lang.String,java.lang.String,java.lang.String,java.lang.String) throws java.io.IOException]]>
              </value>
            </param>
            <param index="1">
              <value>
                <![CDATA[[Ljava.lang.Object;@14dd7b39]]>
              </value>
            </param>
          </params>
          <reporter-output>
          </reporter-output>
        </test-method> <!-- bm -->
        <test-method status="PASS" signature="test(java.lang.String, java.lang.String, java.lang.String, java.lang.String, java.lang.String)[pri:0, instance:core.ElementsValidationTest@d8355a8]" test-instance-name="Page title (Confirmation)" name="test" duration-ms="1903" started-at="2017-02-23T13:46:46Z" data-provider="dp" finished-at="2017-02-23T13:46:48Z">
          <params>
            <param index="0">
              <value>
                <![CDATA[Label (radio male)]]>
              </value>
            </param>
            <param index="1">
              <value>
                <![CDATA[index.php]]>
              </value>
            </param>
            <param index="2">
              <value>
                <![CDATA[id_r_label_m]]>
              </value>
            </param>
            <param index="3">
              <value>
                <![CDATA[(43, 23)]]>
              </value>
            </param>
            <param index="4">
              <value>
                <![CDATA[(612, 354)]]>
              </value>
            </param>
          </params>
          <reporter-output>
          </reporter-output>
        </test-method> <!-- test -->
        <test-method status="PASS" signature="am()[pri:0, instance:core.ElementsValidationTest@d8355a8]" test-instance-name="Page title (Confirmation)" name="am" is-config="true" duration-ms="2920" started-at="2017-02-23T13:46:48Z" finished-at="2017-02-23T13:46:51Z">
          <reporter-output>
          </reporter-output>
        </test-method> <!-- am -->
        <test-method status="PASS" signature="bm(java.lang.reflect.Method, [Ljava.lang.Object;)[pri:0, instance:core.ElementsValidationTest@d8355a8]" test-instance-name="Page title (Confirmation)" name="bm" is-config="true" duration-ms="0" started-at="2017-02-23T13:46:51Z" finished-at="2017-02-23T13:46:51Z">
          <params>
            <param index="0">
              <value>
                <![CDATA[public void core.ElementsValidationTest.test(java.lang.String,java.lang.String,java.lang.String,java.lang.String,java.lang.String) throws java.io.IOException]]>
              </value>
            </param>
            <param index="1">
              <value>
                <![CDATA[[Ljava.lang.Object;@66ea810]]>
              </value>
            </param>
          </params>
          <reporter-output>
          </reporter-output>
        </test-method> <!-- bm -->
        <test-method status="PASS" signature="test(java.lang.String, java.lang.String, java.lang.String, java.lang.String, java.lang.String)[pri:0, instance:core.ElementsValidationTest@d8355a8]" test-instance-name="Page title (Confirmation)" name="test" duration-ms="1986" started-at="2017-02-23T13:46:51Z" data-provider="dp" finished-at="2017-02-23T13:46:53Z">
          <params>
            <param index="0">
              <value>
                <![CDATA[Radio Button (male)]]>
              </value>
            </param>
            <param index="1">
              <value>
                <![CDATA[index.php]]>
              </value>
            </param>
            <param index="2">
              <value>
                <![CDATA[id_g_radio_01]]>
              </value>
            </param>
            <param index="3">
              <value>
                <![CDATA[(26, 26)]]>
              </value>
            </param>
            <param index="4">
              <value>
                <![CDATA[(571, 353)]]>
              </value>
            </param>
          </params>
          <reporter-output>
          </reporter-output>
        </test-method> <!-- test -->
        <test-method status="PASS" signature="am()[pri:0, instance:core.ElementsValidationTest@d8355a8]" test-instance-name="Page title (Confirmation)" name="am" is-config="true" duration-ms="2903" started-at="2017-02-23T13:46:53Z" finished-at="2017-02-23T13:46:55Z">
          <reporter-output>
          </reporter-output>
        </test-method> <!-- am -->
        <test-method status="PASS" signature="test(java.lang.String, java.lang.String, java.lang.String, java.lang.String, java.lang.String)[pri:0, instance:core.ElementsValidationTest@d8355a8]" test-instance-name="Page title (Confirmation)" name="test" duration-ms="2248" started-at="2017-02-23T13:46:55Z" data-provider="dp" finished-at="2017-02-23T13:46:58Z">
          <params>
            <param index="0">
              <value>
                <![CDATA[Label (radio female)]]>
              </value>
            </param>
            <param index="1">
              <value>
                <![CDATA[index.php]]>
              </value>
            </param>
            <param index="2">
              <value>
                <![CDATA[id_r_label_f]]>
              </value>
            </param>
            <param index="3">
              <value>
                <![CDATA[(66, 23)]]>
              </value>
            </param>
            <param index="4">
              <value>
                <![CDATA[(792, 354)]]>
              </value>
            </param>
          </params>
          <reporter-output>
          </reporter-output>
        </test-method> <!-- test -->
        <test-method status="PASS" signature="bm(java.lang.reflect.Method, [Ljava.lang.Object;)[pri:0, instance:core.ElementsValidationTest@d8355a8]" test-instance-name="Page title (Confirmation)" name="bm" is-config="true" duration-ms="0" started-at="2017-02-23T13:46:55Z" finished-at="2017-02-23T13:46:55Z">
          <params>
            <param index="0">
              <value>
                <![CDATA[public void core.ElementsValidationTest.test(java.lang.String,java.lang.String,java.lang.String,java.lang.String,java.lang.String) throws java.io.IOException]]>
              </value>
            </param>
            <param index="1">
              <value>
                <![CDATA[[Ljava.lang.Object;@6cd24612]]>
              </value>
            </param>
          </params>
          <reporter-output>
          </reporter-output>
        </test-method> <!-- bm -->
        <test-method status="PASS" signature="am()[pri:0, instance:core.ElementsValidationTest@d8355a8]" test-instance-name="Page title (Confirmation)" name="am" is-config="true" duration-ms="2870" started-at="2017-02-23T13:46:58Z" finished-at="2017-02-23T13:47:01Z">
          <reporter-output>
          </reporter-output>
        </test-method> <!-- am -->
        <test-method status="PASS" signature="bm(java.lang.reflect.Method, [Ljava.lang.Object;)[pri:0, instance:core.ElementsValidationTest@d8355a8]" test-instance-name="Page title (Confirmation)" name="bm" is-config="true" duration-ms="0" started-at="2017-02-23T13:47:01Z" finished-at="2017-02-23T13:47:01Z">
          <params>
            <param index="0">
              <value>
                <![CDATA[public void core.ElementsValidationTest.test(java.lang.String,java.lang.String,java.lang.String,java.lang.String,java.lang.String) throws java.io.IOException]]>
              </value>
            </param>
            <param index="1">
              <value>
                <![CDATA[[Ljava.lang.Object;@5dafbe45]]>
              </value>
            </param>
          </params>
          <reporter-output>
          </reporter-output>
        </test-method> <!-- bm -->
        <test-method status="PASS" signature="test(java.lang.String, java.lang.String, java.lang.String, java.lang.String, java.lang.String)[pri:0, instance:core.ElementsValidationTest@d8355a8]" test-instance-name="Page title (Confirmation)" name="test" duration-ms="1918" started-at="2017-02-23T13:47:01Z" data-provider="dp" finished-at="2017-02-23T13:47:02Z">
          <params>
            <param index="0">
              <value>
                <![CDATA[Radio Button (female)]]>
              </value>
            </param>
            <param index="1">
              <value>
                <![CDATA[index.php]]>
              </value>
            </param>
            <param index="2">
              <value>
                <![CDATA[id_g_radio_02]]>
              </value>
            </param>
            <param index="3">
              <value>
                <![CDATA[(26, 26)]]>
              </value>
            </param>
            <param index="4">
              <value>
                <![CDATA[(751, 353)]]>
              </value>
            </param>
          </params>
          <reporter-output>
          </reporter-output>
        </test-method> <!-- test -->
        <test-method status="PASS" signature="am()[pri:0, instance:core.ElementsValidationTest@d8355a8]" test-instance-name="Page title (Confirmation)" name="am" is-config="true" duration-ms="2889" started-at="2017-02-23T13:47:02Z" finished-at="2017-02-23T13:47:05Z">
          <reporter-output>
          </reporter-output>
        </test-method> <!-- am -->
        <test-method status="PASS" signature="bm(java.lang.reflect.Method, [Ljava.lang.Object;)[pri:0, instance:core.ElementsValidationTest@d8355a8]" test-instance-name="Page title (Confirmation)" name="bm" is-config="true" duration-ms="0" started-at="2017-02-23T13:47:05Z" finished-at="2017-02-23T13:47:05Z">
          <params>
            <param index="0">
              <value>
                <![CDATA[public void core.ElementsValidationTest.test(java.lang.String,java.lang.String,java.lang.String,java.lang.String,java.lang.String) throws java.io.IOException]]>
              </value>
            </param>
            <param index="1">
              <value>
                <![CDATA[[Ljava.lang.Object;@2254127a]]>
              </value>
            </param>
          </params>
          <reporter-output>
          </reporter-output>
        </test-method> <!-- bm -->
        <test-method status="PASS" signature="test(java.lang.String, java.lang.String, java.lang.String, java.lang.String, java.lang.String)[pri:0, instance:core.ElementsValidationTest@d8355a8]" test-instance-name="Page title (Confirmation)" name="test" duration-ms="1919" started-at="2017-02-23T13:47:05Z" data-provider="dp" finished-at="2017-02-23T13:47:07Z">
          <params>
            <param index="0">
              <value>
                <![CDATA[Label (state)]]>
              </value>
            </param>
            <param index="1">
              <value>
                <![CDATA[index.php]]>
              </value>
            </param>
            <param index="2">
              <value>
                <![CDATA[id_f_label_s]]>
              </value>
            </param>
            <param index="3">
              <value>
                <![CDATA[(50, 25)]]>
              </value>
            </param>
            <param index="4">
              <value>
                <![CDATA[(985, 312)]]>
              </value>
            </param>
          </params>
          <reporter-output>
          </reporter-output>
        </test-method> <!-- test -->
        <test-method status="PASS" signature="am()[pri:0, instance:core.ElementsValidationTest@d8355a8]" test-instance-name="Page title (Confirmation)" name="am" is-config="true" duration-ms="2869" started-at="2017-02-23T13:47:07Z" finished-at="2017-02-23T13:47:10Z">
          <reporter-output>
          </reporter-output>
        </test-method> <!-- am -->
        <test-method status="PASS" signature="bm(java.lang.reflect.Method, [Ljava.lang.Object;)[pri:0, instance:core.ElementsValidationTest@d8355a8]" test-instance-name="Page title (Confirmation)" name="bm" is-config="true" duration-ms="0" started-at="2017-02-23T13:47:10Z" finished-at="2017-02-23T13:47:10Z">
          <params>
            <param index="0">
              <value>
                <![CDATA[public void core.ElementsValidationTest.test(java.lang.String,java.lang.String,java.lang.String,java.lang.String,java.lang.String) throws java.io.IOException]]>
              </value>
            </param>
            <param index="1">
              <value>
                <![CDATA[[Ljava.lang.Object;@51891008]]>
              </value>
            </param>
          </params>
          <reporter-output>
          </reporter-output>
        </test-method> <!-- bm -->
        <test-method status="PASS" signature="test(java.lang.String, java.lang.String, java.lang.String, java.lang.String, java.lang.String)[pri:0, instance:core.ElementsValidationTest@d8355a8]" test-instance-name="Page title (Confirmation)" name="test" duration-ms="1868" started-at="2017-02-23T13:47:10Z" data-provider="dp" finished-at="2017-02-23T13:47:12Z">
          <params>
            <param index="0">
              <value>
                <![CDATA[Drop-down List (state)]]>
              </value>
            </param>
            <param index="1">
              <value>
                <![CDATA[index.php]]>
              </value>
            </param>
            <param index="2">
              <value>
                <![CDATA[id_state]]>
              </value>
            </param>
            <param index="3">
              <value>
                <![CDATA[(345, 44)]]>
              </value>
            </param>
            <param index="4">
              <value>
                <![CDATA[(985, 342)]]>
              </value>
            </param>
          </params>
          <reporter-output>
          </reporter-output>
        </test-method> <!-- test -->
        <test-method status="PASS" signature="am()[pri:0, instance:core.ElementsValidationTest@d8355a8]" test-instance-name="Page title (Confirmation)" name="am" is-config="true" duration-ms="2923" started-at="2017-02-23T13:47:12Z" finished-at="2017-02-23T13:47:15Z">
          <reporter-output>
          </reporter-output>
        </test-method> <!-- am -->
        <test-method status="PASS" signature="bm(java.lang.reflect.Method, [Ljava.lang.Object;)[pri:0, instance:core.ElementsValidationTest@d8355a8]" test-instance-name="Page title (Confirmation)" name="bm" is-config="true" duration-ms="0" started-at="2017-02-23T13:47:15Z" finished-at="2017-02-23T13:47:15Z">
          <params>
            <param index="0">
              <value>
                <![CDATA[public void core.ElementsValidationTest.test(java.lang.String,java.lang.String,java.lang.String,java.lang.String,java.lang.String) throws java.io.IOException]]>
              </value>
            </param>
            <param index="1">
              <value>
                <![CDATA[[Ljava.lang.Object;@2f953efd]]>
              </value>
            </param>
          </params>
          <reporter-output>
          </reporter-output>
        </test-method> <!-- bm -->
        <test-method status="PASS" signature="test(java.lang.String, java.lang.String, java.lang.String, java.lang.String, java.lang.String)[pri:0, instance:core.ElementsValidationTest@d8355a8]" test-instance-name="Page title (Confirmation)" name="test" duration-ms="1884" started-at="2017-02-23T13:47:15Z" data-provider="dp" finished-at="2017-02-23T13:47:17Z">
          <params>
            <param index="0">
              <value>
                <![CDATA[Label (I agree to the Terms)]]>
              </value>
            </param>
            <param index="1">
              <value>
                <![CDATA[index.php]]>
              </value>
            </param>
            <param index="2">
              <value>
                <![CDATA[id_cb_label]]>
              </value>
            </param>
            <param index="3">
              <value>
                <![CDATA[(234, 29)]]>
              </value>
            </param>
            <param index="4">
              <value>
                <![CDATA[(604, 414)]]>
              </value>
            </param>
          </params>
          <reporter-output>
          </reporter-output>
        </test-method> <!-- test -->
        <test-method status="PASS" signature="am()[pri:0, instance:core.ElementsValidationTest@d8355a8]" test-instance-name="Page title (Confirmation)" name="am" is-config="true" duration-ms="2898" started-at="2017-02-23T13:47:17Z" finished-at="2017-02-23T13:47:20Z">
          <reporter-output>
          </reporter-output>
        </test-method> <!-- am -->
        <test-method status="PASS" signature="bm(java.lang.reflect.Method, [Ljava.lang.Object;)[pri:0, instance:core.ElementsValidationTest@d8355a8]" test-instance-name="Page title (Confirmation)" name="bm" is-config="true" duration-ms="0" started-at="2017-02-23T13:47:20Z" finished-at="2017-02-23T13:47:20Z">
          <params>
            <param index="0">
              <value>
                <![CDATA[public void core.ElementsValidationTest.test(java.lang.String,java.lang.String,java.lang.String,java.lang.String,java.lang.String) throws java.io.IOException]]>
              </value>
            </param>
            <param index="1">
              <value>
                <![CDATA[[Ljava.lang.Object;@f68f0dc]]>
              </value>
            </param>
          </params>
          <reporter-output>
          </reporter-output>
        </test-method> <!-- bm -->
        <test-method status="PASS" signature="test(java.lang.String, java.lang.String, java.lang.String, java.lang.String, java.lang.String)[pri:0, instance:core.ElementsValidationTest@d8355a8]" test-instance-name="Page title (Confirmation)" name="test" duration-ms="1958" started-at="2017-02-23T13:47:20Z" data-provider="dp" finished-at="2017-02-23T13:47:22Z">
          <params>
            <param index="0">
              <value>
                <![CDATA[Checkbox (terms)]]>
              </value>
            </param>
            <param index="1">
              <value>
                <![CDATA[index.php]]>
              </value>
            </param>
            <param index="2">
              <value>
                <![CDATA[id_checkbox]]>
              </value>
            </param>
            <param index="3">
              <value>
                <![CDATA[(26, 26)]]>
              </value>
            </param>
            <param index="4">
              <value>
                <![CDATA[(560, 419)]]>
              </value>
            </param>
          </params>
          <reporter-output>
          </reporter-output>
        </test-method> <!-- test -->
        <test-method status="PASS" signature="am()[pri:0, instance:core.ElementsValidationTest@d8355a8]" test-instance-name="Page title (Confirmation)" name="am" is-config="true" duration-ms="2882" started-at="2017-02-23T13:47:22Z" finished-at="2017-02-23T13:47:25Z">
          <reporter-output>
          </reporter-output>
        </test-method> <!-- am -->
        <test-method status="PASS" signature="bm(java.lang.reflect.Method, [Ljava.lang.Object;)[pri:0, instance:core.ElementsValidationTest@d8355a8]" test-instance-name="Page title (Confirmation)" name="bm" is-config="true" duration-ms="0" started-at="2017-02-23T13:47:25Z" finished-at="2017-02-23T13:47:25Z">
          <params>
            <param index="0">
              <value>
                <![CDATA[public void core.ElementsValidationTest.test(java.lang.String,java.lang.String,java.lang.String,java.lang.String,java.lang.String) throws java.io.IOException]]>
              </value>
            </param>
            <param index="1">
              <value>
                <![CDATA[[Ljava.lang.Object;@d2de489]]>
              </value>
            </param>
          </params>
          <reporter-output>
          </reporter-output>
        </test-method> <!-- bm -->
        <test-method status="PASS" signature="test(java.lang.String, java.lang.String, java.lang.String, java.lang.String, java.lang.String)[pri:0, instance:core.ElementsValidationTest@d8355a8]" test-instance-name="Page title (Confirmation)" name="test" duration-ms="2234" started-at="2017-02-23T13:47:25Z" data-provider="dp" finished-at="2017-02-23T13:47:27Z">
          <params>
            <param index="0">
              <value>
                <![CDATA[Image (facebook)]]>
              </value>
            </param>
            <param index="1">
              <value>
                <![CDATA[index.php]]>
              </value>
            </param>
            <param index="2">
              <value>
                <![CDATA[id_img_facebook]]>
              </value>
            </param>
            <param index="3">
              <value>
                <![CDATA[(60, 60)]]>
              </value>
            </param>
            <param index="4">
              <value>
                <![CDATA[(560, 477)]]>
              </value>
            </param>
          </params>
          <reporter-output>
          </reporter-output>
        </test-method> <!-- test -->
        <test-method status="PASS" signature="am()[pri:0, instance:core.ElementsValidationTest@d8355a8]" test-instance-name="Page title (Confirmation)" name="am" is-config="true" duration-ms="2918" started-at="2017-02-23T13:47:27Z" finished-at="2017-02-23T13:47:30Z">
          <reporter-output>
          </reporter-output>
        </test-method> <!-- am -->
        <test-method status="PASS" signature="test(java.lang.String, java.lang.String, java.lang.String, java.lang.String, java.lang.String)[pri:0, instance:core.ElementsValidationTest@d8355a8]" test-instance-name="Page title (Confirmation)" name="test" duration-ms="2203" started-at="2017-02-23T13:47:30Z" data-provider="dp" finished-at="2017-02-23T13:47:32Z">
          <params>
            <param index="0">
              <value>
                <![CDATA[Image (twitter)]]>
              </value>
            </param>
            <param index="1">
              <value>
                <![CDATA[index.php]]>
              </value>
            </param>
            <param index="2">
              <value>
                <![CDATA[id_img_twitter]]>
              </value>
            </param>
            <param index="3">
              <value>
                <![CDATA[(60, 60)]]>
              </value>
            </param>
            <param index="4">
              <value>
                <![CDATA[(629, 477)]]>
              </value>
            </param>
          </params>
          <reporter-output>
          </reporter-output>
        </test-method> <!-- test -->
        <test-method status="PASS" signature="bm(java.lang.reflect.Method, [Ljava.lang.Object;)[pri:0, instance:core.ElementsValidationTest@d8355a8]" test-instance-name="Page title (Confirmation)" name="bm" is-config="true" duration-ms="0" started-at="2017-02-23T13:47:30Z" finished-at="2017-02-23T13:47:30Z">
          <params>
            <param index="0">
              <value>
                <![CDATA[public void core.ElementsValidationTest.test(java.lang.String,java.lang.String,java.lang.String,java.lang.String,java.lang.String) throws java.io.IOException]]>
              </value>
            </param>
            <param index="1">
              <value>
                <![CDATA[[Ljava.lang.Object;@14bdbc74]]>
              </value>
            </param>
          </params>
          <reporter-output>
          </reporter-output>
        </test-method> <!-- bm -->
        <test-method status="PASS" signature="am()[pri:0, instance:core.ElementsValidationTest@d8355a8]" test-instance-name="Page title (Confirmation)" name="am" is-config="true" duration-ms="2933" started-at="2017-02-23T13:47:32Z" finished-at="2017-02-23T13:47:35Z">
          <reporter-output>
          </reporter-output>
        </test-method> <!-- am -->
        <test-method status="PASS" signature="bm(java.lang.reflect.Method, [Ljava.lang.Object;)[pri:0, instance:core.ElementsValidationTest@d8355a8]" test-instance-name="Page title (Confirmation)" name="bm" is-config="true" duration-ms="0" started-at="2017-02-23T13:47:35Z" finished-at="2017-02-23T13:47:35Z">
          <params>
            <param index="0">
              <value>
                <![CDATA[public void core.ElementsValidationTest.test(java.lang.String,java.lang.String,java.lang.String,java.lang.String,java.lang.String) throws java.io.IOException]]>
              </value>
            </param>
            <param index="1">
              <value>
                <![CDATA[[Ljava.lang.Object;@12591ac8]]>
              </value>
            </param>
          </params>
          <reporter-output>
          </reporter-output>
        </test-method> <!-- bm -->
        <test-method status="PASS" signature="test(java.lang.String, java.lang.String, java.lang.String, java.lang.String, java.lang.String)[pri:0, instance:core.ElementsValidationTest@d8355a8]" test-instance-name="Page title (Confirmation)" name="test" duration-ms="2019" started-at="2017-02-23T13:47:35Z" data-provider="dp" finished-at="2017-02-23T13:47:37Z">
          <params>
            <param index="0">
              <value>
                <![CDATA[Image (flickr)]]>
              </value>
            </param>
            <param index="1">
              <value>
                <![CDATA[index.php]]>
              </value>
            </param>
            <param index="2">
              <value>
                <![CDATA[id_img_flickr]]>
              </value>
            </param>
            <param index="3">
              <value>
                <![CDATA[(60, 60)]]>
              </value>
            </param>
            <param index="4">
              <value>
                <![CDATA[(698, 477)]]>
              </value>
            </param>
          </params>
          <reporter-output>
          </reporter-output>
        </test-method> <!-- test -->
        <test-method status="PASS" signature="am()[pri:0, instance:core.ElementsValidationTest@d8355a8]" test-instance-name="Page title (Confirmation)" name="am" is-config="true" duration-ms="2902" started-at="2017-02-23T13:47:37Z" finished-at="2017-02-23T13:47:40Z">
          <reporter-output>
          </reporter-output>
        </test-method> <!-- am -->
        <test-method status="PASS" signature="bm(java.lang.reflect.Method, [Ljava.lang.Object;)[pri:0, instance:core.ElementsValidationTest@d8355a8]" test-instance-name="Page title (Confirmation)" name="bm" is-config="true" duration-ms="0" started-at="2017-02-23T13:47:40Z" finished-at="2017-02-23T13:47:40Z">
          <params>
            <param index="0">
              <value>
                <![CDATA[public void core.ElementsValidationTest.test(java.lang.String,java.lang.String,java.lang.String,java.lang.String,java.lang.String) throws java.io.IOException]]>
              </value>
            </param>
            <param index="1">
              <value>
                <![CDATA[[Ljava.lang.Object;@5a7fe64f]]>
              </value>
            </param>
          </params>
          <reporter-output>
          </reporter-output>
        </test-method> <!-- bm -->
        <test-method status="PASS" signature="test(java.lang.String, java.lang.String, java.lang.String, java.lang.String, java.lang.String)[pri:0, instance:core.ElementsValidationTest@d8355a8]" test-instance-name="Page title (Confirmation)" name="test" duration-ms="2040" started-at="2017-02-23T13:47:40Z" data-provider="dp" finished-at="2017-02-23T13:47:42Z">
          <params>
            <param index="0">
              <value>
                <![CDATA[Image (youtube)]]>
              </value>
            </param>
            <param index="1">
              <value>
                <![CDATA[index.php]]>
              </value>
            </param>
            <param index="2">
              <value>
                <![CDATA[id_img_youtube]]>
              </value>
            </param>
            <param index="3">
              <value>
                <![CDATA[(60, 60)]]>
              </value>
            </param>
            <param index="4">
              <value>
                <![CDATA[(767, 477)]]>
              </value>
            </param>
          </params>
          <reporter-output>
          </reporter-output>
        </test-method> <!-- test -->
        <test-method status="PASS" signature="am()[pri:0, instance:core.ElementsValidationTest@d8355a8]" test-instance-name="Page title (Confirmation)" name="am" is-config="true" duration-ms="2904" started-at="2017-02-23T13:47:42Z" finished-at="2017-02-23T13:47:45Z">
          <reporter-output>
          </reporter-output>
        </test-method> <!-- am -->
        <test-method status="PASS" signature="test(java.lang.String, java.lang.String, java.lang.String, java.lang.String, java.lang.String)[pri:0, instance:core.ElementsValidationTest@d8355a8]" test-instance-name="Page title (Confirmation)" name="test" duration-ms="2002" started-at="2017-02-23T13:47:45Z" data-provider="dp" finished-at="2017-02-23T13:47:47Z">
          <params>
            <param index="0">
              <value>
                <![CDATA[Button (Reset)]]>
              </value>
            </param>
            <param index="1">
              <value>
                <![CDATA[index.php]]>
              </value>
            </param>
            <param index="2">
              <value>
                <![CDATA[id_reset_button]]>
              </value>
            </param>
            <param index="3">
              <value>
                <![CDATA[(104, 37)]]>
              </value>
            </param>
            <param index="4">
              <value>
                <![CDATA[(986, 493)]]>
              </value>
            </param>
          </params>
          <reporter-output>
          </reporter-output>
        </test-method> <!-- test -->
        <test-method status="PASS" signature="bm(java.lang.reflect.Method, [Ljava.lang.Object;)[pri:0, instance:core.ElementsValidationTest@d8355a8]" test-instance-name="Page title (Confirmation)" name="bm" is-config="true" duration-ms="0" started-at="2017-02-23T13:47:45Z" finished-at="2017-02-23T13:47:45Z">
          <params>
            <param index="0">
              <value>
                <![CDATA[public void core.ElementsValidationTest.test(java.lang.String,java.lang.String,java.lang.String,java.lang.String,java.lang.String) throws java.io.IOException]]>
              </value>
            </param>
            <param index="1">
              <value>
                <![CDATA[[Ljava.lang.Object;@38145825]]>
              </value>
            </param>
          </params>
          <reporter-output>
          </reporter-output>
        </test-method> <!-- bm -->
        <test-method status="PASS" signature="am()[pri:0, instance:core.ElementsValidationTest@d8355a8]" test-instance-name="Page title (Confirmation)" name="am" is-config="true" duration-ms="2901" started-at="2017-02-23T13:47:47Z" finished-at="2017-02-23T13:47:50Z">
          <reporter-output>
          </reporter-output>
        </test-method> <!-- am -->
        <test-method status="PASS" signature="bm(java.lang.reflect.Method, [Ljava.lang.Object;)[pri:0, instance:core.ElementsValidationTest@d8355a8]" test-instance-name="Page title (Confirmation)" name="bm" is-config="true" duration-ms="0" started-at="2017-02-23T13:47:50Z" finished-at="2017-02-23T13:47:50Z">
          <params>
            <param index="0">
              <value>
                <![CDATA[public void core.ElementsValidationTest.test(java.lang.String,java.lang.String,java.lang.String,java.lang.String,java.lang.String) throws java.io.IOException]]>
              </value>
            </param>
            <param index="1">
              <value>
                <![CDATA[[Ljava.lang.Object;@41330d4f]]>
              </value>
            </param>
          </params>
          <reporter-output>
          </reporter-output>
        </test-method> <!-- bm -->
        <test-method status="PASS" signature="test(java.lang.String, java.lang.String, java.lang.String, java.lang.String, java.lang.String)[pri:0, instance:core.ElementsValidationTest@d8355a8]" test-instance-name="Page title (Confirmation)" name="test" duration-ms="2019" started-at="2017-02-23T13:47:50Z" data-provider="dp" finished-at="2017-02-23T13:47:52Z">
          <params>
            <param index="0">
              <value>
                <![CDATA[Button (Submit)]]>
              </value>
            </param>
            <param index="1">
              <value>
                <![CDATA[index.php]]>
              </value>
            </param>
            <param index="2">
              <value>
                <![CDATA[id_submit_button]]>
              </value>
            </param>
            <param index="3">
              <value>
                <![CDATA[(118, 37)]]>
              </value>
            </param>
            <param index="4">
              <value>
                <![CDATA[(1241, 493)]]>
              </value>
            </param>
          </params>
          <reporter-output>
          </reporter-output>
        </test-method> <!-- test -->
        <test-method status="PASS" signature="am()[pri:0, instance:core.ElementsValidationTest@d8355a8]" test-instance-name="Page title (Confirmation)" name="am" is-config="true" duration-ms="2901" started-at="2017-02-23T13:47:52Z" finished-at="2017-02-23T13:47:55Z">
          <reporter-output>
          </reporter-output>
        </test-method> <!-- am -->
        <test-method status="PASS" signature="test(java.lang.String, java.lang.String, java.lang.String, java.lang.String, java.lang.String)[pri:0, instance:core.ElementsValidationTest@d8355a8]" test-instance-name="Page title (Confirmation)" name="test" duration-ms="1971" started-at="2017-02-23T13:47:55Z" data-provider="dp" finished-at="2017-02-23T13:47:57Z">
          <params>
            <param index="0">
              <value>
                <![CDATA[Dynamic text (todayâ€™s date)]]>
              </value>
            </param>
            <param index="1">
              <value>
                <![CDATA[index.php]]>
              </value>
            </param>
            <param index="2">
              <value>
                <![CDATA[timestamp]]>
              </value>
            </param>
            <param index="3">
              <value>
                <![CDATA[(290, 24)]]>
              </value>
            </param>
            <param index="4">
              <value>
                <![CDATA[(535, 550)]]>
              </value>
            </param>
          </params>
          <reporter-output>
          </reporter-output>
        </test-method> <!-- test -->
        <test-method status="PASS" signature="bm(java.lang.reflect.Method, [Ljava.lang.Object;)[pri:0, instance:core.ElementsValidationTest@d8355a8]" test-instance-name="Page title (Confirmation)" name="bm" is-config="true" duration-ms="0" started-at="2017-02-23T13:47:55Z" finished-at="2017-02-23T13:47:55Z">
          <params>
            <param index="0">
              <value>
                <![CDATA[public void core.ElementsValidationTest.test(java.lang.String,java.lang.String,java.lang.String,java.lang.String,java.lang.String) throws java.io.IOException]]>
              </value>
            </param>
            <param index="1">
              <value>
                <![CDATA[[Ljava.lang.Object;@1b66c0fb]]>
              </value>
            </param>
          </params>
          <reporter-output>
          </reporter-output>
        </test-method> <!-- bm -->
        <test-method status="PASS" signature="am()[pri:0, instance:core.ElementsValidationTest@d8355a8]" test-instance-name="Page title (Confirmation)" name="am" is-config="true" duration-ms="2883" started-at="2017-02-23T13:47:57Z" finished-at="2017-02-23T13:47:59Z">
          <reporter-output>
          </reporter-output>
        </test-method> <!-- am -->
        <test-method status="PASS" signature="test(java.lang.String, java.lang.String, java.lang.String, java.lang.String, java.lang.String)[pri:0, instance:core.ElementsValidationTest@d8355a8]" test-instance-name="Page title (Confirmation)" name="test" duration-ms="1975" started-at="2017-02-23T13:47:59Z" data-provider="dp" finished-at="2017-02-23T13:48:01Z">
          <params>
            <param index="0">
              <value>
                <![CDATA[Dynamic text (copyright)]]>
              </value>
            </param>
            <param index="1">
              <value>
                <![CDATA[index.php]]>
              </value>
            </param>
            <param index="2">
              <value>
                <![CDATA[copyright]]>
              </value>
            </param>
            <param index="3">
              <value>
                <![CDATA[(250, 24)]]>
              </value>
            </param>
            <param index="4">
              <value>
                <![CDATA[(825, 550)]]>
              </value>
            </param>
          </params>
          <reporter-output>
          </reporter-output>
        </test-method> <!-- test -->
        <test-method status="PASS" signature="bm(java.lang.reflect.Method, [Ljava.lang.Object;)[pri:0, instance:core.ElementsValidationTest@d8355a8]" test-instance-name="Page title (Confirmation)" name="bm" is-config="true" duration-ms="0" started-at="2017-02-23T13:47:59Z" finished-at="2017-02-23T13:47:59Z">
          <params>
            <param index="0">
              <value>
                <![CDATA[public void core.ElementsValidationTest.test(java.lang.String,java.lang.String,java.lang.String,java.lang.String,java.lang.String) throws java.io.IOException]]>
              </value>
            </param>
            <param index="1">
              <value>
                <![CDATA[[Ljava.lang.Object;@3e0e1046]]>
              </value>
            </param>
          </params>
          <reporter-output>
          </reporter-output>
        </test-method> <!-- bm -->
        <test-method status="PASS" signature="am()[pri:0, instance:core.ElementsValidationTest@d8355a8]" test-instance-name="Page title (Confirmation)" name="am" is-config="true" duration-ms="2868" started-at="2017-02-23T13:48:01Z" finished-at="2017-02-23T13:48:04Z">
          <reporter-output>
          </reporter-output>
        </test-method> <!-- am -->
        <test-method status="PASS" signature="test(java.lang.String, java.lang.String, java.lang.String, java.lang.String, java.lang.String)[pri:0, instance:core.ElementsValidationTest@d8355a8]" test-instance-name="Page title (Confirmation)" name="test" duration-ms="1987" started-at="2017-02-23T13:48:04Z" data-provider="dp" finished-at="2017-02-23T13:48:06Z">
          <params>
            <param index="0">
              <value>
                <![CDATA[Dynamic text (os & browser)]]>
              </value>
            </param>
            <param index="1">
              <value>
                <![CDATA[index.php]]>
              </value>
            </param>
            <param index="2">
              <value>
                <![CDATA[os_browser]]>
              </value>
            </param>
            <param index="3">
              <value>
                <![CDATA[(310, 24)]]>
              </value>
            </param>
            <param index="4">
              <value>
                <![CDATA[(1075, 550)]]>
              </value>
            </param>
          </params>
          <reporter-output>
          </reporter-output>
        </test-method> <!-- test -->
        <test-method status="PASS" signature="bm(java.lang.reflect.Method, [Ljava.lang.Object;)[pri:0, instance:core.ElementsValidationTest@d8355a8]" test-instance-name="Page title (Confirmation)" name="bm" is-config="true" duration-ms="0" started-at="2017-02-23T13:48:04Z" finished-at="2017-02-23T13:48:04Z">
          <params>
            <param index="0">
              <value>
                <![CDATA[public void core.ElementsValidationTest.test(java.lang.String,java.lang.String,java.lang.String,java.lang.String,java.lang.String) throws java.io.IOException]]>
              </value>
            </param>
            <param index="1">
              <value>
                <![CDATA[[Ljava.lang.Object;@24c1b2d2]]>
              </value>
            </param>
          </params>
          <reporter-output>
          </reporter-output>
        </test-method> <!-- bm -->
        <test-method status="PASS" signature="am()[pri:0, instance:core.ElementsValidationTest@d8355a8]" test-instance-name="Page title (Confirmation)" name="am" is-config="true" duration-ms="2901" started-at="2017-02-23T13:48:06Z" finished-at="2017-02-23T13:48:09Z">
          <reporter-output>
          </reporter-output>
        </test-method> <!-- am -->
        <test-method status="PASS" signature="bm(java.lang.reflect.Method, [Ljava.lang.Object;)[pri:0, instance:core.ElementsValidationTest@d8355a8]" test-instance-name="Page title (Confirmation)" name="bm" is-config="true" duration-ms="0" started-at="2017-02-23T13:48:09Z" finished-at="2017-02-23T13:48:09Z">
          <params>
            <param index="0">
              <value>
                <![CDATA[public void core.ElementsValidationTest.test(java.lang.String,java.lang.String,java.lang.String,java.lang.String,java.lang.String) throws java.io.IOException]]>
              </value>
            </param>
            <param index="1">
              <value>
                <![CDATA[[Ljava.lang.Object;@7dc19a70]]>
              </value>
            </param>
          </params>
          <reporter-output>
          </reporter-output>
        </test-method> <!-- bm -->
        <test-method status="PASS" signature="test(java.lang.String, java.lang.String, java.lang.String, java.lang.String, java.lang.String)[pri:0, instance:core.ElementsValidationTest@d8355a8]" test-instance-name="Page title (Confirmation)" name="test" duration-ms="2507" started-at="2017-02-23T13:48:09Z" data-provider="dp" finished-at="2017-02-23T13:48:12Z">
          <params>
            <param index="0">
              <value>
                <![CDATA[Page title (Confirmation)]]>
              </value>
            </param>
            <param index="1">
              <value>
                <![CDATA[confirmation.php]]>
              </value>
            </param>
            <param index="2">
              <value>
                <![CDATA[id_f_title]]>
              </value>
            </param>
            <param index="3">
              <value>
                <![CDATA[(249, 46)]]>
              </value>
            </param>
            <param index="4">
              <value>
                <![CDATA[(560, 84)]]>
              </value>
            </param>
          </params>
          <reporter-output>
          </reporter-output>
        </test-method> <!-- test -->
        <test-method status="PASS" signature="am()[pri:0, instance:core.ElementsValidationTest@d8355a8]" test-instance-name="Page title (Confirmation)" name="am" is-config="true" duration-ms="2880" started-at="2017-02-23T13:48:12Z" finished-at="2017-02-23T13:48:15Z">
          <reporter-output>
          </reporter-output>
        </test-method> <!-- am -->
      </class> <!-- core.ElementsValidationTest -->
    </test> <!-- Default test -->
  </suite> <!-- Default suite -->
</testng-results>
