<?xml version="1.0" encoding="UTF-8"?>
<testng-results skipped="0" failed="0" ignored="0" total="30" passed="30">
  <reporter-output>
  </reporter-output>
  <suite name="Default suite" duration-ms="16015" started-at="2017-02-25T04:03:12Z" finished-at="2017-02-25T04:03:28Z">
    <groups>
    </groups>
    <test name="Default test" duration-ms="16015" started-at="2017-02-25T04:03:12Z" finished-at="2017-02-25T04:03:28Z">
      <class name="core.ElementsValidationTest2">
        <test-method status="PASS" signature="bm(java.lang.reflect.Method, [Ljava.lang.Object;)[pri:0, instance:core.ElementsValidationTest2@3ffc5af1]" test-instance-name="Dynamic text (os &amp; browser)" name="bm" is-config="true" duration-ms="8" started-at="2017-02-24T20:03:12Z" finished-at="2017-02-24T20:03:12Z">
          <params>
            <param index="0">
              <value>
                <![CDATA[public void core.ElementsValidationTest2.test(java.lang.String,java.lang.String,java.lang.String,java.lang.String,java.lang.String) throws java.io.IOException]]>
              </value>
            </param>
            <param index="1">
              <value>
                <![CDATA[[Ljava.lang.Object;@1b410b60]]>
              </value>
            </param>
          </params>
          <reporter-output>
          </reporter-output>
        </test-method> <!-- bm -->
        <test-method status="PASS" signature="test(java.lang.String, java.lang.String, java.lang.String, java.lang.String, java.lang.String)[pri:0, instance:core.ElementsValidationTest2@3ffc5af1]" test-instance-name="Dynamic text (os &amp; browser)" name="test" duration-ms="11297" started-at="2017-02-24T20:03:12Z" data-provider="dp" finished-at="2017-02-24T20:03:23Z">
          <params>
            <param index="0">
              <value>
                <![CDATA[Dynamic text (quote)]]>
              </value>
            </param>
            <param index="1">
              <value>
                <![CDATA[index.php]]>
              </value>
            </param>
            <param index="2">
              <value>
                <![CDATA[id_quotes]]>
              </value>
            </param>
            <param index="3">
              <value>
                <![CDATA[(1904, 20)]]>
              </value>
            </param>
            <param index="4">
              <value>
                <![CDATA[(8, 48)]]>
              </value>
            </param>
          </params>
          <reporter-output>
          </reporter-output>
        </test-method> <!-- test -->
        <test-method status="PASS" signature="bm(java.lang.reflect.Method, [Ljava.lang.Object;)[pri:0, instance:core.ElementsValidationTest2@3ffc5af1]" test-instance-name="Dynamic text (os &amp; browser)" name="bm" is-config="true" duration-ms="1" started-at="2017-02-24T20:03:23Z" finished-at="2017-02-24T20:03:23Z">
          <params>
            <param index="0">
              <value>
                <![CDATA[public void core.ElementsValidationTest2.test(java.lang.String,java.lang.String,java.lang.String,java.lang.String,java.lang.String) throws java.io.IOException]]>
              </value>
            </param>
            <param index="1">
              <value>
                <![CDATA[[Ljava.lang.Object;@2462cb01]]>
              </value>
            </param>
          </params>
          <reporter-output>
          </reporter-output>
        </test-method> <!-- bm -->
        <test-method status="PASS" signature="test(java.lang.String, java.lang.String, java.lang.String, java.lang.String, java.lang.String)[pri:0, instance:core.ElementsValidationTest2@3ffc5af1]" test-instance-name="Dynamic text (os &amp; browser)" name="test" duration-ms="110" started-at="2017-02-24T20:03:23Z" data-provider="dp" finished-at="2017-02-24T20:03:23Z">
          <params>
            <param index="0">
              <value>
                <![CDATA[Page title (Sing Up)]]>
              </value>
            </param>
            <param index="1">
              <value>
                <![CDATA[index.php]]>
              </value>
            </param>
            <param index="2">
              <value>
                <![CDATA[id_f_title]]>
              </value>
            </param>
            <param index="3">
              <value>
                <![CDATA[(151, 46)]]>
              </value>
            </param>
            <param index="4">
              <value>
                <![CDATA[(560, 86)]]>
              </value>
            </param>
          </params>
          <reporter-output>
          </reporter-output>
        </test-method> <!-- test -->
        <test-method status="PASS" signature="bm(java.lang.reflect.Method, [Ljava.lang.Object;)[pri:0, instance:core.ElementsValidationTest2@3ffc5af1]" test-instance-name="Dynamic text (os &amp; browser)" name="bm" is-config="true" duration-ms="0" started-at="2017-02-24T20:03:23Z" finished-at="2017-02-24T20:03:23Z">
          <params>
            <param index="0">
              <value>
                <![CDATA[public void core.ElementsValidationTest2.test(java.lang.String,java.lang.String,java.lang.String,java.lang.String,java.lang.String) throws java.io.IOException]]>
              </value>
            </param>
            <param index="1">
              <value>
                <![CDATA[[Ljava.lang.Object;@19b843ba]]>
              </value>
            </param>
          </params>
          <reporter-output>
          </reporter-output>
        </test-method> <!-- bm -->
        <test-method status="PASS" signature="test(java.lang.String, java.lang.String, java.lang.String, java.lang.String, java.lang.String)[pri:0, instance:core.ElementsValidationTest2@3ffc5af1]" test-instance-name="Dynamic text (os &amp; browser)" name="test" duration-ms="127" started-at="2017-02-24T20:03:23Z" data-provider="dp" finished-at="2017-02-24T20:03:23Z">
          <params>
            <param index="0">
              <value>
                <![CDATA[text (current location)]]>
              </value>
            </param>
            <param index="1">
              <value>
                <![CDATA[index.php]]>
              </value>
            </param>
            <param index="2">
              <value>
                <![CDATA[id_current_location]]>
              </value>
            </param>
            <param index="3">
              <value>
                <![CDATA[(177, 25)]]>
              </value>
            </param>
            <param index="4">
              <value>
                <![CDATA[(1156, 70)]]>
              </value>
            </param>
          </params>
          <reporter-output>
          </reporter-output>
        </test-method> <!-- test -->
        <test-method status="PASS" signature="bm(java.lang.reflect.Method, [Ljava.lang.Object;)[pri:0, instance:core.ElementsValidationTest2@3ffc5af1]" test-instance-name="Dynamic text (os &amp; browser)" name="bm" is-config="true" duration-ms="0" started-at="2017-02-24T20:03:23Z" finished-at="2017-02-24T20:03:23Z">
          <params>
            <param index="0">
              <value>
                <![CDATA[public void core.ElementsValidationTest2.test(java.lang.String,java.lang.String,java.lang.String,java.lang.String,java.lang.String) throws java.io.IOException]]>
              </value>
            </param>
            <param index="1">
              <value>
                <![CDATA[[Ljava.lang.Object;@64ec96c6]]>
              </value>
            </param>
          </params>
          <reporter-output>
          </reporter-output>
        </test-method> <!-- bm -->
        <test-method status="PASS" signature="test(java.lang.String, java.lang.String, java.lang.String, java.lang.String, java.lang.String)[pri:0, instance:core.ElementsValidationTest2@3ffc5af1]" test-instance-name="Dynamic text (os &amp; browser)" name="test" duration-ms="84" started-at="2017-02-24T20:03:23Z" data-provider="dp" finished-at="2017-02-24T20:03:23Z">
          <params>
            <param index="0">
              <value>
                <![CDATA[Image (weather icon)]]>
              </value>
            </param>
            <param index="1">
              <value>
                <![CDATA[index.php]]>
              </value>
            </param>
            <param index="2">
              <value>
                <![CDATA[id_weather_icon]]>
              </value>
            </param>
            <param index="3">
              <value>
                <![CDATA[(50, 50)]]>
              </value>
            </param>
            <param index="4">
              <value>
                <![CDATA[(1203, 98)]]>
              </value>
            </param>
          </params>
          <reporter-output>
          </reporter-output>
        </test-method> <!-- test -->
        <test-method status="PASS" signature="test(java.lang.String, java.lang.String, java.lang.String, java.lang.String, java.lang.String)[pri:0, instance:core.ElementsValidationTest2@3ffc5af1]" test-instance-name="Dynamic text (os &amp; browser)" name="test" duration-ms="98" started-at="2017-02-24T20:03:23Z" data-provider="dp" finished-at="2017-02-24T20:03:23Z">
          <params>
            <param index="0">
              <value>
                <![CDATA[Dynamic text (temperature)]]>
              </value>
            </param>
            <param index="1">
              <value>
                <![CDATA[index.php]]>
              </value>
            </param>
            <param index="2">
              <value>
                <![CDATA[id_temperature]]>
              </value>
            </param>
            <param index="3">
              <value>
                <![CDATA[(69, 42)]]>
              </value>
            </param>
            <param index="4">
              <value>
                <![CDATA[(1264, 103)]]>
              </value>
            </param>
          </params>
          <reporter-output>
          </reporter-output>
        </test-method> <!-- test -->
        <test-method status="PASS" signature="bm(java.lang.reflect.Method, [Ljava.lang.Object;)[pri:0, instance:core.ElementsValidationTest2@3ffc5af1]" test-instance-name="Dynamic text (os &amp; browser)" name="bm" is-config="true" duration-ms="0" started-at="2017-02-24T20:03:23Z" finished-at="2017-02-24T20:03:23Z">
          <params>
            <param index="0">
              <value>
                <![CDATA[public void core.ElementsValidationTest2.test(java.lang.String,java.lang.String,java.lang.String,java.lang.String,java.lang.String) throws java.io.IOException]]>
              </value>
            </param>
            <param index="1">
              <value>
                <![CDATA[[Ljava.lang.Object;@77659b30]]>
              </value>
            </param>
          </params>
          <reporter-output>
          </reporter-output>
        </test-method> <!-- bm -->
        <test-method status="PASS" signature="test(java.lang.String, java.lang.String, java.lang.String, java.lang.String, java.lang.String)[pri:0, instance:core.ElementsValidationTest2@3ffc5af1]" test-instance-name="Dynamic text (os &amp; browser)" name="test" duration-ms="72" started-at="2017-02-24T20:03:23Z" data-provider="dp" finished-at="2017-02-24T20:03:23Z">
          <params>
            <param index="0">
              <value>
                <![CDATA[Label (first name)]]>
              </value>
            </param>
            <param index="1">
              <value>
                <![CDATA[index.php]]>
              </value>
            </param>
            <param index="2">
              <value>
                <![CDATA[id_f_label_fn]]>
              </value>
            </param>
            <param index="3">
              <value>
                <![CDATA[(104, 25)]]>
              </value>
            </param>
            <param index="4">
              <value>
                <![CDATA[(560, 152)]]>
              </value>
            </param>
          </params>
          <reporter-output>
          </reporter-output>
        </test-method> <!-- test -->
        <test-method status="PASS" signature="bm(java.lang.reflect.Method, [Ljava.lang.Object;)[pri:0, instance:core.ElementsValidationTest2@3ffc5af1]" test-instance-name="Dynamic text (os &amp; browser)" name="bm" is-config="true" duration-ms="0" started-at="2017-02-24T20:03:23Z" finished-at="2017-02-24T20:03:23Z">
          <params>
            <param index="0">
              <value>
                <![CDATA[public void core.ElementsValidationTest2.test(java.lang.String,java.lang.String,java.lang.String,java.lang.String,java.lang.String) throws java.io.IOException]]>
              </value>
            </param>
            <param index="1">
              <value>
                <![CDATA[[Ljava.lang.Object;@456d6c1e]]>
              </value>
            </param>
          </params>
          <reporter-output>
          </reporter-output>
        </test-method> <!-- bm -->
        <test-method status="PASS" signature="test(java.lang.String, java.lang.String, java.lang.String, java.lang.String, java.lang.String)[pri:0, instance:core.ElementsValidationTest2@3ffc5af1]" test-instance-name="Dynamic text (os &amp; browser)" name="test" duration-ms="86" started-at="2017-02-24T20:03:23Z" data-provider="dp" finished-at="2017-02-24T20:03:24Z">
          <params>
            <param index="0">
              <value>
                <![CDATA[Field (first name)]]>
              </value>
            </param>
            <param index="1">
              <value>
                <![CDATA[index.php]]>
              </value>
            </param>
            <param index="2">
              <value>
                <![CDATA[id_fname]]>
              </value>
            </param>
            <param index="3">
              <value>
                <![CDATA[(356, 43)]]>
              </value>
            </param>
            <param index="4">
              <value>
                <![CDATA[(560, 183)]]>
              </value>
            </param>
          </params>
          <reporter-output>
          </reporter-output>
        </test-method> <!-- test -->
        <test-method status="PASS" signature="bm(java.lang.reflect.Method, [Ljava.lang.Object;)[pri:0, instance:core.ElementsValidationTest2@3ffc5af1]" test-instance-name="Dynamic text (os &amp; browser)" name="bm" is-config="true" duration-ms="0" started-at="2017-02-24T20:03:23Z" finished-at="2017-02-24T20:03:23Z">
          <params>
            <param index="0">
              <value>
                <![CDATA[public void core.ElementsValidationTest2.test(java.lang.String,java.lang.String,java.lang.String,java.lang.String,java.lang.String) throws java.io.IOException]]>
              </value>
            </param>
            <param index="1">
              <value>
                <![CDATA[[Ljava.lang.Object;@1e13529a]]>
              </value>
            </param>
          </params>
          <reporter-output>
          </reporter-output>
        </test-method> <!-- bm -->
        <test-method status="PASS" signature="test(java.lang.String, java.lang.String, java.lang.String, java.lang.String, java.lang.String)[pri:0, instance:core.ElementsValidationTest2@3ffc5af1]" test-instance-name="Dynamic text (os &amp; browser)" name="test" duration-ms="70" started-at="2017-02-24T20:03:24Z" data-provider="dp" finished-at="2017-02-24T20:03:24Z">
          <params>
            <param index="0">
              <value>
                <![CDATA[Label (last name)]]>
              </value>
            </param>
            <param index="1">
              <value>
                <![CDATA[index.php]]>
              </value>
            </param>
            <param index="2">
              <value>
                <![CDATA[id_f_label_ln]]>
              </value>
            </param>
            <param index="3">
              <value>
                <![CDATA[(103, 25)]]>
              </value>
            </param>
            <param index="4">
              <value>
                <![CDATA[(985, 152)]]>
              </value>
            </param>
          </params>
          <reporter-output>
          </reporter-output>
        </test-method> <!-- test -->
        <test-method status="PASS" signature="bm(java.lang.reflect.Method, [Ljava.lang.Object;)[pri:0, instance:core.ElementsValidationTest2@3ffc5af1]" test-instance-name="Dynamic text (os &amp; browser)" name="bm" is-config="true" duration-ms="0" started-at="2017-02-24T20:03:24Z" finished-at="2017-02-24T20:03:24Z">
          <params>
            <param index="0">
              <value>
                <![CDATA[public void core.ElementsValidationTest2.test(java.lang.String,java.lang.String,java.lang.String,java.lang.String,java.lang.String) throws java.io.IOException]]>
              </value>
            </param>
            <param index="1">
              <value>
                <![CDATA[[Ljava.lang.Object;@1ec9bd38]]>
              </value>
            </param>
          </params>
          <reporter-output>
          </reporter-output>
        </test-method> <!-- bm -->
        <test-method status="PASS" signature="bm(java.lang.reflect.Method, [Ljava.lang.Object;)[pri:0, instance:core.ElementsValidationTest2@3ffc5af1]" test-instance-name="Dynamic text (os &amp; browser)" name="bm" is-config="true" duration-ms="1" started-at="2017-02-24T20:03:24Z" finished-at="2017-02-24T20:03:24Z">
          <params>
            <param index="0">
              <value>
                <![CDATA[public void core.ElementsValidationTest2.test(java.lang.String,java.lang.String,java.lang.String,java.lang.String,java.lang.String) throws java.io.IOException]]>
              </value>
            </param>
            <param index="1">
              <value>
                <![CDATA[[Ljava.lang.Object;@452e19ca]]>
              </value>
            </param>
          </params>
          <reporter-output>
          </reporter-output>
        </test-method> <!-- bm -->
        <test-method status="PASS" signature="test(java.lang.String, java.lang.String, java.lang.String, java.lang.String, java.lang.String)[pri:0, instance:core.ElementsValidationTest2@3ffc5af1]" test-instance-name="Dynamic text (os &amp; browser)" name="test" duration-ms="74" started-at="2017-02-24T20:03:24Z" data-provider="dp" finished-at="2017-02-24T20:03:24Z">
          <params>
            <param index="0">
              <value>
                <![CDATA[Field (last name)]]>
              </value>
            </param>
            <param index="1">
              <value>
                <![CDATA[index.php]]>
              </value>
            </param>
            <param index="2">
              <value>
                <![CDATA[id_lname]]>
              </value>
            </param>
            <param index="3">
              <value>
                <![CDATA[(356, 43)]]>
              </value>
            </param>
            <param index="4">
              <value>
                <![CDATA[(985, 183)]]>
              </value>
            </param>
          </params>
          <reporter-output>
          </reporter-output>
        </test-method> <!-- test -->
        <test-method status="PASS" signature="bm(java.lang.reflect.Method, [Ljava.lang.Object;)[pri:0, instance:core.ElementsValidationTest2@3ffc5af1]" test-instance-name="Dynamic text (os &amp; browser)" name="bm" is-config="true" duration-ms="1" started-at="2017-02-24T20:03:24Z" finished-at="2017-02-24T20:03:24Z">
          <params>
            <param index="0">
              <value>
                <![CDATA[public void core.ElementsValidationTest2.test(java.lang.String,java.lang.String,java.lang.String,java.lang.String,java.lang.String) throws java.io.IOException]]>
              </value>
            </param>
            <param index="1">
              <value>
                <![CDATA[[Ljava.lang.Object;@6b0d80ed]]>
              </value>
            </param>
          </params>
          <reporter-output>
          </reporter-output>
        </test-method> <!-- bm -->
        <test-method status="PASS" signature="test(java.lang.String, java.lang.String, java.lang.String, java.lang.String, java.lang.String)[pri:0, instance:core.ElementsValidationTest2@3ffc5af1]" test-instance-name="Dynamic text (os &amp; browser)" name="test" duration-ms="65" started-at="2017-02-24T20:03:24Z" data-provider="dp" finished-at="2017-02-24T20:03:24Z">
          <params>
            <param index="0">
              <value>
                <![CDATA[Label (email address)]]>
              </value>
            </param>
            <param index="1">
              <value>
                <![CDATA[index.php]]>
              </value>
            </param>
            <param index="2">
              <value>
                <![CDATA[id_f_label_ea]]>
              </value>
            </param>
            <param index="3">
              <value>
                <![CDATA[(137, 25)]]>
              </value>
            </param>
            <param index="4">
              <value>
                <![CDATA[(560, 232)]]>
              </value>
            </param>
          </params>
          <reporter-output>
          </reporter-output>
        </test-method> <!-- test -->
        <test-method status="PASS" signature="bm(java.lang.reflect.Method, [Ljava.lang.Object;)[pri:0, instance:core.ElementsValidationTest2@3ffc5af1]" test-instance-name="Dynamic text (os &amp; browser)" name="bm" is-config="true" duration-ms="1" started-at="2017-02-24T20:03:24Z" finished-at="2017-02-24T20:03:24Z">
          <params>
            <param index="0">
              <value>
                <![CDATA[public void core.ElementsValidationTest2.test(java.lang.String,java.lang.String,java.lang.String,java.lang.String,java.lang.String) throws java.io.IOException]]>
              </value>
            </param>
            <param index="1">
              <value>
                <![CDATA[[Ljava.lang.Object;@6f8e8894]]>
              </value>
            </param>
          </params>
          <reporter-output>
          </reporter-output>
        </test-method> <!-- bm -->
        <test-method status="PASS" signature="test(java.lang.String, java.lang.String, java.lang.String, java.lang.String, java.lang.String)[pri:0, instance:core.ElementsValidationTest2@3ffc5af1]" test-instance-name="Dynamic text (os &amp; browser)" name="test" duration-ms="206" started-at="2017-02-24T20:03:24Z" data-provider="dp" finished-at="2017-02-24T20:03:24Z">
          <params>
            <param index="0">
              <value>
                <![CDATA[Field (email address)]]>
              </value>
            </param>
            <param index="1">
              <value>
                <![CDATA[index.php]]>
              </value>
            </param>
            <param index="2">
              <value>
                <![CDATA[id_email]]>
              </value>
            </param>
            <param index="3">
              <value>
                <![CDATA[(356, 43)]]>
              </value>
            </param>
            <param index="4">
              <value>
                <![CDATA[(560, 263)]]>
              </value>
            </param>
          </params>
          <reporter-output>
          </reporter-output>
        </test-method> <!-- test -->
        <test-method status="PASS" signature="bm(java.lang.reflect.Method, [Ljava.lang.Object;)[pri:0, instance:core.ElementsValidationTest2@3ffc5af1]" test-instance-name="Dynamic text (os &amp; browser)" name="bm" is-config="true" duration-ms="0" started-at="2017-02-24T20:03:24Z" finished-at="2017-02-24T20:03:24Z">
          <params>
            <param index="0">
              <value>
                <![CDATA[public void core.ElementsValidationTest2.test(java.lang.String,java.lang.String,java.lang.String,java.lang.String,java.lang.String) throws java.io.IOException]]>
              </value>
            </param>
            <param index="1">
              <value>
                <![CDATA[[Ljava.lang.Object;@3cfdd820]]>
              </value>
            </param>
          </params>
          <reporter-output>
          </reporter-output>
        </test-method> <!-- bm -->
        <test-method status="PASS" signature="test(java.lang.String, java.lang.String, java.lang.String, java.lang.String, java.lang.String)[pri:0, instance:core.ElementsValidationTest2@3ffc5af1]" test-instance-name="Dynamic text (os &amp; browser)" name="test" duration-ms="63" started-at="2017-02-24T20:03:24Z" data-provider="dp" finished-at="2017-02-24T20:03:24Z">
          <params>
            <param index="0">
              <value>
                <![CDATA[Label (phone number)]]>
              </value>
            </param>
            <param index="1">
              <value>
                <![CDATA[index.php]]>
              </value>
            </param>
            <param index="2">
              <value>
                <![CDATA[id_f_label_pn]]>
              </value>
            </param>
            <param index="3">
              <value>
                <![CDATA[(143, 25)]]>
              </value>
            </param>
            <param index="4">
              <value>
                <![CDATA[(985, 232)]]>
              </value>
            </param>
          </params>
          <reporter-output>
          </reporter-output>
        </test-method> <!-- test -->
        <test-method status="PASS" signature="test(java.lang.String, java.lang.String, java.lang.String, java.lang.String, java.lang.String)[pri:0, instance:core.ElementsValidationTest2@3ffc5af1]" test-instance-name="Dynamic text (os &amp; browser)" name="test" duration-ms="86" started-at="2017-02-24T20:03:24Z" data-provider="dp" finished-at="2017-02-24T20:03:24Z">
          <params>
            <param index="0">
              <value>
                <![CDATA[Field (phone number)]]>
              </value>
            </param>
            <param index="1">
              <value>
                <![CDATA[index.php]]>
              </value>
            </param>
            <param index="2">
              <value>
                <![CDATA[id_phone]]>
              </value>
            </param>
            <param index="3">
              <value>
                <![CDATA[(356, 43)]]>
              </value>
            </param>
            <param index="4">
              <value>
                <![CDATA[(985, 263)]]>
              </value>
            </param>
          </params>
          <reporter-output>
          </reporter-output>
        </test-method> <!-- test -->
        <test-method status="PASS" signature="bm(java.lang.reflect.Method, [Ljava.lang.Object;)[pri:0, instance:core.ElementsValidationTest2@3ffc5af1]" test-instance-name="Dynamic text (os &amp; browser)" name="bm" is-config="true" duration-ms="0" started-at="2017-02-24T20:03:24Z" finished-at="2017-02-24T20:03:24Z">
          <params>
            <param index="0">
              <value>
                <![CDATA[public void core.ElementsValidationTest2.test(java.lang.String,java.lang.String,java.lang.String,java.lang.String,java.lang.String) throws java.io.IOException]]>
              </value>
            </param>
            <param index="1">
              <value>
                <![CDATA[[Ljava.lang.Object;@928763c]]>
              </value>
            </param>
          </params>
          <reporter-output>
          </reporter-output>
        </test-method> <!-- bm -->
        <test-method status="PASS" signature="bm(java.lang.reflect.Method, [Ljava.lang.Object;)[pri:0, instance:core.ElementsValidationTest2@3ffc5af1]" test-instance-name="Dynamic text (os &amp; browser)" name="bm" is-config="true" duration-ms="1" started-at="2017-02-24T20:03:24Z" finished-at="2017-02-24T20:03:24Z">
          <params>
            <param index="0">
              <value>
                <![CDATA[public void core.ElementsValidationTest2.test(java.lang.String,java.lang.String,java.lang.String,java.lang.String,java.lang.String) throws java.io.IOException]]>
              </value>
            </param>
            <param index="1">
              <value>
                <![CDATA[[Ljava.lang.Object;@e25951c]]>
              </value>
            </param>
          </params>
          <reporter-output>
          </reporter-output>
        </test-method> <!-- bm -->
        <test-method status="PASS" signature="test(java.lang.String, java.lang.String, java.lang.String, java.lang.String, java.lang.String)[pri:0, instance:core.ElementsValidationTest2@3ffc5af1]" test-instance-name="Dynamic text (os &amp; browser)" name="test" duration-ms="104" started-at="2017-02-24T20:03:24Z" data-provider="dp" finished-at="2017-02-24T20:03:24Z">
          <params>
            <param index="0">
              <value>
                <![CDATA[Label (radio male)]]>
              </value>
            </param>
            <param index="1">
              <value>
                <![CDATA[index.php]]>
              </value>
            </param>
            <param index="2">
              <value>
                <![CDATA[id_r_label_m]]>
              </value>
            </param>
            <param index="3">
              <value>
                <![CDATA[(43, 24)]]>
              </value>
            </param>
            <param index="4">
              <value>
                <![CDATA[(611, 355)]]>
              </value>
            </param>
          </params>
          <reporter-output>
          </reporter-output>
        </test-method> <!-- test -->
        <test-method status="PASS" signature="test(java.lang.String, java.lang.String, java.lang.String, java.lang.String, java.lang.String)[pri:0, instance:core.ElementsValidationTest2@3ffc5af1]" test-instance-name="Dynamic text (os &amp; browser)" name="test" duration-ms="64" started-at="2017-02-24T20:03:24Z" data-provider="dp" finished-at="2017-02-24T20:03:24Z">
          <params>
            <param index="0">
              <value>
                <![CDATA[Radio Button (male)]]>
              </value>
            </param>
            <param index="1">
              <value>
                <![CDATA[index.php]]>
              </value>
            </param>
            <param index="2">
              <value>
                <![CDATA[id_g_radio_01]]>
              </value>
            </param>
            <param index="3">
              <value>
                <![CDATA[(26, 26)]]>
              </value>
            </param>
            <param index="4">
              <value>
                <![CDATA[(571, 354)]]>
              </value>
            </param>
          </params>
          <reporter-output>
          </reporter-output>
        </test-method> <!-- test -->
        <test-method status="PASS" signature="bm(java.lang.reflect.Method, [Ljava.lang.Object;)[pri:0, instance:core.ElementsValidationTest2@3ffc5af1]" test-instance-name="Dynamic text (os &amp; browser)" name="bm" is-config="true" duration-ms="0" started-at="2017-02-24T20:03:24Z" finished-at="2017-02-24T20:03:24Z">
          <params>
            <param index="0">
              <value>
                <![CDATA[public void core.ElementsValidationTest2.test(java.lang.String,java.lang.String,java.lang.String,java.lang.String,java.lang.String) throws java.io.IOException]]>
              </value>
            </param>
            <param index="1">
              <value>
                <![CDATA[[Ljava.lang.Object;@15f47664]]>
              </value>
            </param>
          </params>
          <reporter-output>
          </reporter-output>
        </test-method> <!-- bm -->
        <test-method status="PASS" signature="bm(java.lang.reflect.Method, [Ljava.lang.Object;)[pri:0, instance:core.ElementsValidationTest2@3ffc5af1]" test-instance-name="Dynamic text (os &amp; browser)" name="bm" is-config="true" duration-ms="1" started-at="2017-02-24T20:03:24Z" finished-at="2017-02-24T20:03:24Z">
          <params>
            <param index="0">
              <value>
                <![CDATA[public void core.ElementsValidationTest2.test(java.lang.String,java.lang.String,java.lang.String,java.lang.String,java.lang.String) throws java.io.IOException]]>
              </value>
            </param>
            <param index="1">
              <value>
                <![CDATA[[Ljava.lang.Object;@471a9022]]>
              </value>
            </param>
          </params>
          <reporter-output>
          </reporter-output>
        </test-method> <!-- bm -->
        <test-method status="PASS" signature="test(java.lang.String, java.lang.String, java.lang.String, java.lang.String, java.lang.String)[pri:0, instance:core.ElementsValidationTest2@3ffc5af1]" test-instance-name="Dynamic text (os &amp; browser)" name="test" duration-ms="170" started-at="2017-02-24T20:03:24Z" data-provider="dp" finished-at="2017-02-24T20:03:24Z">
          <params>
            <param index="0">
              <value>
                <![CDATA[Label (radio female)]]>
              </value>
            </param>
            <param index="1">
              <value>
                <![CDATA[index.php]]>
              </value>
            </param>
            <param index="2">
              <value>
                <![CDATA[id_r_label_f]]>
              </value>
            </param>
            <param index="3">
              <value>
                <![CDATA[(66, 24)]]>
              </value>
            </param>
            <param index="4">
              <value>
                <![CDATA[(791, 355)]]>
              </value>
            </param>
          </params>
          <reporter-output>
          </reporter-output>
        </test-method> <!-- test -->
        <test-method status="PASS" signature="test(java.lang.String, java.lang.String, java.lang.String, java.lang.String, java.lang.String)[pri:0, instance:core.ElementsValidationTest2@3ffc5af1]" test-instance-name="Dynamic text (os &amp; browser)" name="test" duration-ms="83" started-at="2017-02-24T20:03:24Z" data-provider="dp" finished-at="2017-02-24T20:03:25Z">
          <params>
            <param index="0">
              <value>
                <![CDATA[Radio Button (female)]]>
              </value>
            </param>
            <param index="1">
              <value>
                <![CDATA[index.php]]>
              </value>
            </param>
            <param index="2">
              <value>
                <![CDATA[id_g_radio_02]]>
              </value>
            </param>
            <param index="3">
              <value>
                <![CDATA[(26, 26)]]>
              </value>
            </param>
            <param index="4">
              <value>
                <![CDATA[(751, 354)]]>
              </value>
            </param>
          </params>
          <reporter-output>
          </reporter-output>
        </test-method> <!-- test -->
        <test-method status="PASS" signature="bm(java.lang.reflect.Method, [Ljava.lang.Object;)[pri:0, instance:core.ElementsValidationTest2@3ffc5af1]" test-instance-name="Dynamic text (os &amp; browser)" name="bm" is-config="true" duration-ms="0" started-at="2017-02-24T20:03:24Z" finished-at="2017-02-24T20:03:24Z">
          <params>
            <param index="0">
              <value>
                <![CDATA[public void core.ElementsValidationTest2.test(java.lang.String,java.lang.String,java.lang.String,java.lang.String,java.lang.String) throws java.io.IOException]]>
              </value>
            </param>
            <param index="1">
              <value>
                <![CDATA[[Ljava.lang.Object;@dc9876b]]>
              </value>
            </param>
          </params>
          <reporter-output>
          </reporter-output>
        </test-method> <!-- bm -->
        <test-method status="PASS" signature="bm(java.lang.reflect.Method, [Ljava.lang.Object;)[pri:0, instance:core.ElementsValidationTest2@3ffc5af1]" test-instance-name="Dynamic text (os &amp; browser)" name="bm" is-config="true" duration-ms="0" started-at="2017-02-24T20:03:25Z" finished-at="2017-02-24T20:03:25Z">
          <params>
            <param index="0">
              <value>
                <![CDATA[public void core.ElementsValidationTest2.test(java.lang.String,java.lang.String,java.lang.String,java.lang.String,java.lang.String) throws java.io.IOException]]>
              </value>
            </param>
            <param index="1">
              <value>
                <![CDATA[[Ljava.lang.Object;@2f666ebb]]>
              </value>
            </param>
          </params>
          <reporter-output>
          </reporter-output>
        </test-method> <!-- bm -->
        <test-method status="PASS" signature="test(java.lang.String, java.lang.String, java.lang.String, java.lang.String, java.lang.String)[pri:0, instance:core.ElementsValidationTest2@3ffc5af1]" test-instance-name="Dynamic text (os &amp; browser)" name="test" duration-ms="73" started-at="2017-02-24T20:03:25Z" data-provider="dp" finished-at="2017-02-24T20:03:25Z">
          <params>
            <param index="0">
              <value>
                <![CDATA[Label (state)]]>
              </value>
            </param>
            <param index="1">
              <value>
                <![CDATA[index.php]]>
              </value>
            </param>
            <param index="2">
              <value>
                <![CDATA[id_f_label_s]]>
              </value>
            </param>
            <param index="3">
              <value>
                <![CDATA[(49, 25)]]>
              </value>
            </param>
            <param index="4">
              <value>
                <![CDATA[(985, 312)]]>
              </value>
            </param>
          </params>
          <reporter-output>
          </reporter-output>
        </test-method> <!-- test -->
        <test-method status="PASS" signature="bm(java.lang.reflect.Method, [Ljava.lang.Object;)[pri:0, instance:core.ElementsValidationTest2@3ffc5af1]" test-instance-name="Dynamic text (os &amp; browser)" name="bm" is-config="true" duration-ms="1" started-at="2017-02-24T20:03:25Z" finished-at="2017-02-24T20:03:25Z">
          <params>
            <param index="0">
              <value>
                <![CDATA[public void core.ElementsValidationTest2.test(java.lang.String,java.lang.String,java.lang.String,java.lang.String,java.lang.String) throws java.io.IOException]]>
              </value>
            </param>
            <param index="1">
              <value>
                <![CDATA[[Ljava.lang.Object;@19976a65]]>
              </value>
            </param>
          </params>
          <reporter-output>
          </reporter-output>
        </test-method> <!-- bm -->
        <test-method status="PASS" signature="test(java.lang.String, java.lang.String, java.lang.String, java.lang.String, java.lang.String)[pri:0, instance:core.ElementsValidationTest2@3ffc5af1]" test-instance-name="Dynamic text (os &amp; browser)" name="test" duration-ms="124" started-at="2017-02-24T20:03:25Z" data-provider="dp" finished-at="2017-02-24T20:03:25Z">
          <params>
            <param index="0">
              <value>
                <![CDATA[Drop-down List (state)]]>
              </value>
            </param>
            <param index="1">
              <value>
                <![CDATA[index.php]]>
              </value>
            </param>
            <param index="2">
              <value>
                <![CDATA[id_state]]>
              </value>
            </param>
            <param index="3">
              <value>
                <![CDATA[(346, 45)]]>
              </value>
            </param>
            <param index="4">
              <value>
                <![CDATA[(985, 342)]]>
              </value>
            </param>
          </params>
          <reporter-output>
          </reporter-output>
        </test-method> <!-- test -->
        <test-method status="PASS" signature="test(java.lang.String, java.lang.String, java.lang.String, java.lang.String, java.lang.String)[pri:0, instance:core.ElementsValidationTest2@3ffc5af1]" test-instance-name="Dynamic text (os &amp; browser)" name="test" duration-ms="62" started-at="2017-02-24T20:03:25Z" data-provider="dp" finished-at="2017-02-24T20:03:25Z">
          <params>
            <param index="0">
              <value>
                <![CDATA[Label (I agree to the Terms)]]>
              </value>
            </param>
            <param index="1">
              <value>
                <![CDATA[index.php]]>
              </value>
            </param>
            <param index="2">
              <value>
                <![CDATA[id_cb_label]]>
              </value>
            </param>
            <param index="3">
              <value>
                <![CDATA[(231, 30)]]>
              </value>
            </param>
            <param index="4">
              <value>
                <![CDATA[(603, 415)]]>
              </value>
            </param>
          </params>
          <reporter-output>
          </reporter-output>
        </test-method> <!-- test -->
        <test-method status="PASS" signature="bm(java.lang.reflect.Method, [Ljava.lang.Object;)[pri:0, instance:core.ElementsValidationTest2@3ffc5af1]" test-instance-name="Dynamic text (os &amp; browser)" name="bm" is-config="true" duration-ms="0" started-at="2017-02-24T20:03:25Z" finished-at="2017-02-24T20:03:25Z">
          <params>
            <param index="0">
              <value>
                <![CDATA[public void core.ElementsValidationTest2.test(java.lang.String,java.lang.String,java.lang.String,java.lang.String,java.lang.String) throws java.io.IOException]]>
              </value>
            </param>
            <param index="1">
              <value>
                <![CDATA[[Ljava.lang.Object;@a1f72f5]]>
              </value>
            </param>
          </params>
          <reporter-output>
          </reporter-output>
        </test-method> <!-- bm -->
        <test-method status="PASS" signature="bm(java.lang.reflect.Method, [Ljava.lang.Object;)[pri:0, instance:core.ElementsValidationTest2@3ffc5af1]" test-instance-name="Dynamic text (os &amp; browser)" name="bm" is-config="true" duration-ms="0" started-at="2017-02-24T20:03:25Z" finished-at="2017-02-24T20:03:25Z">
          <params>
            <param index="0">
              <value>
                <![CDATA[public void core.ElementsValidationTest2.test(java.lang.String,java.lang.String,java.lang.String,java.lang.String,java.lang.String) throws java.io.IOException]]>
              </value>
            </param>
            <param index="1">
              <value>
                <![CDATA[[Ljava.lang.Object;@4b2c5e02]]>
              </value>
            </param>
          </params>
          <reporter-output>
          </reporter-output>
        </test-method> <!-- bm -->
        <test-method status="PASS" signature="test(java.lang.String, java.lang.String, java.lang.String, java.lang.String, java.lang.String)[pri:0, instance:core.ElementsValidationTest2@3ffc5af1]" test-instance-name="Dynamic text (os &amp; browser)" name="test" duration-ms="57" started-at="2017-02-24T20:03:25Z" data-provider="dp" finished-at="2017-02-24T20:03:25Z">
          <params>
            <param index="0">
              <value>
                <![CDATA[Checkbox (terms)]]>
              </value>
            </param>
            <param index="1">
              <value>
                <![CDATA[index.php]]>
              </value>
            </param>
            <param index="2">
              <value>
                <![CDATA[id_checkbox]]>
              </value>
            </param>
            <param index="3">
              <value>
                <![CDATA[(26, 26)]]>
              </value>
            </param>
            <param index="4">
              <value>
                <![CDATA[(560, 419)]]>
              </value>
            </param>
          </params>
          <reporter-output>
          </reporter-output>
        </test-method> <!-- test -->
        <test-method status="PASS" signature="bm(java.lang.reflect.Method, [Ljava.lang.Object;)[pri:0, instance:core.ElementsValidationTest2@3ffc5af1]" test-instance-name="Dynamic text (os &amp; browser)" name="bm" is-config="true" duration-ms="0" started-at="2017-02-24T20:03:25Z" finished-at="2017-02-24T20:03:25Z">
          <params>
            <param index="0">
              <value>
                <![CDATA[public void core.ElementsValidationTest2.test(java.lang.String,java.lang.String,java.lang.String,java.lang.String,java.lang.String) throws java.io.IOException]]>
              </value>
            </param>
            <param index="1">
              <value>
                <![CDATA[[Ljava.lang.Object;@57a3e26a]]>
              </value>
            </param>
          </params>
          <reporter-output>
          </reporter-output>
        </test-method> <!-- bm -->
        <test-method status="PASS" signature="test(java.lang.String, java.lang.String, java.lang.String, java.lang.String, java.lang.String)[pri:0, instance:core.ElementsValidationTest2@3ffc5af1]" test-instance-name="Dynamic text (os &amp; browser)" name="test" duration-ms="61" started-at="2017-02-24T20:03:25Z" data-provider="dp" finished-at="2017-02-24T20:03:25Z">
          <params>
            <param index="0">
              <value>
                <![CDATA[Image (facebook)]]>
              </value>
            </param>
            <param index="1">
              <value>
                <![CDATA[index.php]]>
              </value>
            </param>
            <param index="2">
              <value>
                <![CDATA[id_img_facebook]]>
              </value>
            </param>
            <param index="3">
              <value>
                <![CDATA[(60, 60)]]>
              </value>
            </param>
            <param index="4">
              <value>
                <![CDATA[(560, 477)]]>
              </value>
            </param>
          </params>
          <reporter-output>
          </reporter-output>
        </test-method> <!-- test -->
        <test-method status="PASS" signature="bm(java.lang.reflect.Method, [Ljava.lang.Object;)[pri:0, instance:core.ElementsValidationTest2@3ffc5af1]" test-instance-name="Dynamic text (os &amp; browser)" name="bm" is-config="true" duration-ms="0" started-at="2017-02-24T20:03:25Z" finished-at="2017-02-24T20:03:25Z">
          <params>
            <param index="0">
              <value>
                <![CDATA[public void core.ElementsValidationTest2.test(java.lang.String,java.lang.String,java.lang.String,java.lang.String,java.lang.String) throws java.io.IOException]]>
              </value>
            </param>
            <param index="1">
              <value>
                <![CDATA[[Ljava.lang.Object;@75c56eb9]]>
              </value>
            </param>
          </params>
          <reporter-output>
          </reporter-output>
        </test-method> <!-- bm -->
        <test-method status="PASS" signature="test(java.lang.String, java.lang.String, java.lang.String, java.lang.String, java.lang.String)[pri:0, instance:core.ElementsValidationTest2@3ffc5af1]" test-instance-name="Dynamic text (os &amp; browser)" name="test" duration-ms="67" started-at="2017-02-24T20:03:25Z" data-provider="dp" finished-at="2017-02-24T20:03:25Z">
          <params>
            <param index="0">
              <value>
                <![CDATA[Image (twitter)]]>
              </value>
            </param>
            <param index="1">
              <value>
                <![CDATA[index.php]]>
              </value>
            </param>
            <param index="2">
              <value>
                <![CDATA[id_img_twitter]]>
              </value>
            </param>
            <param index="3">
              <value>
                <![CDATA[(60, 60)]]>
              </value>
            </param>
            <param index="4">
              <value>
                <![CDATA[(628, 477)]]>
              </value>
            </param>
          </params>
          <reporter-output>
          </reporter-output>
        </test-method> <!-- test -->
        <test-method status="PASS" signature="bm(java.lang.reflect.Method, [Ljava.lang.Object;)[pri:0, instance:core.ElementsValidationTest2@3ffc5af1]" test-instance-name="Dynamic text (os &amp; browser)" name="bm" is-config="true" duration-ms="0" started-at="2017-02-24T20:03:25Z" finished-at="2017-02-24T20:03:25Z">
          <params>
            <param index="0">
              <value>
                <![CDATA[public void core.ElementsValidationTest2.test(java.lang.String,java.lang.String,java.lang.String,java.lang.String,java.lang.String) throws java.io.IOException]]>
              </value>
            </param>
            <param index="1">
              <value>
                <![CDATA[[Ljava.lang.Object;@4bc222e]]>
              </value>
            </param>
          </params>
          <reporter-output>
          </reporter-output>
        </test-method> <!-- bm -->
        <test-method status="PASS" signature="test(java.lang.String, java.lang.String, java.lang.String, java.lang.String, java.lang.String)[pri:0, instance:core.ElementsValidationTest2@3ffc5af1]" test-instance-name="Dynamic text (os &amp; browser)" name="test" duration-ms="114" started-at="2017-02-24T20:03:25Z" data-provider="dp" finished-at="2017-02-24T20:03:25Z">
          <params>
            <param index="0">
              <value>
                <![CDATA[Image (flickr)]]>
              </value>
            </param>
            <param index="1">
              <value>
                <![CDATA[index.php]]>
              </value>
            </param>
            <param index="2">
              <value>
                <![CDATA[id_img_flickr]]>
              </value>
            </param>
            <param index="3">
              <value>
                <![CDATA[(60, 60)]]>
              </value>
            </param>
            <param index="4">
              <value>
                <![CDATA[(697, 477)]]>
              </value>
            </param>
          </params>
          <reporter-output>
          </reporter-output>
        </test-method> <!-- test -->
        <test-method status="PASS" signature="bm(java.lang.reflect.Method, [Ljava.lang.Object;)[pri:0, instance:core.ElementsValidationTest2@3ffc5af1]" test-instance-name="Dynamic text (os &amp; browser)" name="bm" is-config="true" duration-ms="1" started-at="2017-02-24T20:03:25Z" finished-at="2017-02-24T20:03:25Z">
          <params>
            <param index="0">
              <value>
                <![CDATA[public void core.ElementsValidationTest2.test(java.lang.String,java.lang.String,java.lang.String,java.lang.String,java.lang.String) throws java.io.IOException]]>
              </value>
            </param>
            <param index="1">
              <value>
                <![CDATA[[Ljava.lang.Object;@2dc9b0f5]]>
              </value>
            </param>
          </params>
          <reporter-output>
          </reporter-output>
        </test-method> <!-- bm -->
        <test-method status="PASS" signature="test(java.lang.String, java.lang.String, java.lang.String, java.lang.String, java.lang.String)[pri:0, instance:core.ElementsValidationTest2@3ffc5af1]" test-instance-name="Dynamic text (os &amp; browser)" name="test" duration-ms="117" started-at="2017-02-24T20:03:25Z" data-provider="dp" finished-at="2017-02-24T20:03:25Z">
          <params>
            <param index="0">
              <value>
                <![CDATA[Image (youtube)]]>
              </value>
            </param>
            <param index="1">
              <value>
                <![CDATA[index.php]]>
              </value>
            </param>
            <param index="2">
              <value>
                <![CDATA[id_img_youtube]]>
              </value>
            </param>
            <param index="3">
              <value>
                <![CDATA[(60, 60)]]>
              </value>
            </param>
            <param index="4">
              <value>
                <![CDATA[(766, 477)]]>
              </value>
            </param>
          </params>
          <reporter-output>
          </reporter-output>
        </test-method> <!-- test -->
        <test-method status="PASS" signature="bm(java.lang.reflect.Method, [Ljava.lang.Object;)[pri:0, instance:core.ElementsValidationTest2@3ffc5af1]" test-instance-name="Dynamic text (os &amp; browser)" name="bm" is-config="true" duration-ms="1" started-at="2017-02-24T20:03:25Z" finished-at="2017-02-24T20:03:25Z">
          <params>
            <param index="0">
              <value>
                <![CDATA[public void core.ElementsValidationTest2.test(java.lang.String,java.lang.String,java.lang.String,java.lang.String,java.lang.String) throws java.io.IOException]]>
              </value>
            </param>
            <param index="1">
              <value>
                <![CDATA[[Ljava.lang.Object;@6531a794]]>
              </value>
            </param>
          </params>
          <reporter-output>
          </reporter-output>
        </test-method> <!-- bm -->
        <test-method status="PASS" signature="test(java.lang.String, java.lang.String, java.lang.String, java.lang.String, java.lang.String)[pri:0, instance:core.ElementsValidationTest2@3ffc5af1]" test-instance-name="Dynamic text (os &amp; browser)" name="test" duration-ms="65" started-at="2017-02-24T20:03:25Z" data-provider="dp" finished-at="2017-02-24T20:03:25Z">
          <params>
            <param index="0">
              <value>
                <![CDATA[Button (Reset)]]>
              </value>
            </param>
            <param index="1">
              <value>
                <![CDATA[index.php]]>
              </value>
            </param>
            <param index="2">
              <value>
                <![CDATA[id_reset_button]]>
              </value>
            </param>
            <param index="3">
              <value>
                <![CDATA[(110, 41)]]>
              </value>
            </param>
            <param index="4">
              <value>
                <![CDATA[(986, 492)]]>
              </value>
            </param>
          </params>
          <reporter-output>
          </reporter-output>
        </test-method> <!-- test -->
        <test-method status="PASS" signature="test(java.lang.String, java.lang.String, java.lang.String, java.lang.String, java.lang.String)[pri:0, instance:core.ElementsValidationTest2@3ffc5af1]" test-instance-name="Dynamic text (os &amp; browser)" name="test" duration-ms="138" started-at="2017-02-24T20:03:25Z" data-provider="dp" finished-at="2017-02-24T20:03:25Z">
          <params>
            <param index="0">
              <value>
                <![CDATA[Button (Submit)]]>
              </value>
            </param>
            <param index="1">
              <value>
                <![CDATA[index.php]]>
              </value>
            </param>
            <param index="2">
              <value>
                <![CDATA[id_submit_button]]>
              </value>
            </param>
            <param index="3">
              <value>
                <![CDATA[(123, 41)]]>
              </value>
            </param>
            <param index="4">
              <value>
                <![CDATA[(1235, 492)]]>
              </value>
            </param>
          </params>
          <reporter-output>
          </reporter-output>
        </test-method> <!-- test -->
        <test-method status="PASS" signature="bm(java.lang.reflect.Method, [Ljava.lang.Object;)[pri:0, instance:core.ElementsValidationTest2@3ffc5af1]" test-instance-name="Dynamic text (os &amp; browser)" name="bm" is-config="true" duration-ms="0" started-at="2017-02-24T20:03:25Z" finished-at="2017-02-24T20:03:25Z">
          <params>
            <param index="0">
              <value>
                <![CDATA[public void core.ElementsValidationTest2.test(java.lang.String,java.lang.String,java.lang.String,java.lang.String,java.lang.String) throws java.io.IOException]]>
              </value>
            </param>
            <param index="1">
              <value>
                <![CDATA[[Ljava.lang.Object;@3b5fad2d]]>
              </value>
            </param>
          </params>
          <reporter-output>
          </reporter-output>
        </test-method> <!-- bm -->
        <test-method status="PASS" signature="test(java.lang.String, java.lang.String, java.lang.String, java.lang.String, java.lang.String)[pri:0, instance:core.ElementsValidationTest2@3ffc5af1]" test-instance-name="Dynamic text (os &amp; browser)" name="test" duration-ms="102" started-at="2017-02-24T20:03:25Z" data-provider="dp" finished-at="2017-02-24T20:03:26Z">
          <params>
            <param index="0">
              <value>
                <![CDATA[Dynamic text (today\u2019s date)]]>
              </value>
            </param>
            <param index="1">
              <value>
                <![CDATA[index.php]]>
              </value>
            </param>
            <param index="2">
              <value>
                <![CDATA[timestamp]]>
              </value>
            </param>
            <param index="3">
              <value>
                <![CDATA[(290, 24)]]>
              </value>
            </param>
            <param index="4">
              <value>
                <![CDATA[(535, 551)]]>
              </value>
            </param>
          </params>
          <reporter-output>
          </reporter-output>
        </test-method> <!-- test -->
        <test-method status="PASS" signature="bm(java.lang.reflect.Method, [Ljava.lang.Object;)[pri:0, instance:core.ElementsValidationTest2@3ffc5af1]" test-instance-name="Dynamic text (os &amp; browser)" name="bm" is-config="true" duration-ms="0" started-at="2017-02-24T20:03:25Z" finished-at="2017-02-24T20:03:25Z">
          <params>
            <param index="0">
              <value>
                <![CDATA[public void core.ElementsValidationTest2.test(java.lang.String,java.lang.String,java.lang.String,java.lang.String,java.lang.String) throws java.io.IOException]]>
              </value>
            </param>
            <param index="1">
              <value>
                <![CDATA[[Ljava.lang.Object;@5e17553a]]>
              </value>
            </param>
          </params>
          <reporter-output>
          </reporter-output>
        </test-method> <!-- bm -->
        <test-method status="PASS" signature="bm(java.lang.reflect.Method, [Ljava.lang.Object;)[pri:0, instance:core.ElementsValidationTest2@3ffc5af1]" test-instance-name="Dynamic text (os &amp; browser)" name="bm" is-config="true" duration-ms="1" started-at="2017-02-24T20:03:26Z" finished-at="2017-02-24T20:03:26Z">
          <params>
            <param index="0">
              <value>
                <![CDATA[public void core.ElementsValidationTest2.test(java.lang.String,java.lang.String,java.lang.String,java.lang.String,java.lang.String) throws java.io.IOException]]>
              </value>
            </param>
            <param index="1">
              <value>
                <![CDATA[[Ljava.lang.Object;@3eb91815]]>
              </value>
            </param>
          </params>
          <reporter-output>
          </reporter-output>
        </test-method> <!-- bm -->
        <test-method status="PASS" signature="test(java.lang.String, java.lang.String, java.lang.String, java.lang.String, java.lang.String)[pri:0, instance:core.ElementsValidationTest2@3ffc5af1]" test-instance-name="Dynamic text (os &amp; browser)" name="test" duration-ms="61" started-at="2017-02-24T20:03:26Z" data-provider="dp" finished-at="2017-02-24T20:03:26Z">
          <params>
            <param index="0">
              <value>
                <![CDATA[Dynamic text (copyright)]]>
              </value>
            </param>
            <param index="1">
              <value>
                <![CDATA[index.php]]>
              </value>
            </param>
            <param index="2">
              <value>
                <![CDATA[copyright]]>
              </value>
            </param>
            <param index="3">
              <value>
                <![CDATA[(250, 24)]]>
              </value>
            </param>
            <param index="4">
              <value>
                <![CDATA[(825, 551)]]>
              </value>
            </param>
          </params>
          <reporter-output>
          </reporter-output>
        </test-method> <!-- test -->
        <test-method status="PASS" signature="test(java.lang.String, java.lang.String, java.lang.String, java.lang.String, java.lang.String)[pri:0, instance:core.ElementsValidationTest2@3ffc5af1]" test-instance-name="Dynamic text (os &amp; browser)" name="test" duration-ms="54" started-at="2017-02-24T20:03:26Z" data-provider="dp" finished-at="2017-02-24T20:03:26Z">
          <params>
            <param index="0">
              <value>
                <![CDATA[Dynamic text (os & browser)]]>
              </value>
            </param>
            <param index="1">
              <value>
                <![CDATA[index.php]]>
              </value>
            </param>
            <param index="2">
              <value>
                <![CDATA[os_browser]]>
              </value>
            </param>
            <param index="3">
              <value>
                <![CDATA[(310, 24)]]>
              </value>
            </param>
            <param index="4">
              <value>
                <![CDATA[(1075, 551)]]>
              </value>
            </param>
          </params>
          <reporter-output>
          </reporter-output>
        </test-method> <!-- test -->
        <test-method status="PASS" signature="bm(java.lang.reflect.Method, [Ljava.lang.Object;)[pri:0, instance:core.ElementsValidationTest2@3ffc5af1]" test-instance-name="Dynamic text (os &amp; browser)" name="bm" is-config="true" duration-ms="0" started-at="2017-02-24T20:03:26Z" finished-at="2017-02-24T20:03:26Z">
          <params>
            <param index="0">
              <value>
                <![CDATA[public void core.ElementsValidationTest2.test(java.lang.String,java.lang.String,java.lang.String,java.lang.String,java.lang.String) throws java.io.IOException]]>
              </value>
            </param>
            <param index="1">
              <value>
                <![CDATA[[Ljava.lang.Object;@56dc1551]]>
              </value>
            </param>
          </params>
          <reporter-output>
          </reporter-output>
        </test-method> <!-- bm -->
        <test-method status="PASS" signature="am()[pri:0, instance:core.ElementsValidationTest2@3ffc5af1]" test-instance-name="" name="am" is-config="true" duration-ms="1954" started-at="2017-02-24T20:03:26Z" finished-at="2017-02-24T20:03:28Z">
          <reporter-output>
          </reporter-output>
        </test-method> <!-- am -->
      </class> <!-- core.ElementsValidationTest2 -->
    </test> <!-- Default test -->
  </suite> <!-- Default suite -->
</testng-results>
